\BOOKMARK [0][-]{chapter.1}{\376\377\000A\000l\000t\000a\000s\000\040\000C\000a\000p\000a\000c\000i\000d\000a\000d\000e\000s\000\040\000e\000n\000\040\000l\000a\000\040\000E\000d\000a\000d\000\040\000A\000d\000u\000l\000t\000a\000:\000\040\000E\000m\000o\000c\000i\000o\000n\000e\000s\000\040\000y\000\040\000B\000i\000e\000n\000e\000s\000t\000a\000r}{}% 1
\BOOKMARK [0][-]{chapter.2}{\376\377\000C\000o\000m\000o\000r\000b\000i\000l\000i\000d\000a\000d\000\040\000y\000\040\000N\000e\000u\000r\000o\000d\000i\000v\000e\000r\000s\000i\000d\000a\000d\000\040\000e\000n\000\040\000A\000d\000u\000l\000t\000o\000s\000\040\000S\000u\000p\000e\000r\000d\000o\000t\000a\000d\000o\000s}{}% 2
\BOOKMARK [1][-]{section.2.1}{\376\377\000P\000a\000n\000e\000l\000\040\000M\000u\000l\000t\000i\000d\000i\000s\000c\000i\000p\000l\000i\000n\000a\000r\000\040\000d\000e\000\040\0001\0005\000\040\000m\000i\000n\000u\000t\000o\000s\000\040\000+\000\040\000D\000i\000a\000g\000n\000\363\000s\000t\000i\000c\000o\000\040\000D\000i\000f\000e\000r\000e\000n\000c\000i\000a\000l}{chapter.2}% 3
\BOOKMARK [1][-]{section.2.2}{\376\377\000P\000A\000R\000T\000E\000\040\000I\000:\000\040\000C\000H\000A\000R\000L\000A\000\040\000\050\0001\0005\000\040\000M\000I\000N\000U\000T\000O\000S\000\051}{chapter.2}% 4
\BOOKMARK [2][-]{subsection.2.2.1}{\376\377\000I\000n\000t\000r\000o\000d\000u\000c\000c\000i\000\363\000n\000\040\000\050\0001\000.\0005\000\040\000m\000i\000n\000u\000t\000o\000s\000\051}{section.2.2}% 5
\BOOKMARK [2][-]{subsection.2.2.2}{\376\377\000P\000a\000r\000t\000e\000\040\0001\000:\000\040\000\277\000Q\000u\000\351\000\040\000e\000s\000\040\000l\000a\000\040\000C\000o\000m\000o\000r\000b\000i\000l\000i\000d\000a\000d\000?\000\040\000\050\0002\000\040\000m\000i\000n\000u\000t\000o\000s\000\051}{section.2.2}% 6
\BOOKMARK [2][-]{subsection.2.2.3}{\376\377\000P\000a\000r\000t\000e\000\040\0002\000:\000\040\000P\000r\000e\000v\000a\000l\000e\000n\000c\000i\000a\040\024\000\277\000C\000u\000\341\000n\000\040\000C\000o\000m\000\372\000n\000\040\000E\000s\000?\000\040\000\050\0001\000.\0005\000\040\000m\000i\000n\000u\000t\000o\000s\000\051}{section.2.2}% 7
\BOOKMARK [2][-]{subsection.2.2.4}{\376\377\000P\000a\000r\000t\000e\000\040\0003\000:\000\040\000E\000l\000\040\000P\000r\000o\000b\000l\000e\000m\000a\000\040\000d\000e\000\040\000D\000i\000a\000g\000n\000\363\000s\000t\000i\000c\000o\040\024\000\277\000P\000o\000r\000\040\000Q\000u\000\351\000\040\000S\000e\000\040\000P\000a\000s\000a\000\040\000p\000o\000r\000\040\000A\000l\000t\000o\000?\000\040\000\050\0003\000\040\000m\000i\000n\000u\000t\000o\000s\000\051}{section.2.2}% 8
\BOOKMARK [2][-]{subsection.2.2.5}{\376\377\000P\000a\000r\000t\000e\000\040\0004\000:\000\040\000E\000l\000\040\000E\000f\000e\000c\000t\000o\000\040\000d\000e\000l\000\040\000`\000`\000E\000n\000m\000a\000s\000c\000a\000r\000a\000m\000i\000e\000n\000t\000o\000`\000`\000\040\000\050\0002\000\040\000m\000i\000n\000u\000t\000o\000s\000\051}{section.2.2}% 9
\BOOKMARK [2][-]{subsection.2.2.6}{\376\377\000P\000a\000r\000t\000e\000\040\0005\000:\000\040\000L\000a\000\040\000C\000o\000m\000o\000r\000b\000i\000l\000i\000d\000a\000d\000\040\000d\000e\000\040\000S\000a\000l\000u\000d\000\040\000M\000e\000n\000t\000a\000l\040\024\000A\000n\000s\000i\000e\000d\000a\000d\000\040\000y\000\040\000D\000e\000p\000r\000e\000s\000i\000\363\000n\000\040\000\050\0002\000\040\000m\000i\000n\000u\000t\000o\000s\000\051}{section.2.2}% 10
\BOOKMARK [2][-]{subsection.2.2.7}{\376\377\000P\000a\000r\000t\000e\000\040\0006\000:\000\040\000D\000i\000a\000g\000n\000\363\000s\000t\000i\000c\000o\000\040\000D\000i\000f\000e\000r\000e\000n\000c\000i\000a\000l\040\024\000H\000e\000r\000r\000a\000m\000i\000e\000n\000t\000a\000s\000\040\000y\000\040\000A\000b\000o\000r\000d\000a\000j\000e\000\040\000\050\0002\000\040\000m\000i\000n\000u\000t\000o\000s\000\051}{section.2.2}% 11
\BOOKMARK [2][-]{subsection.2.2.8}{\376\377\000P\000a\000r\000t\000e\000\040\0007\000:\000\040\000A\000b\000o\000r\000d\000a\000j\000e\000\040\000I\000n\000t\000e\000g\000r\000a\000d\000o\040\024\000T\000r\000a\000t\000a\000m\000i\000e\000n\000t\000o\000\040\000y\000\040\000A\000p\000o\000y\000o\000\040\000\050\0001\000.\0005\000\040\000m\000i\000n\000u\000t\000o\000s\000\051}{section.2.2}% 12
\BOOKMARK [1][-]{section.2.3}{\376\377\000P\000A\000R\000T\000E\000\040\000I\000I\000:\000\040\000T\000A\000B\000L\000A\000\040\000D\000E\000\040\000D\000I\000A\000G\000N\000\323\000S\000T\000I\000C\000O\000\040\000D\000I\000F\000E\000R\000E\000N\000C\000I\000A\000L}{chapter.2}% 13
\BOOKMARK [2][-]{subsection.2.3.1}{\376\377\000C\000o\000m\000p\000a\000r\000a\000c\000i\000\363\000n\000:\000\040\000S\000u\000p\000e\000r\000d\000o\000t\000a\000c\000i\000\363\000n\000\040\000v\000s\000.\000\040\000T\000D\000A\000H\000\040\000v\000s\000.\000\040\000A\000u\000t\000i\000s\000m\000o\000\040\000v\000s\000.\000\040\000A\000n\000s\000i\000e\000d\000a\000d}{section.2.3}% 14
\BOOKMARK [1][-]{section.2.4}{\376\377\000P\000A\000R\000T\000E\000\040\000I\000I\000I\000:\000\040\000G\000U\000\315\000A\000\040\000P\000R\000\301\000C\000T\000I\000C\000A\000\040\000D\000E\000\040\000D\000E\000T\000E\000C\000C\000I\000\323\000N}{chapter.2}% 15
\BOOKMARK [2][-]{subsection.2.4.1}{\376\377\000P\000r\000e\000g\000u\000n\000t\000a\000s\000\040\000p\000a\000r\000a\000\040\000A\000u\000t\000o\000d\000i\000a\000g\000n\000\363\000s\000t\000i\000c\000o\000/\000D\000e\000t\000e\000c\000c\000i\000\363\000n\000\040\000d\000e\000\040\000C\000o\000m\000o\000r\000b\000i\000l\000i\000d\000a\000d}{section.2.4}% 16
\BOOKMARK [2][-]{subsection.2.4.2}{\376\377\000I\000n\000t\000e\000r\000p\000r\000e\000t\000a\000c\000i\000\363\000n}{section.2.4}% 17
\BOOKMARK [1][-]{section.2.5}{\376\377\000C\000O\000N\000C\000L\000U\000S\000I\000\323\000N}{chapter.2}% 18
\BOOKMARK [1][-]{section.2.6}{\376\377\000R\000E\000C\000U\000R\000S\000O\000S}{chapter.2}% 19
\BOOKMARK [2][-]{subsection.2.6.1}{\376\377\000P\000r\000o\000f\000e\000s\000i\000o\000n\000a\000l\000e\000s\000\040\000E\000s\000p\000e\000c\000i\000a\000l\000i\000z\000a\000d\000o\000s\000\040\000e\000n\000\040\000C\000o\000m\000o\000r\000b\000i\000l\000i\000d\000a\000d}{section.2.6}% 20
\BOOKMARK [2][-]{subsection.2.6.2}{\376\377\000L\000e\000c\000t\000u\000r\000a\000s}{section.2.6}% 21
\BOOKMARK [2][-]{subsection.2.6.3}{\376\377\000C\000o\000m\000u\000n\000i\000d\000a\000d\000e\000s}{section.2.6}% 22
\BOOKMARK [0][-]{chapter.3}{\376\377\000C\000r\000e\000a\000t\000i\000v\000i\000d\000a\000d\000,\000\040\000B\000\372\000s\000q\000u\000e\000d\000a\000\040\000d\000e\000\040\000S\000e\000n\000t\000i\000d\000o\000\040\000y\000\040\000R\000e\000a\000l\000i\000z\000a\000c\000i\000\363\000n\000\040\000P\000e\000r\000s\000o\000n\000a\000l}{}% 23
\BOOKMARK [1][-]{section.3.1}{\376\377\000W\000o\000r\000k\000s\000h\000o\000p\000\040\000d\000e\000\040\000A\000u\000t\000o\000r\000r\000e\000a\000l\000i\000z\000a\000c\000i\000\363\000n\000\040\000+\000\040\000H\000e\000r\000r\000a\000m\000i\000e\000n\000t\000a\000s\000\040\000P\000r\000\341\000c\000t\000i\000c\000a\000s}{chapter.3}% 24
\BOOKMARK [1][-]{section.3.2}{\376\377\000P\000A\000R\000T\000E\000\040\000I\000:\000\040\000C\000H\000A\000R\000L\000A\000\040\000\050\0001\0005\000\040\000M\000I\000N\000U\000T\000O\000S\000\051}{chapter.3}% 25
\BOOKMARK [2][-]{subsection.3.2.1}{\376\377\000I\000n\000t\000r\000o\000d\000u\000c\000c\000i\000\363\000n\000\040\000\050\0001\000.\0005\000\040\000m\000i\000n\000u\000t\000o\000s\000\051}{section.3.2}% 26
\BOOKMARK [2][-]{subsection.3.2.2}{\376\377\000P\000a\000r\000t\000e\000\040\0001\000:\000\040\000C\000r\000e\000a\000t\000i\000v\000i\000d\000a\000d\040\024\000N\000o\000\040\000S\000o\000l\000o\000\040\000C\000a\000p\000a\000c\000i\000d\000a\000d\000\040\000\050\0002\000.\0005\000\040\000m\000i\000n\000u\000t\000o\000s\000\051}{section.3.2}% 27
\BOOKMARK [2][-]{subsection.3.2.3}{\376\377\000P\000a\000r\000t\000e\000\040\0002\000:\000\040\000L\000a\000\040\000C\000r\000i\000s\000i\000s\000\040\000d\000e\000\040\000S\000i\000g\000n\000i\000f\000i\000c\000a\000d\000o\000\040\000e\000n\000\040\000A\000d\000u\000l\000t\000o\000s\000\040\000S\000u\000p\000e\000r\000d\000o\000t\000a\000d\000o\000s\000\040\000\050\0002\000.\0005\000\040\000m\000i\000n\000u\000t\000o\000s\000\051}{section.3.2}% 28
\BOOKMARK [2][-]{subsection.3.2.4}{\376\377\000P\000a\000r\000t\000e\000\040\0003\000:\000\040\000G\000e\000n\000e\000r\000a\000t\000i\000v\000i\000d\000a\000d\040\024\000L\000a\000\040\000S\000o\000l\000u\000c\000i\000\363\000n\000\040\000\050\0002\000.\0005\000\040\000m\000i\000n\000u\000t\000o\000s\000\051}{section.3.2}% 29
\BOOKMARK [2][-]{subsection.3.2.5}{\376\377\000P\000a\000r\000t\000e\000\040\0004\000:\000\040\000L\000o\000s\000\040\000C\000i\000n\000c\000o\000\040\000T\000i\000p\000o\000s\000\040\000d\000e\000\040\000C\000r\000e\000a\000t\000i\000v\000i\000d\000a\000d\000\040\000e\000n\000\040\000S\000u\000p\000e\000r\000d\000o\000t\000a\000d\000o\000s\000\040\000\050\0002\000\040\000m\000i\000n\000u\000t\000o\000s\000\051}{section.3.2}% 30
\BOOKMARK [2][-]{subsection.3.2.6}{\376\377\000P\000a\000r\000t\000e\000\040\0005\000:\000\040\000B\000a\000r\000r\000e\000r\000a\000s\000\040\000a\000\040\000l\000a\000\040\000R\000e\000a\000l\000i\000z\000a\000c\000i\000\363\000n\040\024\000Y\000\040\000C\000\363\000m\000o\000\040\000S\000u\000p\000e\000r\000a\000r\000l\000a\000s\000\040\000\050\0002\000.\0005\000\040\000m\000i\000n\000u\000t\000o\000s\000\051}{section.3.2}% 31
\BOOKMARK [2][-]{subsection.3.2.7}{\376\377\000P\000a\000r\000t\000e\000\040\0006\000:\000\040\000D\000i\000s\000e\000\361\000o\000\040\000d\000e\000\040\000V\000i\000d\000a\000\040\000S\000i\000g\000n\000i\000f\000i\000c\000a\000t\000i\000v\000a\000\040\000\050\0002\000\040\000m\000i\000n\000u\000t\000o\000s\000\051}{section.3.2}% 32
\BOOKMARK [1][-]{section.3.3}{\376\377\000P\000A\000R\000T\000E\000\040\000I\000I\000:\000\040\000G\000U\000\315\000A\000\040\000P\000R\000\301\000C\000T\000I\000C\000A\000\040\000D\000E\000\040\000A\000U\000T\000O\000R\000R\000E\000A\000L\000I\000Z\000A\000C\000I\000\323\000N}{chapter.3}% 33
\BOOKMARK [2][-]{subsection.3.3.1}{\376\377\000E\000j\000e\000r\000c\000i\000c\000i\000o\000\040\0001\000:\000\040\000A\000r\000q\000u\000e\000o\000l\000o\000g\000\355\000a\000\040\000d\000e\000\040\000A\000l\000e\000g\000r\000\355\000a\000s}{section.3.3}% 34
\BOOKMARK [2][-]{subsection.3.3.2}{\376\377\000E\000j\000e\000r\000c\000i\000c\000i\000o\000\040\0002\000:\000\040\000T\000i\000p\000o\000l\000o\000g\000\355\000a\000\040\000d\000e\000\040\000C\000r\000e\000a\000t\000i\000v\000i\000d\000a\000d\000\040\000P\000e\000r\000s\000o\000n\000a\000l}{section.3.3}% 35
\BOOKMARK [2][-]{subsection.3.3.3}{\376\377\000E\000j\000e\000r\000c\000i\000c\000i\000o\000\040\0003\000:\000\040\000B\000a\000r\000r\000e\000r\000a\000\040\000P\000e\000r\000s\000o\000n\000a\000l}{section.3.3}% 36
\BOOKMARK [2][-]{subsection.3.3.4}{\376\377\000E\000j\000e\000r\000c\000i\000c\000i\000o\000\040\0004\000:\000\040\000G\000e\000n\000e\000r\000a\000t\000i\000v\000i\000d\000a\000d\000\040\000C\000o\000n\000c\000r\000e\000t\000a}{section.3.3}% 37
\BOOKMARK [2][-]{subsection.3.3.5}{\376\377\000E\000j\000e\000r\000c\000i\000c\000i\000o\000\040\0005\000:\000\040\000E\000v\000a\000l\000u\000a\000c\000i\000\363\000n\000\040\000d\000e\000\040\000T\000u\000\040\000V\000i\000d\000a\000\040\000A\000c\000t\000u\000a\000l}{section.3.3}% 38
\BOOKMARK [1][-]{section.3.4}{\376\377\000P\000A\000R\000T\000E\000\040\000I\000I\000I\000:\000\040\000D\000I\000S\000E\000\321\000O\000\040\000D\000E\000\040\000V\000I\000D\000A\000\040\000S\000I\000G\000N\000I\000F\000I\000C\000A\000T\000I\000V\000A}{chapter.3}% 39
\BOOKMARK [2][-]{subsection.3.4.1}{\376\377\000M\000a\000t\000r\000i\000z\000\040\000d\000e\000\040\000D\000e\000c\000i\000s\000i\000\363\000n\000:\000\040\000C\000a\000r\000r\000e\000r\000a\000\040\000v\000s\000.\000\040\000S\000i\000g\000n\000i\000f\000i\000c\000a\000d\000o}{section.3.4}% 40
\BOOKMARK [2][-]{subsection.3.4.2}{\376\377\000E\000s\000t\000r\000u\000c\000t\000u\000r\000a\000\040\000d\000e\000\040\000T\000r\000a\000n\000s\000i\000c\000i\000\363\000n\000\040\000d\000e\000\040\0003\000\040\000A\000\361\000o\000s}{section.3.4}% 41
\BOOKMARK [1][-]{section.3.5}{\376\377\000C\000O\000N\000C\000L\000U\000S\000I\000\323\000N}{chapter.3}% 42
\BOOKMARK [1][-]{section.3.6}{\376\377\000R\000E\000C\000U\000R\000S\000O\000S}{chapter.3}% 43
\BOOKMARK [2][-]{subsection.3.6.1}{\376\377\000L\000i\000b\000r\000o\000s}{section.3.6}% 44
\BOOKMARK [2][-]{subsection.3.6.2}{\376\377\000C\000o\000m\000u\000n\000i\000d\000a\000d\000e\000s}{section.3.6}% 45
\BOOKMARK [2][-]{subsection.3.6.3}{\376\377\000H\000e\000r\000r\000a\000m\000i\000e\000n\000t\000a\000s}{section.3.6}% 46
\BOOKMARK [0][-]{chapter.4}{\376\377\000D\000o\000b\000l\000e\000\040\000E\000x\000c\000e\000p\000c\000i\000o\000n\000a\000l\000i\000d\000a\000d\000\040\000\050\0002\000E\000\051\000\040\000e\000n\000\040\000A\000d\000u\000l\000t\000o\000s}{}% 47
\BOOKMARK [1][-]{section.4.1}{\376\377\000S\000e\000m\000i\000n\000a\000r\000i\000o\000\040\000T\000\351\000c\000n\000i\000c\000o\000\040\000+\000\040\000R\000e\000c\000u\000r\000s\000o\000s\000\040\000d\000e\000\040\000I\000n\000t\000e\000r\000v\000e\000n\000c\000i\000\363\000n}{chapter.4}% 48
\BOOKMARK [1][-]{section.4.2}{\376\377\000P\000A\000R\000T\000E\000\040\000I\000:\000\040\000C\000H\000A\000R\000L\000A\000\040\000\050\0001\0005\000\040\000M\000I\000N\000U\000T\000O\000S\000\051}{chapter.4}% 49
\BOOKMARK [2][-]{subsection.4.2.1}{\376\377\000I\000n\000t\000r\000o\000d\000u\000c\000c\000i\000\363\000n\000\040\000\050\0001\000.\0005\000\040\000m\000i\000n\000u\000t\000o\000s\000\051}{section.4.2}% 50
\BOOKMARK [2][-]{subsection.4.2.2}{\376\377\000P\000a\000r\000t\000e\000\040\0001\000:\000\040\000D\000e\000f\000i\000n\000i\000c\000i\000\363\000n\000\040\000y\000\040\000T\000i\000p\000o\000s\000\040\000d\000e\000\040\000D\000o\000b\000l\000e\000\040\000E\000x\000c\000e\000p\000c\000i\000o\000n\000a\000l\000i\000d\000a\000d\000\040\000\050\0002\000\040\000m\000i\000n\000u\000t\000o\000s\000\051}{section.4.2}% 51
\BOOKMARK [2][-]{subsection.4.2.3}{\376\377\000P\000a\000r\000t\000e\000\040\0002\000:\000\040\000E\000l\000\040\000E\000n\000m\000a\000s\000c\000a\000r\000a\000m\000i\000e\000n\000t\000o\040\024\000P\000o\000r\000\040\000Q\000u\000\351\000\040\000S\000e\000\040\000P\000a\000s\000a\000\040\000p\000o\000r\000\040\000A\000l\000t\000o\000\040\000\050\0003\000\040\000m\000i\000n\000u\000t\000o\000s\000\051}{section.4.2}% 52
\BOOKMARK [2][-]{subsection.4.2.4}{\376\377\000P\000a\000r\000t\000e\000\040\0003\000:\000\040\000M\000a\000n\000i\000f\000e\000s\000t\000a\000c\000i\000o\000n\000e\000s\000\040\000e\000n\000\040\000A\000d\000u\000l\000t\000o\000s\000\040\0002\000E\000\040\000\050\0002\000.\0005\000\040\000m\000i\000n\000u\000t\000o\000s\000\051}{section.4.2}% 53
\BOOKMARK [2][-]{subsection.4.2.5}{\376\377\000P\000a\000r\000t\000e\000\040\0004\000:\000\040\000E\000l\000\040\000D\000i\000a\000g\000n\000\363\000s\000t\000i\000c\000o\000\040\000D\000i\000f\000e\000r\000e\000n\000c\000i\000a\000l\000\040\000d\000e\000\040\0002\000E\000\040\000\050\0002\000.\0005\000\040\000m\000i\000n\000u\000t\000o\000s\000\051}{section.4.2}% 54
\BOOKMARK [2][-]{subsection.4.2.6}{\376\377\000P\000a\000r\000t\000e\000\040\0005\000:\000\040\000I\000m\000p\000a\000c\000t\000o\000\040\000P\000s\000i\000c\000o\000e\000m\000o\000c\000i\000o\000n\000a\000l\000\040\000d\000e\000\040\000S\000e\000r\000\040\0002\000E\000\040\000n\000o\000\040\000D\000i\000a\000g\000n\000o\000s\000t\000i\000c\000a\000d\000o\000\040\000\050\0002\000\040\000m\000i\000n\000u\000t\000o\000s\000\051}{section.4.2}% 55
\BOOKMARK [2][-]{subsection.4.2.7}{\376\377\000P\000a\000r\000t\000e\000\040\0006\000:\000\040\000I\000n\000t\000e\000r\000v\000e\000n\000c\000i\000\363\000n\000\040\000y\000\040\000E\000s\000t\000r\000a\000t\000e\000g\000i\000a\000s\000\040\000\050\0002\000.\0005\000\040\000m\000i\000n\000u\000t\000o\000s\000\051}{section.4.2}% 56
\BOOKMARK [1][-]{section.4.3}{\376\377\000P\000A\000R\000T\000E\000\040\000I\000I\000:\000\040\000M\000A\000T\000R\000I\000Z\000\040\000D\000E\000\040\000I\000N\000T\000E\000R\000V\000E\000N\000C\000I\000\323\000N}{chapter.4}% 57
\BOOKMARK [2][-]{subsection.4.3.1}{\376\377\000S\000u\000p\000e\000r\000d\000o\000t\000a\000c\000i\000\363\000n\000\040\000+\000\040\000T\000D\000A\000H}{section.4.3}% 58
\BOOKMARK [2][-]{subsection.4.3.2}{\376\377\000S\000u\000p\000e\000r\000d\000o\000t\000a\000c\000i\000\363\000n\000\040\000+\000\040\000A\000u\000t\000i\000s\000m\000o}{section.4.3}% 59
\BOOKMARK [2][-]{subsection.4.3.3}{\376\377\000S\000u\000p\000e\000r\000d\000o\000t\000a\000c\000i\000\363\000n\000\040\000+\000\040\000D\000i\000s\000l\000e\000x\000i\000a}{section.4.3}% 60
\BOOKMARK [2][-]{subsection.4.3.4}{\376\377\000S\000u\000p\000e\000r\000d\000o\000t\000a\000c\000i\000\363\000n\000\040\000+\000\040\000A\000n\000s\000i\000e\000d\000a\000d}{section.4.3}% 61
\BOOKMARK [1][-]{section.4.4}{\376\377\000P\000A\000R\000T\000E\000\040\000I\000I\000I\000:\000\040\000G\000U\000\315\000A\000\040\000P\000R\000\301\000C\000T\000I\000C\000A\000\040\000P\000A\000R\000A\000\040\000A\000D\000U\000L\000T\000O\000S\000\040\0002\000E}{chapter.4}% 62
\BOOKMARK [2][-]{subsection.4.4.1}{\376\377\000C\000h\000e\000c\000k\000l\000i\000s\000t\000\040\000d\000e\000\040\000A\000u\000t\000o\000d\000i\000a\000g\000n\000\363\000s\000t\000i\000c\000o\000\040\000d\000e\000\040\000D\000o\000b\000l\000e\000\040\000E\000x\000c\000e\000p\000c\000i\000o\000n\000a\000l\000i\000d\000a\000d}{section.4.4}% 63
\BOOKMARK [2][-]{subsection.4.4.2}{\376\377\000I\000n\000t\000e\000r\000p\000r\000e\000t\000a\000c\000i\000\363\000n}{section.4.4}% 64
\BOOKMARK [1][-]{section.4.5}{\376\377\000P\000A\000R\000T\000E\000\040\000I\000V\000:\000\040\000R\000E\000C\000U\000R\000S\000O\000S\000\040\000D\000E\000\040\000I\000N\000T\000E\000R\000V\000E\000N\000C\000I\000\323\000N\000\040\000E\000S\000P\000E\000C\000I\000A\000L\000I\000Z\000A\000D\000O\000S}{chapter.4}% 65
\BOOKMARK [2][-]{subsection.4.5.1}{\376\377\000P\000r\000o\000f\000e\000s\000i\000o\000n\000a\000l\000e\000s\000\040\000N\000e\000c\000e\000s\000a\000r\000i\000o\000s\000\040\000e\000n\000\040\000E\000q\000u\000i\000p\000o\000\040\000M\000u\000l\000t\000i\000d\000i\000s\000c\000i\000p\000l\000i\000n\000a\000r\000i\000o}{section.4.5}% 66
\BOOKMARK [2][-]{subsection.4.5.2}{\376\377\000H\000e\000r\000r\000a\000m\000i\000e\000n\000t\000a\000s\000\040\000y\000\040\000E\000s\000t\000r\000a\000t\000e\000g\000i\000a\000s\000\040\000C\000o\000n\000c\000r\000e\000t\000a\000s}{section.4.5}% 67
\BOOKMARK [1][-]{section.4.6}{\376\377\000C\000O\000N\000C\000L\000U\000S\000I\000\323\000N}{chapter.4}% 68
\BOOKMARK [1][-]{section.4.7}{\376\377\000L\000L\000A\000M\000A\000D\000A\000S\000\040\000A\000\040\000L\000A\000\040\000A\000C\000C\000I\000\323\000N}{chapter.4}% 69
\BOOKMARK [2][-]{subsection.4.7.1}{\376\377\000S\000i\000\040\000s\000o\000s\000p\000e\000\040\000c\000h\000a\000s\000\040\000q\000u\000e\000\040\000e\000r\000e\000s\000\040\0002\000E\000:}{section.4.7}% 70
\BOOKMARK [2][-]{subsection.4.7.2}{\376\377\000S\000i\000\040\000t\000i\000e\000n\000e\000s\000\040\000d\000i\000a\000g\000n\000\363\000s\000t\000i\000c\000o\000\040\0002\000E\000:}{section.4.7}% 71
\BOOKMARK [1][-]{section.4.8}{\376\377\000R\000E\000F\000E\000R\000E\000N\000C\000I\000A\000S\000\040\000Y\000\040\000R\000E\000C\000U\000R\000S\000O\000S}{chapter.4}% 72
\BOOKMARK [0][-]{chapter.5}{\376\377\000E\000d\000u\000c\000a\000c\000i\000\363\000n\000\040\000P\000e\000r\000m\000a\000n\000e\000n\000t\000e\000\040\000y\000\040\000A\000p\000r\000e\000n\000d\000i\000z\000a\000j\000e\000\040\000a\000\040\000l\000o\000\040\000L\000a\000r\000g\000o\000\040\000d\000e\000\040\000l\000a\000\040\000V\000i\000d\000a}{}% 73
\BOOKMARK [1][-]{section.5.1}{\376\377\000S\000e\000m\000i\000n\000a\000r\000i\000o\000\040\000d\000e\000\040\000E\000s\000t\000i\000m\000u\000l\000a\000c\000i\000\363\000n\000\040\000I\000n\000t\000e\000l\000e\000c\000t\000u\000a\000l\000\040\000C\000o\000n\000t\000i\000n\000u\000a\000\040\000+\000\040\000R\000e\000c\000u\000r\000s\000o\000s\000\040\000P\000r\000\341\000c\000t\000i\000c\000o\000s}{chapter.5}% 74
\BOOKMARK [1][-]{section.5.2}{\376\377\000P\000A\000R\000T\000E\000\040\000I\000:\000\040\000C\000H\000A\000R\000L\000A\000\040\000\050\0001\0005\000\040\000M\000I\000N\000U\000T\000O\000S\000\051}{chapter.5}% 75
\BOOKMARK [2][-]{subsection.5.2.1}{\376\377\000I\000n\000t\000r\000o\000d\000u\000c\000c\000i\000\363\000n\000\040\000\050\0001\000.\0005\000\040\000m\000i\000n\000u\000t\000o\000s\000\051}{section.5.2}% 76
\BOOKMARK [2][-]{subsection.5.2.2}{\376\377\000P\000a\000r\000t\000e\000\040\0001\000:\000\040\000P\000o\000r\000\040\000Q\000u\000\351\000\040\000l\000a\000\040\000E\000d\000u\000c\000a\000c\000i\000\363\000n\000\040\000P\000e\000r\000m\000a\000n\000e\000n\000t\000e\000\040\000E\000s\000\040\000C\000r\000\355\000t\000i\000c\000a\000\040\000\050\0002\000\040\000m\000i\000n\000u\000t\000o\000s\000\051}{section.5.2}% 77
\BOOKMARK [2][-]{subsection.5.2.3}{\376\377\000P\000a\000r\000t\000e\000\040\0002\000:\000\040\000T\000i\000p\000o\000s\000\040\000d\000e\000\040\000A\000p\000r\000e\000n\000d\000i\000z\000a\000j\000e\000\040\000P\000e\000r\000m\000a\000n\000e\000n\000t\000e\000\040\000\050\0002\000\040\000m\000i\000n\000u\000t\000o\000s\000\051}{section.5.2}% 78
\BOOKMARK [2][-]{subsection.5.2.4}{\376\377\000P\000a\000r\000t\000e\000\040\0003\000:\000\040\000A\000u\000t\000o\000p\000r\000e\000n\000d\000i\000z\000a\000j\000e\000\040\000D\000i\000r\000i\000g\000i\000d\000o\000\040\000v\000s\000.\000\040\000E\000d\000u\000c\000a\000c\000i\000\363\000n\000\040\000F\000o\000r\000m\000a\000l\000\040\000\050\0002\000\040\000m\000i\000n\000u\000t\000o\000s\000\051}{section.5.2}% 79
\BOOKMARK [2][-]{subsection.5.2.5}{\376\377\000P\000a\000r\000t\000e\000\040\0004\000:\000\040\000R\000e\000c\000u\000r\000s\000o\000s\000\040\000P\000r\000\341\000c\000t\000i\000c\000o\000s\000\040\000y\000\040\000A\000c\000c\000e\000s\000i\000b\000l\000e\000s\000\040\000\050\0002\000.\0005\000\040\000m\000i\000n\000u\000t\000o\000s\000\051}{section.5.2}% 80
\BOOKMARK [2][-]{subsection.5.2.6}{\376\377\000P\000a\000r\000t\000e\000\040\0005\000:\000\040\000D\000i\000s\000e\000\361\000o\000\040\000d\000e\000\040\000T\000u\000\040\000P\000l\000a\000n\000\040\000d\000e\000\040\000E\000d\000u\000c\000a\000c\000i\000\363\000n\000\040\000P\000e\000r\000m\000a\000n\000e\000n\000t\000e\000\040\000\050\0002\000.\0005\000\040\000m\000i\000n\000u\000t\000o\000s\000\051}{section.5.2}% 81
\BOOKMARK [2][-]{subsection.5.2.7}{\376\377\000P\000a\000r\000t\000e\000\040\0006\000:\000\040\000R\000u\000t\000i\000n\000a\000s\000\040\000P\000r\000\341\000c\000t\000i\000c\000a\000s\000\040\000d\000e\000\040\000S\000u\000p\000e\000r\000d\000o\000t\000a\000d\000o\000s\000\040\000q\000u\000e\000\040\000F\000u\000n\000c\000i\000o\000n\000a\000n\000\040\000\050\0001\000.\0005\000\040\000m\000i\000n\000u\000t\000o\000s\000\051}{section.5.2}% 82
\BOOKMARK [1][-]{section.5.3}{\376\377\000P\000A\000R\000T\000E\000\040\000I\000I\000:\000\040\000G\000U\000\315\000A\000\040\000P\000R\000\301\000C\000T\000I\000C\000A\000\040\000D\000E\000\040\000D\000I\000S\000E\000\321\000O}{chapter.5}% 83
\BOOKMARK [2][-]{subsection.5.3.1}{\376\377\000E\000j\000e\000r\000c\000i\000c\000i\000o\000\040\0001\000:\000\040\000A\000u\000d\000i\000t\000o\000r\000\355\000a\000\040\000d\000e\000\040\000E\000s\000t\000i\000m\000u\000l\000a\000c\000i\000\363\000n\000\040\000A\000c\000t\000u\000a\000l\000\040\000\050\0002\0000\000\040\000m\000i\000n\000u\000t\000o\000s\000\051}{section.5.3}% 84
\BOOKMARK [2][-]{subsection.5.3.2}{\376\377\000E\000j\000e\000r\000c\000i\000c\000i\000o\000\040\0002\000:\000\040\000I\000n\000v\000e\000n\000t\000a\000r\000i\000o\000\040\000d\000e\000\040\000C\000u\000r\000i\000o\000s\000i\000d\000a\000d\000e\000s\000\040\000\050\0003\0000\000\040\000m\000i\000n\000u\000t\000o\000s\000\051}{section.5.3}% 85
\BOOKMARK [2][-]{subsection.5.3.3}{\376\377\000E\000j\000e\000r\000c\000i\000c\000i\000o\000\040\0003\000:\000\040\000D\000i\000s\000e\000\361\000o\000\040\000d\000e\000\040\000P\000l\000a\000n\000\040\000d\000e\000\040\0001\0002\000\040\000M\000e\000s\000e\000s\000\040\000\050\0004\0000\000\040\000m\000i\000n\000u\000t\000o\000s\000\051}{section.5.3}% 86
\BOOKMARK [2][-]{subsection.5.3.4}{\376\377\000E\000j\000e\000r\000c\000i\000c\000i\000o\000\040\0004\000:\000\040\000R\000e\000c\000u\000r\000s\000o\000s\000\040\000A\000c\000c\000e\000s\000i\000b\000l\000e\000s\000\040\000M\000a\000p\000e\000a\000d\000o\000s\000\040\000\050\0003\0000\000\040\000m\000i\000n\000u\000t\000o\000s\000\051}{section.5.3}% 87
\BOOKMARK [2][-]{subsection.5.3.5}{\376\377\000E\000j\000e\000r\000c\000i\000c\000i\000o\000\040\0005\000:\000\040\000S\000i\000s\000t\000e\000m\000a\000\040\000d\000e\000\040\000A\000c\000c\000o\000u\000n\000t\000a\000b\000i\000l\000i\000t\000y\000\040\000\050\0002\0000\000\040\000m\000i\000n\000u\000t\000o\000s\000\051}{section.5.3}% 88
\BOOKMARK [1][-]{section.5.4}{\376\377\000P\000A\000R\000T\000E\000\040\000I\000I\000I\000:\000\040\000R\000E\000C\000U\000R\000S\000O\000S\000\040\000E\000N\000\040\000E\000S\000P\000A\000\321\000A}{chapter.5}% 89
\BOOKMARK [2][-]{subsection.5.4.1}{\376\377\000P\000l\000a\000t\000a\000f\000o\000r\000m\000a\000s\000\040\000d\000e\000\040\000C\000u\000r\000s\000o\000s}{section.5.4}% 90
\BOOKMARK [2][-]{subsection.5.4.2}{\376\377\000C\000o\000m\000u\000n\000i\000d\000a\000d\000e\000s\000\040\000d\000e\000\040\000A\000p\000r\000e\000n\000d\000i\000z\000a\000j\000e}{section.5.4}% 91
\BOOKMARK [2][-]{subsection.5.4.3}{\376\377\000B\000i\000b\000l\000i\000o\000t\000e\000c\000a\000s}{section.5.4}% 92
\BOOKMARK [2][-]{subsection.5.4.4}{\376\377\000P\000o\000d\000c\000a\000s\000t\000\040\000E\000d\000u\000c\000a\000t\000i\000v\000o\000s\000\040\000d\000e\000\040\000C\000a\000l\000i\000d\000a\000d}{section.5.4}% 93
\BOOKMARK [1][-]{section.5.5}{\376\377\000C\000O\000N\000C\000L\000U\000S\000I\000\323\000N}{chapter.5}% 94
\BOOKMARK [1][-]{section.5.6}{\376\377\000L\000L\000A\000M\000A\000D\000A\000S\000\040\000A\000\040\000L\000A\000\040\000A\000C\000C\000I\000\323\000N}{chapter.5}% 95
\BOOKMARK [2][-]{subsection.5.6.1}{\376\377\000I\000n\000m\000e\000d\000i\000a\000t\000o\000\040\000\050\000e\000s\000t\000a\000\040\000s\000e\000m\000a\000n\000a\000\051\000:}{section.5.6}% 96
\BOOKMARK [2][-]{subsection.5.6.2}{\376\377\000E\000s\000t\000e\000\040\000m\000e\000s\000:}{section.5.6}% 97
\BOOKMARK [2][-]{subsection.5.6.3}{\376\377\000E\000s\000t\000e\000\040\000a\000\361\000o\000:}{section.5.6}% 98
\BOOKMARK [0][-]{chapter.6}{\376\377\000E\000s\000t\000i\000g\000m\000a\000,\000\040\000M\000i\000t\000o\000s\000\040\000y\000\040\000C\000o\000m\000u\000n\000i\000c\000a\000c\000i\000\363\000n\000\040\000P\000\372\000b\000l\000i\000c\000a\000\040\000s\000o\000b\000r\000e\000\040\000S\000u\000p\000e\000r\000d\000o\000t\000a\000c\000i\000\363\000n}{}% 99
\BOOKMARK [1][-]{section.6.1}{\376\377\000C\000h\000a\000r\000l\000a\000\040\000d\000e\000\040\0001\0005\000\040\000m\000i\000n\000u\000t\000o\000s\000\040\000+\000\040\000C\000a\000m\000p\000a\000\361\000a\000/\000F\000o\000l\000l\000e\000t\000o\000\040\000+\000\040\000M\000i\000n\000i\000-\000c\000h\000a\000r\000l\000a\000\040\000D\000i\000v\000u\000l\000g\000a\000t\000i\000v\000a}{chapter.6}% 100
\BOOKMARK [1][-]{section.6.2}{\376\377\000P\000A\000R\000T\000E\000\040\000I\000:\000\040\000C\000H\000A\000R\000L\000A\000\040\000\050\0001\0005\000\040\000M\000I\000N\000U\000T\000O\000S\000\051}{chapter.6}% 101
\BOOKMARK [2][-]{subsection.6.2.1}{\376\377\000I\000n\000t\000r\000o\000d\000u\000c\000c\000i\000\363\000n\000\040\000\050\0001\000.\0005\000\040\000m\000i\000n\000u\000t\000o\000s\000\051}{section.6.2}% 102
\BOOKMARK [2][-]{subsection.6.2.2}{\376\377\000L\000o\000s\000\040\000M\000i\000t\000o\000s\000\040\000M\000\341\000s\000\040\000P\000e\000r\000s\000i\000s\000t\000e\000n\000t\000e\000s\000\040\000\050\0004\000\040\000m\000i\000n\000u\000t\000o\000s\000\051}{section.6.2}% 103
\BOOKMARK [2][-]{subsection.6.2.3}{\376\377\000P\000o\000r\000\040\000Q\000u\000\351\000\040\000E\000s\000t\000o\000s\000\040\000M\000i\000t\000o\000s\000\040\000P\000e\000r\000s\000i\000s\000t\000e\000n\000\040\000\050\0002\000\040\000m\000i\000n\000u\000t\000o\000s\000\051}{section.6.2}% 104
\BOOKMARK [2][-]{subsection.6.2.4}{\376\377\000E\000l\000\040\000C\000o\000s\000t\000o\000\040\000d\000e\000l\000\040\000E\000s\000t\000i\000g\000m\000a\000\040\000\050\0001\000.\0005\000\040\000m\000i\000n\000u\000t\000o\000s\000\051}{section.6.2}% 105
\BOOKMARK [1][-]{section.6.3}{\376\377\000P\000A\000R\000T\000E\000\040\000I\000I\000:\000\040\000C\000A\000M\000P\000A\000\321\000A\000\040\000D\000E\000\040\000S\000E\000N\000S\000I\000B\000I\000L\000I\000Z\000A\000C\000I\000\323\000N}{chapter.6}% 106
\BOOKMARK [2][-]{subsection.6.3.1}{\376\377\000P\000r\000o\000p\000u\000e\000s\000t\000a\000\040\000d\000e\000\040\000C\000a\000m\000p\000a\000\361\000a\000:\000\040\000`\000`\000L\000a\000\040\000S\000u\000p\000e\000r\000d\000o\000t\000a\000c\000i\000\363\000n\000\040\000E\000x\000i\000s\000t\000e\000.\000\040\000L\000a\000\040\000C\000o\000m\000p\000r\000e\000n\000s\000i\000\363\000n\000\040\000T\000a\000m\000b\000i\000\351\000n\000\040\000D\000e\000b\000e\000r\000\355\000a\000.\000`\000`}{section.6.3}% 107
\BOOKMARK [2][-]{subsection.6.3.2}{\376\377\000F\000o\000l\000l\000e\000t\000o\000\040\000p\000a\000r\000a\000\040\000D\000i\000s\000t\000r\000i\000b\000u\000c\000i\000\363\000n\000\040\000\050\0002\000\040\000p\000\341\000g\000i\000n\000a\000s\000\051}{section.6.3}% 108
\BOOKMARK [1][-]{section.6.4}{\376\377\000P\000A\000R\000T\000E\000\040\000I\000I\000I\000:\000\040\000M\000I\000N\000I\000-\000C\000H\000A\000R\000L\000A\000\040\000D\000I\000V\000U\000L\000G\000A\000T\000I\000V\000A\000\040\000\050\0005\000\040\000M\000I\000N\000U\000T\000O\000S\000\051}{chapter.6}% 109
\BOOKMARK [1][-]{section.6.5}{\376\377\000P\000A\000R\000T\000E\000\040\000I\000V\000:\000\040\000P\000A\000U\000T\000A\000S\000\040\000P\000A\000R\000A\000\040\000C\000O\000M\000U\000N\000I\000C\000A\000C\000I\000\323\000N\000\040\000P\000\332\000B\000L\000I\000C\000A}{chapter.6}% 110
\BOOKMARK [2][-]{subsection.6.5.1}{\376\377\000C\000\363\000m\000o\000\040\000H\000a\000b\000l\000a\000r\000\040\000S\000O\000B\000R\000E\000\040\000S\000u\000p\000e\000r\000d\000o\000t\000a\000c\000i\000\363\000n\000\040\000s\000i\000n\000\040\000P\000e\000r\000p\000e\000t\000u\000a\000r\000\040\000M\000i\000t\000o\000s}{section.6.5}% 111
\BOOKMARK [2][-]{subsection.6.5.2}{\376\377\000F\000r\000a\000m\000i\000n\000g\000:\000\040\000A\000n\000t\000e\000s\000\040\000y\000\040\000D\000e\000s\000p\000u\000\351\000s}{section.6.5}% 112
\BOOKMARK [1][-]{section.6.6}{\376\377\000P\000A\000R\000T\000E\000\040\000V\000:\000\040\000E\000J\000E\000R\000C\000I\000C\000I\000O\000\040\000P\000R\000\301\000C\000T\000I\000C\000O\000\040\000-\000\040\000I\000D\000E\000N\000T\000I\000F\000I\000C\000A\000\040\000E\000L\000\040\000M\000I\000T\000O\000\040\000E\000N\000\040\000T\000I}{chapter.6}% 113
\BOOKMARK [1][-]{section.6.7}{\376\377\000P\000A\000R\000T\000E\000\040\000V\000I\000:\000\040\000P\000R\000O\000P\000U\000E\000S\000T\000A\000S\000\040\000D\000E\000\040\000S\000E\000N\000S\000I\000B\000I\000L\000I\000Z\000A\000C\000I\000\323\000N\000\040\000S\000O\000S\000T\000E\000N\000I\000B\000L\000E}{chapter.6}% 114
\BOOKMARK [2][-]{subsection.6.7.1}{\376\377\000P\000a\000r\000a\000\040\000I\000n\000s\000t\000i\000t\000u\000c\000i\000o\000n\000e\000s\000\040\000E\000d\000u\000c\000a\000t\000i\000v\000a\000s}{section.6.7}% 115
\BOOKMARK [2][-]{subsection.6.7.2}{\376\377\000P\000a\000r\000a\000\040\000P\000r\000o\000f\000e\000s\000i\000o\000n\000a\000l\000e\000s\000\040\000\050\000P\000s\000i\000c\000\363\000l\000o\000g\000o\000s\000,\000\040\000T\000r\000a\000b\000a\000j\000a\000d\000o\000r\000e\000s\000\040\000S\000o\000c\000i\000a\000l\000e\000s\000\051}{section.6.7}% 116
\BOOKMARK [2][-]{subsection.6.7.3}{\376\377\000P\000a\000r\000a\000\040\000M\000e\000d\000i\000o\000s\000\040\000d\000e\000\040\000C\000o\000m\000u\000n\000i\000c\000a\000c\000i\000\363\000n}{section.6.7}% 117
\BOOKMARK [2][-]{subsection.6.7.4}{\376\377\000P\000a\000r\000a\000\040\000P\000o\000l\000\355\000t\000i\000c\000o\000s}{section.6.7}% 118
\BOOKMARK [1][-]{section.6.8}{\376\377\000P\000A\000R\000T\000E\000\040\000V\000I\000I\000:\000\040\000R\000E\000F\000L\000E\000X\000I\000\323\000N\000\040\000F\000I\000N\000A\000L}{chapter.6}% 119
\BOOKMARK [1][-]{section.6.9}{\376\377\000R\000E\000C\000U\000R\000S\000O\000S\000\040\000D\000E\000\040\000R\000E\000F\000E\000R\000E\000N\000C\000I\000A}{chapter.6}% 120
\BOOKMARK [1][-]{section.6.10}{\376\377\000L\000L\000A\000M\000A\000D\000A\000\040\000A\000\040\000L\000A\000\040\000A\000C\000C\000I\000\323\000N}{chapter.6}% 121
\BOOKMARK [0][-]{chapter.7}{\376\377\000I\000d\000e\000n\000t\000i\000f\000i\000c\000a\000c\000i\000\363\000n\000\040\000e\000n\000\040\000l\000a\000\040\000A\000d\000u\000l\000t\000e\000z}{}% 122
\BOOKMARK [1][-]{section.7.1}{\376\377\000C\000h\000a\000r\000l\000a\000\040\000+\000\040\000G\000u\000\355\000a\000\040\000d\000e\000\040\000A\000u\000t\000o\000e\000v\000a\000l\000u\000a\000c\000i\000\363\000n}{chapter.7}% 123
\BOOKMARK [1][-]{section.7.2}{\376\377\000P\000A\000R\000T\000E\000\040\000I\000:\000\040\000C\000H\000A\000R\000L\000A\000\040\000\050\0001\0005\000\040\000M\000I\000N\000U\000T\000O\000S\000\051}{chapter.7}% 124
\BOOKMARK [2][-]{subsection.7.2.1}{\376\377\000I\000n\000t\000r\000o\000d\000u\000c\000c\000i\000\363\000n\000\040\000\050\0001\000.\0005\000\040\000m\000i\000n\000u\000t\000o\000s\000\051}{section.7.2}% 125
\BOOKMARK [2][-]{subsection.7.2.2}{\376\377\000P\000a\000r\000t\000e\000\040\0001\000:\000\040\000\277\000P\000o\000r\000\040\000Q\000u\000\351\000\040\000s\000e\000\040\000P\000a\000s\000a\000\040\000p\000o\000r\000\040\000A\000l\000t\000o\000\040\000l\000a\000\040\000S\000u\000p\000e\000r\000d\000o\000t\000a\000c\000i\000\363\000n\000\040\000e\000n\000\040\000l\000a\000\040\000I\000n\000f\000a\000n\000c\000i\000a\000?\000\040\000\050\0003\000\040\000m\000i\000n\000u\000t\000o\000s\000\051}{section.7.2}% 126
\BOOKMARK [2][-]{subsection.7.2.3}{\376\377\000P\000a\000r\000t\000e\000\040\0002\000:\000\040\000L\000a\000s\000\040\000S\000e\000\361\000a\000l\000e\000s\000\040\000P\000r\000\341\000c\000t\000i\000c\000a\000s\040\024\000\277\000S\000o\000y\000\040\000Y\000o\000?\000\040\000\050\0004\000\040\000m\000i\000n\000u\000t\000o\000s\000\051}{section.7.2}% 127
\BOOKMARK [2][-]{subsection.7.2.4}{\376\377\000P\000a\000r\000t\000e\000\040\0003\000:\000\040\000\277\000C\000u\000\341\000n\000d\000o\000\040\000B\000u\000s\000c\000a\000r\000\040\000D\000i\000a\000g\000n\000\363\000s\000t\000i\000c\000o\000?\000\040\000\050\0002\000.\0005\000\040\000m\000i\000n\000u\000t\000o\000s\000\051}{section.7.2}% 128
\BOOKMARK [2][-]{subsection.7.2.5}{\376\377\000P\000a\000r\000t\000e\000\040\0004\000:\000\040\000\277\000C\000\363\000m\000o\000\040\000C\000o\000n\000f\000i\000r\000m\000a\000r\000l\000o\000?\000\040\000E\000l\000\040\000P\000r\000o\000c\000e\000s\000o\000\040\000\050\0002\000.\0005\000\040\000m\000i\000n\000u\000t\000o\000s\000\051}{section.7.2}% 129
\BOOKMARK [2][-]{subsection.7.2.6}{\376\377\000P\000a\000r\000t\000e\000\040\0005\000:\000\040\000P\000o\000s\000t\000-\000D\000i\000a\000g\000n\000\363\000s\000t\000i\000c\000o\040\024\000\277\000A\000h\000o\000r\000a\000\040\000Q\000u\000\351\000?\000\040\000\050\0001\000.\0005\000\040\000m\000i\000n\000u\000t\000o\000s\000\051}{section.7.2}% 130
\BOOKMARK [1][-]{section.7.3}{\376\377\000P\000A\000R\000T\000E\000\040\000I\000I\000:\000\040\000G\000U\000\315\000A\000\040\000D\000E\000\040\000A\000U\000T\000O\000E\000V\000A\000L\000U\000A\000C\000I\000\323\000N\000\040\000P\000R\000\301\000C\000T\000I\000C\000A}{chapter.7}% 131
\BOOKMARK [2][-]{subsection.7.3.1}{\376\377\000C\000u\000e\000s\000t\000i\000o\000n\000a\000r\000i\000o\000:\000\040\000\277\000P\000o\000d\000r\000\355\000a\000s\000\040\000S\000e\000r\000\040\000S\000u\000p\000e\000r\000d\000o\000t\000a\000d\000o\000?}{section.7.3}% 132
\BOOKMARK [2][-]{subsection.7.3.2}{\376\377\000P\000u\000n\000t\000u\000a\000c\000i\000\363\000n\000\040\000T\000o\000t\000a\000l\000:\000\040\000\137\000\137\000\137\000/\0001\0008\0000}{section.7.3}% 133
\BOOKMARK [2][-]{subsection.7.3.3}{\376\377\000I\000n\000t\000e\000r\000p\000r\000e\000t\000a\000c\000i\000\363\000n\000\040\000d\000e\000\040\000P\000u\000n\000t\000u\000a\000c\000i\000o\000n\000e\000s}{section.7.3}% 134
\BOOKMARK [2][-]{subsection.7.3.4}{\376\377\000R\000e\000f\000l\000e\000x\000i\000\363\000n\000\040\000P\000e\000r\000s\000o\000n\000a\000l}{section.7.3}% 135
\BOOKMARK [1][-]{section.7.4}{\376\377\000P\000A\000R\000T\000E\000\040\000I\000I\000I\000:\000\040\000L\000O\000\040\000Q\000U\000E\000\040\000E\000S\000P\000E\000R\000A\000R\000\040\000E\000N\000\040\000L\000A\000\040\000E\000V\000A\000L\000U\000A\000C\000I\000\323\000N}{chapter.7}% 136
\BOOKMARK [2][-]{subsection.7.4.1}{\376\377\000A\000n\000t\000e\000s\000\040\000d\000e\000\040\000l\000a\000\040\000C\000i\000t\000a}{section.7.4}% 137
\BOOKMARK [2][-]{subsection.7.4.2}{\376\377\000D\000u\000r\000a\000n\000t\000e\000\040\000l\000a\000\040\000E\000v\000a\000l\000u\000a\000c\000i\000\363\000n}{section.7.4}% 138
\BOOKMARK [2][-]{subsection.7.4.3}{\376\377\000D\000e\000s\000p\000u\000\351\000s\000\040\000d\000e\000\040\000l\000a\000\040\000E\000v\000a\000l\000u\000a\000c\000i\000\363\000n}{section.7.4}% 139
\BOOKMARK [1][-]{section.7.5}{\376\377\000C\000O\000N\000C\000L\000U\000S\000I\000\323\000N\000:\000\040\000L\000a\000\040\000I\000d\000e\000n\000t\000i\000f\000i\000c\000a\000c\000i\000\363\000n\000\040\000T\000a\000r\000d\000\355\000a\000\040\000N\000o\000\040\000E\000s\000\040\000F\000r\000a\000c\000a\000s\000o}{chapter.7}% 140
\BOOKMARK [1][-]{section.7.6}{\376\377\000R\000E\000C\000U\000R\000S\000O\000S}{chapter.7}% 141
\BOOKMARK [2][-]{subsection.7.6.1}{\376\377\000P\000a\000r\000a\000\040\000E\000n\000c\000o\000n\000t\000r\000a\000r\000\040\000E\000s\000p\000e\000c\000i\000a\000l\000i\000s\000t\000a}{section.7.6}% 142
\BOOKMARK [2][-]{subsection.7.6.2}{\376\377\000L\000e\000c\000t\000u\000r\000a\000s\000\040\000R\000e\000c\000o\000m\000e\000n\000d\000a\000d\000a\000s}{section.7.6}% 143
\BOOKMARK [2][-]{subsection.7.6.3}{\376\377\000C\000o\000m\000u\000n\000i\000d\000a\000d\000e\000s\000\040\000O\000n\000l\000i\000n\000e}{section.7.6}% 144
\BOOKMARK [2][-]{subsection.7.6.4}{\376\377\000R\000e\000c\000u\000e\000r\000d\000a}{section.7.6}% 145
\BOOKMARK [0][-]{chapter.8}{\376\377\000I\000m\000p\000o\000s\000t\000o\000r\000i\000s\000m\000o\000\040\000y\000\040\000S\000u\000b\000r\000e\000n\000d\000i\000m\000i\000e\000n\000t\000o}{}% 146
\BOOKMARK [1][-]{section.8.1}{\376\377\000T\000a\000l\000l\000e\000r\000\040\000d\000e\000\040\000C\000o\000a\000c\000h\000i\000n\000g\000\040\000y\000\040\000H\000e\000r\000r\000a\000m\000i\000e\000n\000t\000a\000s}{chapter.8}% 147
\BOOKMARK [1][-]{section.8.2}{\376\377\000P\000A\000R\000T\000E\000\040\000I\000:\000\040\000C\000H\000A\000R\000L\000A\000\040\000\050\0001\0005\000\040\000M\000I\000N\000U\000T\000O\000S\000\051}{chapter.8}% 148
\BOOKMARK [2][-]{subsection.8.2.1}{\376\377\000I\000n\000t\000r\000o\000d\000u\000c\000c\000i\000\363\000n\000\040\000\050\0001\000.\0005\000\040\000m\000i\000n\000u\000t\000o\000s\000\051}{section.8.2}% 149
\BOOKMARK [2][-]{subsection.8.2.2}{\376\377\000P\000a\000r\000t\000e\000\040\0001\000:\000\040\000\277\000Q\000u\000\351\000\040\000e\000s\000\040\000e\000l\000\040\000S\000\355\000n\000d\000r\000o\000m\000e\000\040\000d\000e\000l\000\040\000I\000m\000p\000o\000s\000t\000o\000r\000?\000\040\000\050\0002\000\040\000m\000i\000n\000u\000t\000o\000s\000\051}{section.8.2}% 150
\BOOKMARK [2][-]{subsection.8.2.3}{\376\377\000P\000a\000r\000t\000e\000\040\0002\000:\000\040\000E\000l\000\040\000S\000u\000b\000r\000e\000n\000d\000i\000m\000i\000e\000n\000t\000o\040\024\000A\000u\000t\000o\000s\000a\000b\000o\000t\000a\000j\000e\000\040\000C\000o\000n\000s\000c\000i\000e\000n\000t\000e\000\040\000e\000\040\000I\000n\000c\000o\000n\000s\000c\000i\000e\000n\000t\000e\000\040\000\050\0003\000\040\000m\000i\000n\000u\000t\000o\000s\000\051}{section.8.2}% 151
\BOOKMARK [2][-]{subsection.8.2.4}{\376\377\000P\000a\000r\000t\000e\000\040\0003\000:\000\040\000E\000l\000\040\000C\000i\000c\000l\000o\000\040\000V\000\355\000c\000t\000m\040\024\000C\000\363\000m\000o\000\040\000s\000e\000\040\000P\000e\000r\000p\000e\000t\000\372\000a\000\040\000\050\0002\000.\0005\000\040\000m\000i\000n\000u\000t\000o\000s\000\051}{section.8.2}% 152
\BOOKMARK [2][-]{subsection.8.2.5}{\376\377\000P\000a\000r\000t\000e\000\040\0004\000:\000\040\000O\000r\000\355\000g\000e\000n\000e\000s\040\024\000\277\000D\000e\000\040\000D\000\363\000n\000d\000e\000\040\000V\000i\000e\000n\000e\000\040\000T\000o\000d\000o\000\040\000E\000s\000t\000o\000?\000\040\000\050\0002\000\040\000m\000i\000n\000u\000t\000o\000s\000\051}{section.8.2}% 153
\BOOKMARK [2][-]{subsection.8.2.6}{\376\377\000P\000a\000r\000t\000e\000\040\0005\000:\000\040\000R\000o\000m\000p\000e\000r\000\040\000e\000l\000\040\000C\000i\000c\000l\000o\040\024\000E\000s\000t\000r\000a\000t\000e\000g\000i\000a\000s\000\040\000P\000r\000\341\000c\000t\000i\000c\000a\000s\000\040\000\050\0004\000\040\000m\000i\000n\000u\000t\000o\000s\000\051}{section.8.2}% 154
\BOOKMARK [2][-]{subsection.8.2.7}{\376\377\000P\000a\000r\000t\000e\000\040\0006\000:\000\040\000E\000l\000\040\000T\000u\000r\000n\000a\000r\000o\000u\000n\000d\040\024\000C\000u\000a\000n\000d\000o\000\040\000F\000i\000n\000a\000l\000m\000e\000n\000t\000e\000\040\000D\000e\000t\000i\000e\000n\000e\000s\000\040\000e\000l\000\040\000C\000i\000c\000l\000o\000\040\000\050\0001\000\040\000m\000i\000n\000u\000t\000o\000\051}{section.8.2}% 155
\BOOKMARK [1][-]{section.8.3}{\376\377\000P\000A\000R\000T\000E\000\040\000I\000I\000:\000\040\000G\000U\000\315\000A\000\040\000D\000E\000\040\000A\000U\000T\000O\000E\000V\000A\000L\000U\000A\000C\000I\000\323\000N}{chapter.8}% 156
\BOOKMARK [2][-]{subsection.8.3.1}{\376\377\000C\000u\000e\000s\000t\000i\000o\000n\000a\000r\000i\000o\000:\000\040\000\277\000T\000e\000n\000g\000o\000\040\000S\000\355\000n\000d\000r\000o\000m\000e\000\040\000d\000e\000l\000\040\000I\000m\000p\000o\000s\000t\000o\000r\000\040\000y\000/\000o\000\040\000S\000u\000b\000r\000e\000n\000d\000i\000m\000i\000e\000n\000t\000o\000?}{section.8.3}% 157
\BOOKMARK [2][-]{subsection.8.3.2}{\376\377\000P\000u\000n\000t\000u\000a\000c\000i\000\363\000n\000\040\000T\000o\000t\000a\000l\000:\000\040\000\137\000\137\000\137\000/\0001\0000\0005}{section.8.3}% 158
\BOOKMARK [2][-]{subsection.8.3.3}{\376\377\000I\000n\000t\000e\000r\000p\000r\000e\000t\000a\000c\000i\000\363\000n}{section.8.3}% 159
\BOOKMARK [1][-]{section.8.4}{\376\377\000P\000A\000R\000T\000E\000\040\000I\000I\000I\000:\000\040\000H\000E\000R\000R\000A\000M\000I\000E\000N\000T\000A\000S\000\040\000Y\000\040\000E\000J\000E\000R\000C\000I\000C\000I\000O\000S}{chapter.8}% 160
\BOOKMARK [2][-]{subsection.8.4.1}{\376\377\000E\000j\000e\000r\000c\000i\000c\000i\000o\000\040\0001\000:\000\040\000E\000l\000\040\000D\000o\000c\000u\000m\000e\000n\000t\000o\000\040\000d\000e\000\040\000E\000v\000i\000d\000e\000n\000c\000i\000a\000s}{section.8.4}% 161
\BOOKMARK [2][-]{subsection.8.4.2}{\376\377\000E\000j\000e\000r\000c\000i\000c\000i\000o\000\040\0002\000:\000\040\000L\000a\000\040\000P\000i\000r\000\341\000m\000i\000d\000e\000\040\000d\000e\000\040\000\311\000x\000i\000t\000o}{section.8.4}% 162
\BOOKMARK [2][-]{subsection.8.4.3}{\376\377\000E\000j\000e\000r\000c\000i\000c\000i\000o\000\040\0003\000:\000\040\000E\000l\000\040\000R\000e\000f\000r\000a\000m\000e\000\040\000C\000o\000g\000n\000i\000t\000i\000v\000o}{section.8.4}% 163
\BOOKMARK [2][-]{subsection.8.4.4}{\376\377\000E\000j\000e\000r\000c\000i\000c\000i\000o\000\040\0004\000:\000\040\000L\000a\000\040\000P\000r\000u\000e\000b\000a\000\040\000d\000e\000\040\000`\000`\000S\000u\000f\000i\000c\000i\000e\000n\000t\000e\000m\000e\000n\000t\000e\000\040\000B\000u\000e\000n\000o\000`\000`}{section.8.4}% 164
\BOOKMARK [2][-]{subsection.8.4.5}{\376\377\000E\000j\000e\000r\000c\000i\000c\000i\000o\000\040\0005\000:\000\040\000L\000a\000\040\000C\000a\000r\000t\000a\000\040\000d\000e\000l\000\040\000F\000u\000t\000u\000r\000o}{section.8.4}% 165
\BOOKMARK [1][-]{section.8.5}{\376\377\000P\000A\000R\000T\000E\000\040\000I\000V\000:\000\040\000L\000L\000A\000M\000A\000D\000A\000S\000\040\000A\000\040\000L\000A\000\040\000A\000C\000C\000I\000\323\000N}{chapter.8}% 166
\BOOKMARK [2][-]{subsection.8.5.1}{\376\377\000I\000n\000m\000e\000d\000i\000a\000t\000o\000\040\000\050\000E\000s\000t\000a\000\040\000s\000e\000m\000a\000n\000a\000\051\000:}{section.8.5}% 167
\BOOKMARK [2][-]{subsection.8.5.2}{\376\377\000E\000s\000t\000e\000\040\000m\000e\000s\000:}{section.8.5}% 168
\BOOKMARK [2][-]{subsection.8.5.3}{\376\377\000E\000s\000t\000e\000\040\000a\000\361\000o\000:}{section.8.5}% 169
\BOOKMARK [1][-]{section.8.6}{\376\377\000C\000O\000N\000C\000L\000U\000S\000I\000\323\000N}{chapter.8}% 170
\BOOKMARK [1][-]{section.8.7}{\376\377\000R\000E\000C\000U\000R\000S\000O\000S}{chapter.8}% 171
\BOOKMARK [0][-]{chapter.9}{\376\377\000A\000s\000p\000e\000c\000t\000o\000s\000\040\000I\000n\000t\000e\000r\000c\000u\000l\000t\000u\000r\000a\000l\000e\000s\000\040\000e\000\040\000I\000n\000t\000e\000r\000s\000e\000c\000c\000i\000o\000n\000a\000l\000e\000s}{}% 172
\BOOKMARK [1][-]{section.9.1}{\376\377\000M\000e\000s\000a\000\040\000R\000e\000d\000o\000n\000d\000a\000\040\000o\000\040\000P\000a\000n\000e\000l\000\040\000M\000u\000l\000t\000i\000d\000i\000s\000c\000i\000p\000l\000i\000n\000a\000r\000\040\000d\000e\000\040\0001\0005\000\040\000m\000i\000n\000u\000t\000o\000s}{chapter.9}% 173
\BOOKMARK [1][-]{section.9.2}{\376\377\000P\000A\000R\000T\000E\000\040\000I\000:\000\040\000C\000H\000A\000R\000L\000A\000\040\000\050\0001\0005\000\040\000M\000I\000N\000U\000T\000O\000S\000\051}{chapter.9}% 174
\BOOKMARK [2][-]{subsection.9.2.1}{\376\377\000I\000n\000t\000r\000o\000d\000u\000c\000c\000i\000\363\000n\000\040\000\050\0002\000\040\000m\000i\000n\000u\000t\000o\000s\000\051}{section.9.2}% 175
\BOOKMARK [2][-]{subsection.9.2.2}{\376\377\000P\000a\000r\000t\000e\000\040\0001\000:\000\040\000\277\000Q\000u\000\351\000\040\000e\000s\000\040\000l\000a\000\040\000I\000n\000t\000e\000r\000s\000e\000c\000c\000i\000o\000n\000a\000l\000i\000d\000a\000d\000?\000\040\000\050\0002\000\040\000m\000i\000n\000u\000t\000o\000s\000\051}{section.9.2}% 176
\BOOKMARK [2][-]{subsection.9.2.3}{\376\377\000P\000a\000r\000t\000e\000\040\0002\000:\000\040\000L\000a\000\040\000C\000o\000n\000s\000t\000r\000u\000c\000c\000i\000\363\000n\000\040\000S\000o\000c\000i\000a\000l\000\040\000d\000e\000\040\000l\000a\000\040\000S\000u\000p\000e\000r\000d\000o\000t\000a\000c\000i\000\363\000n\000\040\000\050\0003\000\040\000m\000i\000n\000u\000t\000o\000s\000\051}{section.9.2}% 177
\BOOKMARK [2][-]{subsection.9.2.4}{\376\377\000P\000a\000r\000t\000e\000\040\0003\000:\000\040\000G\000\351\000n\000e\000r\000o\000\040\000y\000\040\000S\000u\000p\000e\000r\000d\000o\000t\000a\000c\000i\000\363\000n\000\040\000\050\0003\000\040\000m\000i\000n\000u\000t\000o\000s\000\051}{section.9.2}% 178
\BOOKMARK [2][-]{subsection.9.2.5}{\376\377\000P\000a\000r\000t\000e\000\040\0004\000:\000\040\000R\000a\000z\000a\000,\000\040\000E\000t\000n\000i\000a\000\040\000y\000\040\000S\000u\000p\000e\000r\000d\000o\000t\000a\000c\000i\000\363\000n\000\040\000\050\0003\000\040\000m\000i\000n\000u\000t\000o\000s\000\051}{section.9.2}% 179
\BOOKMARK [2][-]{subsection.9.2.6}{\376\377\000P\000a\000r\000t\000e\000\040\0005\000:\000\040\000C\000l\000a\000s\000e\000\040\000S\000o\000c\000i\000a\000l\000\040\000y\000\040\000S\000u\000p\000e\000r\000d\000o\000t\000a\000c\000i\000\363\000n\000\040\000\050\0002\000\040\000m\000i\000n\000u\000t\000o\000s\000\051}{section.9.2}% 180
\BOOKMARK [2][-]{subsection.9.2.7}{\376\377\000P\000a\000r\000t\000e\000\040\0006\000:\000\040\000O\000r\000i\000e\000n\000t\000a\000c\000i\000\363\000n\000\040\000S\000e\000x\000u\000a\000l\000,\000\040\000I\000d\000e\000n\000t\000i\000d\000a\000d\000\040\000d\000e\000\040\000G\000\351\000n\000e\000r\000o\000,\000\040\000y\000\040\000S\000u\000p\000e\000r\000d\000o\000t\000a\000c\000i\000\363\000n\000\040\000\050\0001\000.\0005\000\040\000m\000i\000n\000u\000t\000o\000s\000\051}{section.9.2}% 181
\BOOKMARK [2][-]{subsection.9.2.8}{\376\377\000P\000a\000r\000t\000e\000\040\0007\000:\000\040\000N\000e\000u\000r\000o\000d\000i\000v\000e\000r\000s\000i\000d\000a\000d\000\040\000y\000\040\000D\000o\000b\000l\000e\000/\000T\000r\000i\000p\000l\000e\000\040\000E\000x\000c\000e\000p\000c\000i\000o\000n\000a\000l\000i\000d\000a\000d\000\040\000\050\0001\000.\0005\000\040\000m\000i\000n\000u\000t\000o\000s\000\051}{section.9.2}% 182
\BOOKMARK [1][-]{section.9.3}{\376\377\000P\000A\000R\000T\000E\000\040\000I\000I\000:\000\040\000M\000A\000R\000C\000O\000\040\000C\000O\000N\000C\000E\000P\000T\000U\000A\000L\000\040\000I\000N\000T\000E\000R\000S\000E\000C\000C\000I\000O\000N\000A\000L}{chapter.9}% 183
\BOOKMARK [2][-]{subsection.9.3.1}{\376\377\000M\000a\000t\000r\000i\000z\000\040\000d\000e\000\040\000D\000o\000m\000i\000n\000a\000c\000i\000\363\000n\000\040\000\050\000P\000a\000t\000r\000i\000c\000i\000a\000\040\000H\000i\000l\000l\000\040\000C\000o\000l\000l\000i\000n\000s\000\051}{section.9.3}% 184
\BOOKMARK [2][-]{subsection.9.3.2}{\376\377\000E\000j\000e\000m\000p\000l\000o\000\040\000C\000o\000n\000c\000r\000e\000t\000o\000:\000\040\000T\000r\000e\000s\000\040\000P\000e\000r\000s\000o\000n\000a\000s\000\040\000S\000u\000p\000e\000r\000d\000o\000t\000a\000d\000a\000s}{section.9.3}% 185
\BOOKMARK [1][-]{section.9.4}{\376\377\000P\000A\000R\000T\000E\000\040\000I\000I\000I\000:\000\040\000P\000R\000O\000P\000U\000E\000S\000T\000A\000S\000\040\000D\000E\000\040\000I\000N\000T\000E\000R\000V\000E\000N\000C\000I\000\323\000N\000\040\000I\000N\000T\000E\000R\000S\000E\000C\000C\000I\000O\000N\000A\000L}{chapter.9}% 186
\BOOKMARK [2][-]{subsection.9.4.1}{\376\377\000A\000\040\000N\000i\000v\000e\000l\000\040\000d\000e\000\040\000I\000d\000e\000n\000t\000i\000f\000i\000c\000a\000c\000i\000\363\000n}{section.9.4}% 187
\BOOKMARK [2][-]{subsection.9.4.2}{\376\377\000A\000\040\000N\000i\000v\000e\000l\000\040\000E\000d\000u\000c\000a\000t\000i\000v\000o}{section.9.4}% 188
\BOOKMARK [2][-]{subsection.9.4.3}{\376\377\000A\000\040\000N\000i\000v\000e\000l\000\040\000d\000e\000\040\000P\000o\000l\000\355\000t\000i\000c\000a\000\040\000P\000\372\000b\000l\000i\000c\000a}{section.9.4}% 189
\BOOKMARK [1][-]{section.9.5}{\376\377\000P\000A\000R\000T\000E\000\040\000I\000V\000:\000\040\000T\000E\000S\000T\000I\000M\000O\000N\000I\000O\000\040\000\050\000E\000j\000e\000m\000p\000l\000o\000\040\000d\000e\000\040\000N\000a\000r\000r\000a\000t\000i\000v\000a\000\040\000I\000n\000t\000e\000r\000s\000e\000c\000c\000i\000o\000n\000a\000l\000\051}{chapter.9}% 190
\BOOKMARK [2][-]{subsection.9.5.1}{\376\377\000H\000i\000s\000t\000o\000r\000i\000a\000\040\000d\000e\000\040\000`\000`\000M\000a\000r\000\355\000a\000`\000`\000\040\000\050\000C\000o\000m\000p\000u\000e\000s\000t\000o\000\040\000d\000e\000\040\000M\000\372\000l\000t\000i\000p\000l\000e\000s\000\040\000T\000e\000s\000t\000i\000m\000o\000n\000i\000o\000s\000\040\000R\000e\000a\000l\000e\000s\000\051}{section.9.5}% 191
\BOOKMARK [1][-]{section.9.6}{\376\377\000P\000A\000R\000T\000E\000\040\000V\000:\000\040\000R\000E\000F\000L\000E\000X\000I\000\323\000N\000\040\000Y\000\040\000L\000L\000A\000M\000A\000D\000A\000S\000\040\000A\000\040\000L\000A\000\040\000A\000C\000C\000I\000\323\000N}{chapter.9}% 192
\BOOKMARK [2][-]{subsection.9.6.1}{\376\377\000P\000a\000r\000a\000\040\000E\000d\000u\000c\000a\000d\000o\000r\000e\000s}{section.9.6}% 193
\BOOKMARK [2][-]{subsection.9.6.2}{\376\377\000P\000a\000r\000a\000\040\000I\000n\000v\000e\000s\000t\000i\000g\000a\000d\000o\000r\000e\000s}{section.9.6}% 194
\BOOKMARK [2][-]{subsection.9.6.3}{\376\377\000P\000a\000r\000a\000\040\000R\000e\000s\000p\000o\000n\000s\000a\000b\000l\000e\000s\000\040\000d\000e\000\040\000P\000o\000l\000\355\000t\000i\000c\000a\000s\000\040\000P\000\372\000b\000l\000i\000c\000a\000s}{section.9.6}% 195
\BOOKMARK [2][-]{subsection.9.6.4}{\376\377\000P\000a\000r\000a\000\040\000A\000d\000u\000l\000t\000o\000s\000\040\000S\000u\000p\000e\000r\000d\000o\000t\000a\000d\000o\000s}{section.9.6}% 196
\BOOKMARK [1][-]{section.9.7}{\376\377\000C\000O\000N\000C\000L\000U\000S\000I\000\323\000N}{chapter.9}% 197
\BOOKMARK [1][-]{section.9.8}{\376\377\000R\000E\000C\000U\000R\000S\000O\000S\000\040\000Y\000\040\000L\000E\000C\000T\000U\000R\000A\000S\000\040\000R\000E\000C\000O\000M\000E\000N\000D\000A\000D\000A\000S}{chapter.9}% 198
\BOOKMARK [2][-]{subsection.9.8.1}{\376\377\000T\000e\000x\000t\000o\000s\000\040\000F\000u\000n\000d\000a\000c\000i\000o\000n\000a\000l\000e\000s\000\040\000d\000e\000\040\000I\000n\000t\000e\000r\000s\000e\000c\000c\000i\000o\000n\000a\000l\000i\000d\000a\000d}{section.9.8}% 199
\BOOKMARK [2][-]{subsection.9.8.2}{\376\377\000I\000n\000t\000e\000r\000s\000e\000c\000c\000i\000o\000n\000a\000l\000i\000d\000a\000d\000\040\000y\000\040\000S\000u\000p\000e\000r\000d\000o\000t\000a\000c\000i\000\363\000n}{section.9.8}% 200
\BOOKMARK [2][-]{subsection.9.8.3}{\376\377\000G\000\351\000n\000e\000r\000o\000\040\000y\000\040\000S\000u\000p\000e\000r\000d\000o\000t\000a\000c\000i\000\363\000n}{section.9.8}% 201
\BOOKMARK [2][-]{subsection.9.8.4}{\376\377\000C\000u\000l\000t\000u\000r\000a\000\040\000y\000\040\000S\000u\000p\000e\000r\000d\000o\000t\000a\000c\000i\000\363\000n}{section.9.8}% 202
\BOOKMARK [2][-]{subsection.9.8.5}{\376\377\000L\000G\000B\000T\000Q\000+\000\040\000y\000\040\000S\000u\000p\000e\000r\000d\000o\000t\000a\000c\000i\000\363\000n}{section.9.8}% 203
\BOOKMARK [1][-]{section.9.9}{\376\377\000A\000P\000\311\000N\000D\000I\000C\000E\000:\000\040\000C\000H\000E\000C\000K\000L\000I\000S\000T\000\040\000D\000E\000\040\000E\000Q\000U\000I\000D\000A\000D\000\040\000I\000N\000T\000E\000R\000S\000E\000C\000C\000I\000O\000N\000A\000L}{chapter.9}% 204
\BOOKMARK [2][-]{subsection.9.9.1}{\376\377\000P\000a\000r\000a\000\040\000P\000r\000o\000g\000r\000a\000m\000a\000s\000\040\000d\000e\000\040\000S\000u\000p\000e\000r\000d\000o\000t\000a\000c\000i\000\363\000n}{section.9.9}% 205
\BOOKMARK [0][-]{chapter.10}{\376\377\000I\000n\000v\000e\000s\000t\000i\000g\000a\000c\000i\000\363\000n\000\040\000y\000\040\000M\000e\000t\000o\000d\000o\000l\000o\000g\000\355\000a\000s\000\040\000p\000a\000r\000a\000\040\000E\000s\000t\000u\000d\000i\000a\000r\000\040\000A\000d\000u\000l\000t\000o\000s\000\040\000S\000u\000p\000e\000r\000d\000o\000t\000a\000d\000o\000s}{}% 206
\BOOKMARK [1][-]{section.10.1}{\376\377\000S\000e\000m\000i\000n\000a\000r\000i\000o\000\040\000A\000c\000a\000d\000\351\000m\000i\000c\000o\000\040\000d\000e\000\040\0001\0005\000\040\000m\000i\000n\000u\000t\000o\000s\000\040\000+\000\040\000P\000r\000o\000p\000u\000e\000s\000t\000a\000\040\000d\000e\000\040\000E\000s\000t\000u\000d\000i\000o\000s}{chapter.10}% 207
\BOOKMARK [1][-]{section.10.2}{\376\377\000P\000A\000R\000T\000E\000\040\000I\000:\000\040\000C\000H\000A\000R\000L\000A\000\040\000\050\0001\0005\000\040\000M\000I\000N\000U\000T\000O\000S\000\051}{chapter.10}% 208
\BOOKMARK [2][-]{subsection.10.2.1}{\376\377\000I\000n\000t\000r\000o\000d\000u\000c\000c\000i\000\363\000n\000\040\000\050\0001\000.\0005\000\040\000m\000i\000n\000u\000t\000o\000s\000\051}{section.10.2}% 209
\BOOKMARK [2][-]{subsection.10.2.2}{\376\377\000E\000l\000\040\000E\000s\000t\000a\000d\000o\000\040\000A\000c\000t\000u\000a\000l\000\040\000d\000e\000\040\000l\000a\000\040\000I\000n\000v\000e\000s\000t\000i\000g\000a\000c\000i\000\363\000n\000\040\000e\000n\000\040\000A\000d\000u\000l\000t\000o\000s\000\040\000S\000u\000p\000e\000r\000d\000o\000t\000a\000d\000o\000s\000\040\000\050\0003\000\040\000m\000i\000n\000u\000t\000o\000s\000\051}{section.10.2}% 210
\BOOKMARK [2][-]{subsection.10.2.3}{\376\377\000L\000a\000s\000\040\000B\000r\000e\000c\000h\000a\000s\000\040\000C\000r\000\355\000t\000i\000c\000a\000s\000:\000\040\000\277\000Q\000u\000\351\000\040\000N\000o\000\040\000S\000a\000b\000e\000m\000o\000s\000?\000\040\000\050\0004\000\040\000m\000i\000n\000u\000t\000o\000s\000\051}{section.10.2}% 211
\BOOKMARK [2][-]{subsection.10.2.4}{\376\377\000M\000e\000t\000o\000d\000o\000l\000o\000g\000\355\000a\000s\000:\000\040\000\277\000C\000\363\000m\000o\000\040\000l\000o\000\040\000E\000s\000t\000u\000d\000i\000a\000m\000o\000s\000?\000\040\000\050\0004\000\040\000m\000i\000n\000u\000t\000o\000s\000\051}{section.10.2}% 212
\BOOKMARK [2][-]{subsection.10.2.5}{\376\377\000P\000r\000o\000p\000u\000e\000s\000t\000a\000\040\000C\000o\000n\000c\000r\000e\000t\000a\000:\000\040\000E\000s\000t\000u\000d\000i\000o\000s\000\040\000N\000e\000c\000e\000s\000a\000r\000i\000o\000s\000\040\000\050\0002\000.\0005\000\040\000m\000i\000n\000u\000t\000o\000s\000\051}{section.10.2}% 213
\BOOKMARK [2][-]{subsection.10.2.6}{\376\377\000C\000o\000n\000c\000l\000u\000s\000i\000\363\000n\000\040\000\050\0001\000\040\000m\000i\000n\000u\000t\000o\000\051}{section.10.2}% 214
\BOOKMARK [1][-]{section.10.3}{\376\377\000P\000A\000R\000T\000E\000\040\000I\000I\000:\000\040\000P\000R\000O\000P\000U\000E\000S\000T\000A\000S\000\040\000D\000E\000\040\000I\000N\000V\000E\000S\000T\000I\000G\000A\000C\000I\000\323\000N\000\040\000D\000E\000T\000A\000L\000L\000A\000D\000A\000S}{chapter.10}% 215
\BOOKMARK [2][-]{subsection.10.3.1}{\376\377\000A\000.\000\040\000I\000N\000V\000E\000S\000T\000I\000G\000A\000C\000I\000\323\000N\000\040\000C\000U\000A\000N\000T\000I\000T\000A\000T\000I\000V\000A\000:\000\040\000E\000s\000t\000u\000d\000i\000o\000\040\000E\000p\000i\000d\000e\000m\000i\000o\000l\000\363\000g\000i\000c\000o\000\040\000d\000e\000\040\000S\000a\000l\000u\000d\000\040\000M\000e\000n\000t\000a\000l}{section.10.3}% 216
\BOOKMARK [2][-]{subsection.10.3.2}{\376\377\000B\000.\000\040\000I\000N\000V\000E\000S\000T\000I\000G\000A\000C\000I\000\323\000N\000\040\000C\000U\000A\000L\000I\000T\000A\000T\000I\000V\000A\000:\000\040\000E\000x\000p\000e\000r\000i\000e\000n\000c\000i\000a\000\040\000V\000i\000v\000i\000d\000a\000\040\000d\000e\000\040\000S\000u\000p\000e\000r\000d\000o\000t\000a\000c\000i\000\363\000n\000\040\000e\000n\000\040\000A\000d\000u\000l\000t\000e\000z}{section.10.3}% 217
\BOOKMARK [2][-]{subsection.10.3.3}{\376\377\000C\000.\000\040\000M\000\311\000T\000O\000D\000O\000S\000\040\000M\000I\000X\000T\000O\000S\000:\000\040\000T\000r\000a\000y\000e\000c\000t\000o\000r\000i\000a\000s\000\040\000L\000a\000b\000o\000r\000a\000l\000e\000s\000\040\000y\000\040\000S\000a\000t\000i\000s\000f\000a\000c\000c\000i\000\363\000n\000\040\000V\000o\000c\000a\000c\000i\000o\000n\000a\000l}{section.10.3}% 218
\BOOKMARK [2][-]{subsection.10.3.4}{\376\377\000D\000.\000\040\000I\000N\000V\000E\000S\000T\000I\000G\000A\000C\000I\000\323\000N\000\040\000E\000M\000E\000R\000G\000E\000N\000T\000E\000:\000\040\000I\000n\000t\000e\000r\000s\000e\000c\000c\000i\000o\000n\000a\000l\000i\000d\000a\000d\000\040\000y\000\040\000S\000u\000p\000e\000r\000d\000o\000t\000a\000c\000i\000\363\000n}{section.10.3}% 219
\BOOKMARK [1][-]{section.10.4}{\376\377\000P\000A\000R\000T\000E\000\040\000I\000I\000I\000:\000\040\000C\000O\000N\000S\000I\000D\000E\000R\000A\000C\000I\000O\000N\000E\000S\000\040\000M\000E\000T\000O\000D\000O\000L\000\323\000G\000I\000C\000A\000S\000\040\000C\000R\000\315\000T\000I\000C\000A\000S}{chapter.10}% 220
\BOOKMARK [2][-]{subsection.10.4.1}{\376\377\000S\000e\000s\000g\000o\000\040\000d\000e\000\040\000M\000u\000e\000s\000t\000r\000e\000o\000:\000\040\000E\000l\000\040\000E\000l\000e\000f\000a\000n\000t\000e\000\040\000e\000n\000\040\000l\000a\000\040\000H\000a\000b\000i\000t\000a\000c\000i\000\363\000n}{section.10.4}% 221
\BOOKMARK [2][-]{subsection.10.4.2}{\376\377\000V\000a\000l\000i\000d\000e\000z\000\040\000d\000e\000\040\000C\000o\000n\000s\000t\000r\000u\000c\000t\000o\000:\000\040\000\277\000Q\000u\000\351\000\040\000E\000s\000t\000a\000m\000o\000s\000\040\000M\000i\000d\000i\000e\000n\000d\000o\000?}{section.10.4}% 222
\BOOKMARK [2][-]{subsection.10.4.3}{\376\377\000R\000e\000c\000l\000u\000t\000a\000m\000i\000e\000n\000t\000o\000\040\000d\000e\000\040\000A\000d\000u\000l\000t\000o\000s\000\040\000S\000u\000p\000e\000r\000d\000o\000t\000a\000d\000o\000s\000\040\000N\000o\000\040\000D\000i\000a\000g\000n\000o\000s\000t\000i\000c\000a\000d\000o\000s}{section.10.4}% 223
\BOOKMARK [2][-]{subsection.10.4.4}{\376\377\000A\000t\000t\000r\000i\000t\000i\000o\000n\000\040\000e\000n\000\040\000E\000s\000t\000u\000d\000i\000o\000s\000\040\000L\000o\000n\000g\000i\000t\000u\000d\000i\000n\000a\000l\000e\000s}{section.10.4}% 224
\BOOKMARK [2][-]{subsection.10.4.5}{\376\377\000R\000e\000f\000l\000e\000x\000i\000v\000i\000d\000a\000d\000\040\000d\000e\000l\000\040\000I\000n\000v\000e\000s\000t\000i\000g\000a\000d\000o\000r}{section.10.4}% 225
\BOOKMARK [1][-]{section.10.5}{\376\377\000P\000A\000R\000T\000E\000\040\000I\000V\000:\000\040\000P\000R\000O\000P\000U\000E\000S\000T\000A\000\040\000D\000E\000\040\000R\000E\000D\000\040\000D\000E\000\040\000I\000N\000V\000E\000S\000T\000I\000G\000A\000C\000I\000\323\000N}{chapter.10}% 226
\BOOKMARK [1][-]{section.10.6}{\376\377\000C\000O\000N\000C\000L\000U\000S\000I\000\323\000N\000\040\000Y\000\040\000L\000L\000A\000M\000A\000D\000A\000\040\000A\000\040\000L\000A\000\040\000A\000C\000C\000I\000\323\000N}{chapter.10}% 227
\BOOKMARK [1][-]{section.10.7}{\376\377\000R\000E\000F\000E\000R\000E\000N\000C\000I\000A\000S\000\040\000D\000E\000\040\000M\000E\000T\000O\000D\000O\000L\000O\000G\000\315\000A}{chapter.10}% 228
\BOOKMARK [0][-]{chapter.11}{\376\377\000P\000a\000r\000e\000n\000t\000a\000l\000i\000d\000a\000d\000:\000\040\000S\000e\000r\000\040\000P\000a\000d\000r\000e\000/\000M\000a\000d\000r\000e\000\040\000S\000u\000p\000e\000r\000d\000o\000t\000a\000d\000o}{}% 229
\BOOKMARK [1][-]{section.11.1}{\376\377\000S\000e\000m\000i\000n\000a\000r\000i\000o\000\040\000F\000a\000m\000i\000l\000i\000a\000r\000\040\000+\000\040\000H\000e\000r\000r\000a\000m\000i\000e\000n\000t\000a\000s\000\040\000d\000e\000\040\000C\000r\000i\000a\000n\000z\000a\000\040\000C\000o\000n\000s\000c\000i\000e\000n\000t\000e}{chapter.11}% 230
\BOOKMARK [1][-]{section.11.2}{\376\377\000P\000A\000R\000T\000E\000\040\000I\000:\000\040\000C\000H\000A\000R\000L\000A\000\040\000\050\0001\0005\000\040\000M\000I\000N\000U\000T\000O\000S\000\051}{chapter.11}% 231
\BOOKMARK [2][-]{subsection.11.2.1}{\376\377\000I\000n\000t\000r\000o\000d\000u\000c\000c\000i\000\363\000n\000\040\000\050\0001\000.\0005\000\040\000m\000i\000n\000u\000t\000o\000s\000\051}{section.11.2}% 232
\BOOKMARK [2][-]{subsection.11.2.2}{\376\377\000P\000a\000r\000t\000e\000\040\0001\000:\000\040\000L\000a\000\040\000I\000d\000e\000n\000t\000i\000d\000a\000d\000\040\000P\000a\000d\000r\000e\000/\000M\000a\000d\000r\000e\000\040\000S\000u\000p\000e\000r\000d\000o\000t\000a\000d\000o\000\040\000\050\0002\000\040\000m\000i\000n\000u\000t\000o\000s\000\051}{section.11.2}% 233
\BOOKMARK [2][-]{subsection.11.2.3}{\376\377\000P\000a\000r\000t\000e\000\040\0002\000:\000\040\000E\000l\000\040\000R\000i\000e\000s\000g\000o\000\040\000d\000e\000\040\000P\000r\000o\000y\000e\000c\000c\000i\000\363\000n\040\024\000C\000u\000a\000n\000d\000o\000\040\000E\000l\000\040\000H\000i\000j\000o\000\040\000S\000e\000\040\000C\000o\000n\000v\000i\000e\000r\000t\000e\000\040\000E\000n\000\040\000P\000r\000o\000y\000e\000c\000t\000o\000\040\000\050\0002\000.\0005\000\040\000m\000i\000n\000u\000t\000o\000s\000\051}{section.11.2}% 234
\BOOKMARK [2][-]{subsection.11.2.4}{\376\377\000P\000a\000r\000t\000e\000\040\0003\000:\000\040\000D\000i\000n\000\341\000m\000i\000c\000a\000s\000\040\000E\000s\000p\000e\000c\000\355\000f\000i\000c\000a\000s\000\040\000d\000e\000\040\000F\000a\000m\000i\000l\000i\000a\000\040\000S\000u\000p\000e\000r\000d\000o\000t\000a\000d\000a\000\040\000\050\0002\000.\0005\000\040\000m\000i\000n\000u\000t\000o\000s\000\051}{section.11.2}% 235
\BOOKMARK [2][-]{subsection.11.2.5}{\376\377\000P\000a\000r\000t\000e\000\040\0004\000:\000\040\000L\000o\000\040\000Q\000u\000e\000\040\000S\000\315\000\040\000F\000u\000n\000c\000i\000o\000n\000a\040\024\000C\000r\000i\000a\000n\000z\000a\000\040\000C\000o\000n\000s\000c\000i\000e\000n\000t\000e\000\040\000d\000e\000\040\000S\000u\000p\000e\000r\000d\000o\000t\000a\000d\000o\000s\000\040\000\050\0002\000.\0005\000\040\000m\000i\000n\000u\000t\000o\000s\000\051}{section.11.2}% 236
\BOOKMARK [2][-]{subsection.11.2.6}{\376\377\000P\000a\000r\000t\000e\000\040\0005\000:\000\040\000L\000o\000\040\000Q\000u\000e\000\040\000L\000o\000s\000\040\000N\000i\000\361\000o\000s\000\040\000S\000u\000p\000e\000r\000d\000o\000t\000a\000d\000o\000s\000\040\000R\000E\000A\000L\000M\000E\000N\000T\000E\000\040\000N\000e\000c\000e\000s\000i\000t\000a\000n\000\040\000d\000e\000\040\000S\000u\000s\000\040\000P\000a\000d\000r\000e\000s\000\040\000\050\0002\000\040\000m\000i\000n\000u\000t\000o\000s\000\051}{section.11.2}% 237
\BOOKMARK [1][-]{section.11.3}{\376\377\000P\000A\000R\000T\000E\000\040\000I\000I\000:\000\040\000G\000U\000\315\000A\000\040\000P\000R\000\301\000C\000T\000I\000C\000A\000\040\000D\000E\000\040\000A\000U\000T\000O\000C\000O\000N\000C\000I\000E\000N\000C\000I\000A}{chapter.11}% 238
\BOOKMARK [2][-]{subsection.11.3.1}{\376\377\000E\000j\000e\000r\000c\000i\000c\000i\000o\000\040\0001\000:\000\040\000A\000r\000q\000u\000e\000o\000l\000o\000g\000\355\000a\000\040\000d\000e\000\040\000T\000u\000\040\000P\000r\000o\000p\000i\000a\000\040\000S\000u\000p\000e\000r\000d\000o\000t\000a\000c\000i\000\363\000n\000\040\000\050\0003\0000\000\040\000m\000i\000n\000u\000t\000o\000s\000\051}{section.11.3}% 239
\BOOKMARK [2][-]{subsection.11.3.2}{\376\377\000E\000j\000e\000r\000c\000i\000c\000i\000o\000\040\0002\000:\000\040\000I\000d\000e\000n\000t\000i\000f\000i\000c\000a\000c\000i\000\363\000n\000\040\000d\000e\000\040\000P\000r\000o\000y\000e\000c\000c\000i\000o\000n\000e\000s\000\040\000\050\0002\0005\000\040\000m\000i\000n\000u\000t\000o\000s\000\051}{section.11.3}% 240
\BOOKMARK [2][-]{subsection.11.3.3}{\376\377\000E\000j\000e\000r\000c\000i\000c\000i\000o\000\040\0003\000:\000\040\000P\000r\000e\000s\000i\000\363\000n\000\040\000T\000r\000a\000n\000s\000m\000i\000t\000i\000d\000a\000\040\000\050\0002\0000\000\040\000m\000i\000n\000u\000t\000o\000s\000\051}{section.11.3}% 241
\BOOKMARK [2][-]{subsection.11.3.4}{\376\377\000E\000j\000e\000r\000c\000i\000c\000i\000o\000\040\0004\000:\000\040\000V\000a\000l\000i\000d\000a\000c\000i\000\363\000n\000\040\000d\000e\000\040\000I\000d\000e\000n\000t\000i\000d\000a\000d\000\040\000P\000r\000o\000p\000i\000a\000\040\000\050\0003\0000\000\040\000m\000i\000n\000u\000t\000o\000s\000\051}{section.11.3}% 242
\BOOKMARK [2][-]{subsection.11.3.5}{\376\377\000E\000j\000e\000r\000c\000i\000c\000i\000o\000\040\0005\000:\000\040\000P\000l\000a\000n\000\040\000d\000e\000\040\000A\000p\000o\000y\000o\000\040\000E\000m\000o\000c\000i\000o\000n\000a\000l\000\040\000\050\0002\0000\000\040\000m\000i\000n\000u\000t\000o\000s\000\051}{section.11.3}% 243
\BOOKMARK [1][-]{section.11.4}{\376\377\000P\000A\000R\000T\000E\000\040\000I\000I\000I\000:\000\040\000C\000O\000N\000V\000E\000R\000S\000A\000C\000I\000O\000N\000E\000S\000\040\000C\000O\000N\000\040\000T\000U\000\040\000H\000I\000J\000O}{chapter.11}% 244
\BOOKMARK [2][-]{subsection.11.4.1}{\376\377\000C\000\363\000m\000o\000\040\000H\000a\000b\000l\000a\000r\000\040\000S\000o\000b\000r\000e\000\040\000S\000u\000p\000e\000r\000d\000o\000t\000a\000c\000i\000\363\000n\000\040\000C\000o\000n\000\040\000T\000u\000\040\000H\000i\000j\000o}{section.11.4}% 245
\BOOKMARK [1][-]{section.11.5}{\376\377\000C\000O\000N\000C\000L\000U\000S\000I\000\323\000N}{chapter.11}% 246
\BOOKMARK [1][-]{section.11.6}{\376\377\000R\000E\000C\000U\000R\000S\000O\000S}{chapter.11}% 247
\BOOKMARK [2][-]{subsection.11.6.1}{\376\377\000P\000a\000r\000a\000\040\000P\000a\000d\000r\000e\000s\000\040\000d\000e\000\040\000S\000u\000p\000e\000r\000d\000o\000t\000a\000d\000o\000s}{section.11.6}% 248
\BOOKMARK [2][-]{subsection.11.6.2}{\376\377\000C\000o\000m\000u\000n\000i\000d\000a\000d\000e\000s}{section.11.6}% 249
\BOOKMARK [2][-]{subsection.11.6.3}{\376\377\000P\000r\000o\000f\000e\000s\000i\000o\000n\000a\000l\000e\000s}{section.11.6}% 250
\BOOKMARK [0][-]{chapter.12}{\376\377\000P\000o\000l\000\355\000t\000i\000c\000a\000s\000\040\000P\000\372\000b\000l\000i\000c\000a\000s\000,\000\040\000D\000e\000t\000e\000c\000c\000i\000\363\000n\000\040\000y\000\040\000R\000e\000c\000u\000r\000s\000o\000s\000\040\000e\000n\000\040\000E\000s\000p\000a\000\361\000a}{}% 251
\BOOKMARK [1][-]{section.12.1}{\376\377\000C\000h\000a\000r\000l\000a\000\040\000I\000n\000f\000o\000r\000m\000a\000t\000i\000v\000a\000\040\000d\000e\000\040\0001\0005\000\040\000m\000i\000n\000u\000t\000o\000s\000\040\000+\000\040\000L\000l\000a\000m\000a\000d\000a\000s\000\040\000a\000\040\000l\000a\000\040\000A\000c\000c\000i\000\363\000n}{chapter.12}% 252
\BOOKMARK [1][-]{section.12.2}{\376\377\000P\000A\000R\000T\000E\000\040\000I\000:\000\040\000C\000H\000A\000R\000L\000A\000\040\000\050\0001\0005\000\040\000M\000I\000N\000U\000T\000O\000S\000\051}{chapter.12}% 253
\BOOKMARK [2][-]{subsection.12.2.1}{\376\377\000I\000n\000t\000r\000o\000d\000u\000c\000c\000i\000\363\000n\000\040\000\050\0001\000.\0005\000\040\000m\000i\000n\000u\000t\000o\000s\000\051}{section.12.2}% 254
\BOOKMARK [2][-]{subsection.12.2.2}{\376\377\000P\000a\000r\000t\000e\000\040\0001\000:\000\040\000E\000l\000\040\000M\000a\000r\000c\000o\000\040\000L\000e\000g\000a\000l\000\040\000E\000x\000i\000s\000t\000e\000\040\000\050\0002\000\040\000m\000i\000n\000u\000t\000o\000s\000\051}{section.12.2}% 255
\BOOKMARK [2][-]{subsection.12.2.3}{\376\377\000P\000a\000r\000t\000e\000\040\0002\000:\000\040\000E\000l\000\040\000A\000b\000i\000s\000m\000o\000\040\000e\000n\000t\000r\000e\000\040\000l\000a\000\040\000L\000e\000y\000\040\000y\000\040\000l\000a\000\040\000R\000e\000a\000l\000i\000d\000a\000d\000\040\000\050\0005\000\040\000m\000i\000n\000u\000t\000o\000s\000\051}{section.12.2}% 256
\BOOKMARK [2][-]{subsection.12.2.4}{\376\377\000P\000a\000r\000t\000e\000\040\0003\000:\000\040\000L\000a\000s\000\040\000D\000i\000f\000e\000r\000e\000n\000c\000i\000a\000s\000\040\000e\000n\000t\000r\000e\000\040\000C\000o\000m\000u\000n\000i\000d\000a\000d\000e\000s\000\040\000A\000u\000t\000\363\000n\000o\000m\000a\000s\000\040\000\050\0002\000\040\000m\000i\000n\000u\000t\000o\000s\000\051}{section.12.2}% 257
\BOOKMARK [2][-]{subsection.12.2.5}{\376\377\000P\000a\000r\000t\000e\000\040\0004\000:\000\040\000V\000a\000c\000\355\000o\000s\000\040\000L\000e\000g\000a\000l\000e\000s\000\040\000E\000s\000p\000e\000c\000\355\000f\000i\000c\000o\000s\000\040\000\050\0002\000\040\000m\000i\000n\000u\000t\000o\000s\000\051}{section.12.2}% 258
\BOOKMARK [2][-]{subsection.12.2.6}{\376\377\000C\000o\000m\000p\000a\000r\000a\000c\000i\000\363\000n\000\040\000c\000o\000n\000\040\000o\000t\000r\000o\000s\000\040\000p\000a\000\355\000s\000e\000s\000\040\000\050\0001\000\040\000m\000i\000n\000u\000t\000o\000\051}{section.12.2}% 259
\BOOKMARK [1][-]{section.12.3}{\376\377\000P\000A\000R\000T\000E\000\040\000I\000I\000:\000\040\000P\000R\000O\000P\000U\000E\000S\000T\000A\000S\000\040\000D\000E\000\040\000M\000E\000J\000O\000R\000A}{chapter.12}% 260
\BOOKMARK [2][-]{subsection.12.3.1}{\376\377\000A\000\040\000N\000i\000v\000e\000l\000\040\000L\000e\000g\000i\000s\000l\000a\000t\000i\000v\000o\000\040\000\050\000L\000o\000\040\000q\000u\000e\000\040\000d\000e\000b\000e\000r\000\355\000a\000\040\000c\000a\000m\000b\000i\000a\000r\000\051}{section.12.3}% 261
\BOOKMARK [2][-]{subsection.12.3.2}{\376\377\000A\000\040\000N\000i\000v\000e\000l\000\040\000d\000e\000\040\000A\000d\000v\000o\000c\000a\000c\000y\000\040\000y\000\040\000C\000a\000m\000b\000i\000o\000\040\000S\000o\000c\000i\000a\000l}{section.12.3}% 262
\BOOKMARK [1][-]{section.12.4}{\376\377\000P\000A\000R\000T\000E\000\040\000I\000I\000I\000:\000\040\000L\000O\000\040\000Q\000U\000E\000\040\000P\000U\000E\000D\000E\000S\000\040\000H\000A\000C\000E\000R\000\040\000T\000\332}{chapter.12}% 263
\BOOKMARK [2][-]{subsection.12.4.1}{\376\377\000S\000i\000\040\000e\000r\000e\000s\000\040\000a\000d\000u\000l\000t\000o\000\040\000s\000u\000p\000e\000r\000d\000o\000t\000a\000d\000o\000\040\000s\000i\000n\000\040\000d\000i\000a\000g\000n\000o\000s\000t\000i\000c\000a\000r}{section.12.4}% 264
\BOOKMARK [2][-]{subsection.12.4.2}{\376\377\000S\000i\000\040\000t\000i\000e\000n\000e\000s\000\040\000h\000i\000j\000o\000s\000\040\000s\000u\000p\000e\000r\000d\000o\000t\000a\000d\000o\000s}{section.12.4}% 265
\BOOKMARK [2][-]{subsection.12.4.3}{\376\377\000S\000i\000\040\000e\000r\000e\000s\000\040\000e\000d\000u\000c\000a\000d\000o\000r\000\040\000o\000\040\000t\000r\000a\000b\000a\000j\000a\000s\000\040\000e\000n\000\040\000p\000o\000l\000\355\000t\000i\000c\000a\000\040\000p\000\372\000b\000l\000i\000c\000a}{section.12.4}% 266
\BOOKMARK [1][-]{section.12.5}{\376\377\000P\000A\000R\000T\000E\000\040\000I\000V\000:\000\040\000L\000L\000A\000M\000A\000D\000A\000S\000\040\000A\000\040\000L\000A\000\040\000A\000C\000C\000I\000\323\000N\000\040\000C\000O\000N\000C\000R\000E\000T\000A\000S}{chapter.12}% 267
\BOOKMARK [2][-]{subsection.12.5.1}{\376\377\000P\000a\000r\000a\000\040\000y\000a\000\040\000\050\000h\000o\000y\000,\000\040\000e\000s\000t\000a\000\040\000s\000e\000m\000a\000n\000a\000\051}{section.12.5}% 268
\BOOKMARK [2][-]{subsection.12.5.2}{\376\377\000P\000a\000r\000a\000\040\000e\000s\000t\000e\000\040\000m\000e\000s}{section.12.5}% 269
\BOOKMARK [2][-]{subsection.12.5.3}{\376\377\000P\000a\000r\000a\000\040\000e\000s\000t\000e\000\040\000a\000\361\000o}{section.12.5}% 270
\BOOKMARK [1][-]{section.12.6}{\376\377\000P\000A\000R\000T\000E\000\040\000V\000:\000\040\000M\000A\000R\000C\000O\000\040\000N\000O\000R\000M\000A\000T\000I\000V\000O\000\040\000-\000\040\000R\000E\000F\000E\000R\000E\000N\000C\000I\000A\000\040\000R\000\301\000P\000I\000D\000A}{chapter.12}% 271
\BOOKMARK [1][-]{section.12.7}{\376\377\000P\000A\000R\000T\000E\000\040\000V\000I\000:\000\040\000R\000E\000C\000U\000R\000S\000O\000S\000\040\000Y\000\040\000C\000O\000N\000T\000A\000C\000T\000O\000S}{chapter.12}% 272
\BOOKMARK [2][-]{subsection.12.7.1}{\376\377\000O\000r\000g\000a\000n\000i\000z\000a\000c\000i\000o\000n\000e\000s\000\040\000d\000e\000\040\000A\000d\000v\000o\000c\000a\000c\000y}{section.12.7}% 273
\BOOKMARK [2][-]{subsection.12.7.2}{\376\377\000D\000o\000n\000d\000e\000\040\000b\000u\000s\000c\000a\000r\000\040\000i\000n\000f\000o\000r\000m\000a\000c\000i\000\363\000n\000\040\000p\000o\000r\000\040\000C\000C\000A\000A}{section.12.7}% 274
\BOOKMARK [2][-]{subsection.12.7.3}{\376\377\000L\000e\000c\000t\000u\000r\000a\000s\000\040\000R\000e\000c\000o\000m\000e\000n\000d\000a\000d\000a\000s}{section.12.7}% 275
\BOOKMARK [2][-]{subsection.12.7.4}{\376\377\000L\000\355\000n\000e\000a\000s\000\040\000d\000e\000\040\000A\000y\000u\000d\000a}{section.12.7}% 276
\BOOKMARK [1][-]{section.12.8}{\376\377\000C\000O\000N\000C\000L\000U\000S\000I\000\323\000N}{chapter.12}% 277
\BOOKMARK [1][-]{section.12.9}{\376\377\000A\000P\000\311\000N\000D\000I\000C\000E\000:\000\040\000E\000J\000E\000R\000C\000I\000C\000I\000O\000\040\000D\000E\000\040\000R\000E\000F\000L\000E\000X\000I\000\323\000N}{chapter.12}% 278
\BOOKMARK [0][-]{chapter.13}{\376\377\000R\000e\000l\000a\000c\000i\000o\000n\000e\000s\000\040\000\315\000n\000t\000i\000m\000a\000s\000\040\000y\000\040\000S\000o\000c\000i\000a\000l\000e\000s\000\040\000e\000n\000\040\000l\000a\000\040\000A\000d\000u\000l\000t\000e\000z\000\040\000S\000u\000p\000e\000r\000d\000o\000t\000a\000d\000a}{}% 279
\BOOKMARK [1][-]{section.13.1}{\376\377\000C\000h\000a\000r\000l\000a\000\040\000d\000e\000\040\0001\0005\000\040\000m\000i\000n\000u\000t\000o\000s\000\040\000+\000\040\000T\000a\000l\000l\000e\000r\000\040\000P\000r\000\341\000c\000t\000i\000c\000o\000\040\000c\000o\000n\000\040\000R\000o\000l\000e\000-\000P\000l\000a\000y}{chapter.13}% 280
\BOOKMARK [1][-]{section.13.2}{\376\377\000P\000A\000R\000T\000E\000\040\000I\000:\000\040\000C\000H\000A\000R\000L\000A\000\040\000\050\0001\0005\000\040\000M\000I\000N\000U\000T\000O\000S\000\051}{chapter.13}% 281
\BOOKMARK [2][-]{subsection.13.2.1}{\376\377\000I\000n\000t\000r\000o\000d\000u\000c\000c\000i\000\363\000n\000\040\000\050\0001\000.\0005\000\040\000m\000i\000n\000u\000t\000o\000s\000\051}{section.13.2}% 282
\BOOKMARK [2][-]{subsection.13.2.2}{\376\377\000L\000o\000s\000\040\000D\000e\000s\000a\000f\000\355\000o\000s\000\040\000R\000e\000a\000l\000e\000s\000:\000\040\000\277\000P\000o\000r\000\040\000Q\000u\000\351\000\040\000l\000a\000s\000\040\000R\000e\000l\000a\000c\000i\000o\000n\000e\000s\000\040\000D\000u\000e\000l\000e\000n\000?\000\040\000\050\0003\000\040\000m\000i\000n\000u\000t\000o\000s\000\051}{section.13.2}% 283
\BOOKMARK [2][-]{subsection.13.2.3}{\376\377\000L\000a\000\040\000R\000a\000\355\000z\000:\000\040\000D\000i\000f\000e\000r\000e\000n\000c\000i\000a\000\040\000d\000e\000\040\000R\000i\000t\000m\000o\000\040\000E\000m\000o\000c\000i\000o\000n\000a\000l\000\040\000\050\0002\000.\0005\000\040\000m\000i\000n\000u\000t\000o\000s\000\051}{section.13.2}% 284
\BOOKMARK [2][-]{subsection.13.2.4}{\376\377\000E\000l\000\040\000O\000t\000r\000o\000\040\000L\000a\000d\000o\000:\000\040\000\277\000Q\000u\000\351\000\040\000B\000u\000s\000c\000a\000s\000\040\000R\000e\000a\000l\000m\000e\000n\000t\000e\000?\000\040\000\050\0003\000\040\000m\000i\000n\000u\000t\000o\000s\000\051}{section.13.2}% 285
\BOOKMARK [2][-]{subsection.13.2.5}{\376\377\000E\000s\000t\000r\000a\000t\000e\000g\000i\000a\000s\000\040\000P\000r\000\341\000c\000t\000i\000c\000a\000s\000:\000\040\000D\000e\000\040\000l\000a\000\040\000F\000r\000u\000s\000t\000r\000a\000c\000i\000\363\000n\000\040\000a\000\040\000l\000a\000\040\000C\000o\000n\000e\000c\000t\000i\000v\000i\000d\000a\000d\000\040\000R\000e\000a\000l\000\040\000\050\0005\000\040\000m\000i\000n\000u\000t\000o\000s\000\051}{section.13.2}% 286
\BOOKMARK [2][-]{subsection.13.2.6}{\376\377\000C\000o\000n\000c\000l\000u\000s\000i\000\363\000n\000\040\000\050\0000\000.\0005\000\040\000m\000i\000n\000u\000t\000o\000s\000\051}{section.13.2}% 287
\BOOKMARK [1][-]{section.13.3}{\376\377\000P\000A\000R\000T\000E\000\040\000I\000I\000:\000\040\000T\000A\000L\000L\000E\000R\000\040\000P\000R\000\301\000C\000T\000I\000C\000O\000\040\000C\000O\000N\000\040\000R\000O\000L\000E\000-\000P\000L\000A\000Y}{chapter.13}% 288
\BOOKMARK [2][-]{subsection.13.3.1}{\376\377\000M\000\363\000d\000u\000l\000o\000\040\0001\000:\000\040\000R\000o\000l\000e\000-\000P\000l\000a\000y\000\040\000-\000\040\000C\000o\000m\000u\000n\000i\000c\000a\000c\000i\000\363\000n\000\040\000e\000n\000\040\000P\000a\000r\000e\000j\000a}{section.13.3}% 289
\BOOKMARK [2][-]{subsection.13.3.2}{\376\377\000M\000\363\000d\000u\000l\000o\000\040\0002\000:\000\040\000R\000o\000l\000e\000-\000P\000l\000a\000y\000\040\000-\000\040\000A\000m\000i\000s\000t\000a\000d\000\040\000y\000\040\000D\000i\000f\000e\000r\000e\000n\000c\000i\000a\000s\000\040\000d\000e\000\040\000R\000i\000t\000m\000o}{section.13.3}% 290
\BOOKMARK [2][-]{subsection.13.3.3}{\376\377\000M\000\363\000d\000u\000l\000o\000\040\0003\000:\000\040\000R\000o\000l\000e\000-\000P\000l\000a\000y\000\040\000-\000\040\000H\000a\000c\000i\000e\000n\000d\000o\000\040\000A\000m\000i\000g\000o\000s\000\040\000C\000o\000m\000o\000\040\000S\000u\000p\000e\000r\000d\000o\000t\000a\000d\000o}{section.13.3}% 291
\BOOKMARK [1][-]{section.13.4}{\376\377\000P\000A\000R\000T\000E\000\040\000I\000I\000I\000:\000\040\000P\000A\000U\000T\000A\000S\000\040\000P\000R\000\301\000C\000T\000I\000C\000A\000S\000\040\000D\000E\000\040\000C\000O\000M\000U\000N\000I\000C\000A\000C\000I\000\323\000N}{chapter.13}% 292
\BOOKMARK [2][-]{subsection.13.4.1}{\376\377\000C\000o\000m\000u\000n\000i\000c\000a\000c\000i\000\363\000n\000\040\000N\000o\000\040\000V\000i\000o\000l\000e\000n\000t\000a\000\040\000-\000\040\000P\000l\000a\000n\000t\000i\000l\000l\000a\000\040\000R\000\341\000p\000i\000d\000a}{section.13.4}% 293
\BOOKMARK [2][-]{subsection.13.4.2}{\376\377\000P\000r\000e\000g\000u\000n\000t\000a\000s\000\040\000p\000a\000r\000a\000\040\000E\000n\000t\000e\000n\000d\000e\000r\000\040\000e\000l\000\040\000R\000i\000t\000m\000o\000\040\000d\000e\000\040\000T\000u\000\040\000P\000a\000r\000e\000j\000a\000/\000A\000m\000i\000g\000o}{section.13.4}% 294
\BOOKMARK [2][-]{subsection.13.4.3}{\376\377\000P\000r\000e\000g\000u\000n\000t\000a\000s\000\040\000p\000a\000r\000a\000\040\000T\000i\000\040\000M\000i\000s\000m\000o\000\040\000\050\000A\000u\000t\000o\000e\000v\000a\000l\000u\000a\000c\000i\000\363\000n\000\051}{section.13.4}% 295
\BOOKMARK [1][-]{section.13.5}{\376\377\000P\000A\000R\000T\000E\000\040\000I\000V\000:\000\040\000R\000E\000C\000U\000R\000S\000O\000S\000\040\000Y\000\040\000E\000S\000T\000R\000A\000T\000E\000G\000I\000A\000S\000\040\000P\000A\000R\000A\000\040\000A\000M\000I\000S\000T\000A\000D\000E\000S}{chapter.13}% 296
\BOOKMARK [2][-]{subsection.13.5.1}{\376\377\000D\000\363\000n\000d\000e\000\040\000B\000u\000s\000c\000a\000r\000\040\000G\000e\000n\000t\000e\000\040\000C\000o\000m\000p\000a\000t\000i\000b\000l\000e}{section.13.5}% 297
\BOOKMARK [2][-]{subsection.13.5.2}{\376\377\000C\000\363\000m\000o\000\040\000P\000r\000o\000p\000i\000c\000i\000a\000r\000\040\000A\000m\000i\000s\000t\000a\000d\000e\000s\000\040\000D\000u\000r\000a\000d\000e\000r\000a\000s}{section.13.5}% 298
\BOOKMARK [1][-]{section.13.6}{\376\377\000P\000A\000R\000T\000E\000\040\000V\000:\000\040\000R\000E\000F\000L\000E\000X\000I\000O\000N\000E\000S\000\040\000Y\000\040\000P\000R\000E\000G\000U\000N\000T\000A\000S\000\040\000P\000A\000R\000A\000\040\000T\000R\000A\000B\000A\000J\000A\000R\000\040\000E\000N\000\040\000C\000A\000S\000A}{chapter.13}% 299
\BOOKMARK [1][-]{section.13.7}{\376\377\000P\000A\000R\000T\000E\000\040\000V\000I\000:\000\040\000E\000J\000E\000R\000C\000I\000C\000I\000O\000\040\000F\000I\000N\000A\000L\000\040\000-\000\040\000C\000A\000R\000T\000A\000\040\000A\000\040\000T\000I\000\040\000M\000I\000S\000M\000O}{chapter.13}% 300
\BOOKMARK [1][-]{section.13.8}{\376\377\000C\000O\000N\000C\000L\000U\000S\000I\000\323\000N}{chapter.13}% 301
\BOOKMARK [1][-]{section.13.9}{\376\377\000R\000E\000C\000U\000R\000S\000O\000S\000\040\000C\000O\000M\000P\000L\000E\000M\000E\000N\000T\000A\000R\000I\000O\000S}{chapter.13}% 302
\BOOKMARK [0][-]{chapter.14}{\376\377\000S\000o\000b\000r\000e\000e\000x\000c\000i\000t\000a\000b\000i\000l\000i\000d\000a\000d\000\040\000E\000m\000o\000c\000i\000o\000n\000a\000l\000\040\000y\000\040\000D\000a\000b\000r\000o\000w\000s\000k\000i}{}% 303
\BOOKMARK [1][-]{section.14.1}{\376\377\000C\000h\000a\000r\000l\000a\000\040\000d\000e\000\040\0001\0005\000\040\000m\000i\000n\000u\000t\000o\000s\000\040\000+\000\040\000G\000u\000\355\000a\000\040\000d\000e\000\040\000A\000u\000t\000o\000e\000v\000a\000l\000u\000a\000c\000i\000\363\000n}{chapter.14}% 304
\BOOKMARK [1][-]{section.14.2}{\376\377\000P\000A\000R\000T\000E\000\040\000I\000:\000\040\000C\000H\000A\000R\000L\000A\000\040\000\050\0001\0005\000\040\000M\000I\000N\000U\000T\000O\000S\000\051}{chapter.14}% 305
\BOOKMARK [2][-]{subsection.14.2.1}{\376\377\000I\000n\000t\000r\000o\000d\000u\000c\000c\000i\000\363\000n\000\040\000\050\0002\000\040\000m\000i\000n\000u\000t\000o\000s\000\051}{section.14.2}% 306
\BOOKMARK [2][-]{subsection.14.2.2}{\376\377\000\277\000Q\000u\000\351\000\040\000e\000s\000\040\000l\000a\000\040\000S\000o\000b\000r\000e\000e\000x\000c\000i\000t\000a\000b\000i\000l\000i\000d\000a\000d\000?\000\040\000\050\0003\000\040\000m\000i\000n\000u\000t\000o\000s\000\051}{section.14.2}% 307
\BOOKMARK [2][-]{subsection.14.2.3}{\376\377\000L\000a\000s\000\040\000C\000i\000n\000c\000o\000\040\000S\000o\000b\000r\000e\000e\000x\000c\000i\000t\000a\000b\000i\000l\000i\000d\000a\000d\000e\000s\000\040\000\050\0001\000\040\000m\000i\000n\000u\000t\000o\000\040\000-\000\040\000c\000o\000n\000t\000e\000x\000t\000o\000\040\000r\000\341\000p\000i\000d\000o\000\051}{section.14.2}% 308
\BOOKMARK [2][-]{subsection.14.2.4}{\376\377\000L\000a\000\040\000S\000o\000b\000r\000e\000e\000x\000c\000i\000t\000a\000b\000i\000l\000i\000d\000a\000d\000\040\000E\000m\000o\000c\000i\000o\000n\000a\000l\000\040\000e\000n\000\040\000A\000d\000u\000l\000t\000o\000s\000\040\000\050\0005\000\040\000m\000i\000n\000u\000t\000o\000s\000\051}{section.14.2}% 309
\BOOKMARK [2][-]{subsection.14.2.5}{\376\377\000L\000a\000\040\000R\000e\000l\000a\000c\000i\000\363\000n\000\040\000c\000o\000n\000\040\000e\000l\000\040\000D\000e\000s\000a\000r\000r\000o\000l\000l\000o\000\040\000P\000e\000r\000s\000o\000n\000a\000l\000\040\000\050\0002\000\040\000m\000i\000n\000u\000t\000o\000s\000\051}{section.14.2}% 310
\BOOKMARK [2][-]{subsection.14.2.6}{\376\377\000C\000a\000n\000a\000l\000i\000z\000a\000r\000\040\000l\000a\000\040\000S\000o\000b\000r\000e\000e\000x\000c\000i\000t\000a\000b\000i\000l\000i\000d\000a\000d\000:\000\040\000E\000s\000t\000r\000a\000t\000e\000g\000i\000a\000s\000\040\000P\000r\000\341\000c\000t\000i\000c\000a\000s\000\040\000\050\0002\000\040\000m\000i\000n\000u\000t\000o\000s\000\051}{section.14.2}% 311
\BOOKMARK [2][-]{subsection.14.2.7}{\376\377\000C\000o\000n\000c\000l\000u\000s\000i\000\363\000n\000\040\000\050\0000\000.\0005\000\040\000m\000i\000n\000u\000t\000o\000s\000\051}{section.14.2}% 312
\BOOKMARK [1][-]{section.14.3}{\376\377\000P\000A\000R\000T\000E\000\040\000I\000I\000:\000\040\000G\000U\000\315\000A\000\040\000D\000E\000\040\000A\000U\000T\000O\000E\000V\000A\000L\000U\000A\000C\000I\000\323\000N}{chapter.14}% 313
\BOOKMARK [2][-]{subsection.14.3.1}{\376\377\000C\000u\000e\000s\000t\000i\000o\000n\000a\000r\000i\000o\000:\000\040\000\277\000C\000u\000\341\000l\000\040\000e\000s\000\040\000t\000u\000\040\000N\000i\000v\000e\000l\000\040\000d\000e\000\040\000S\000o\000b\000r\000e\000e\000x\000c\000i\000t\000a\000b\000i\000l\000i\000d\000a\000d\000\040\000E\000m\000o\000c\000i\000o\000n\000a\000l\000?}{section.14.3}% 314
\BOOKMARK [2][-]{subsection.14.3.2}{\376\377\000I\000n\000t\000e\000r\000p\000r\000e\000t\000a\000c\000i\000\363\000n\000\040\000d\000e\000\040\000P\000u\000n\000t\000u\000a\000c\000i\000o\000n\000e\000s}{section.14.3}% 315
\BOOKMARK [2][-]{subsection.14.3.3}{\376\377\000R\000e\000f\000l\000e\000x\000i\000o\000n\000e\000s\000\040\000A\000d\000i\000c\000i\000o\000n\000a\000l\000e\000s}{section.14.3}% 316
\BOOKMARK [1][-]{section.14.4}{\376\377\000P\000A\000R\000T\000E\000\040\000I\000I\000I\000:\000\040\000E\000J\000E\000R\000C\000I\000C\000I\000O\000S\000\040\000P\000R\000\301\000C\000T\000I\000C\000O\000S\000\040\000D\000E\000\040\000A\000U\000T\000O\000R\000R\000E\000G\000U\000L\000A\000C\000I\000\323\000N}{chapter.14}% 317
\BOOKMARK [2][-]{subsection.14.4.1}{\376\377\000E\000j\000e\000r\000c\000i\000c\000i\000o\000\040\0001\000:\000\040\000E\000l\000\040\000M\000a\000p\000a\000\040\000E\000m\000o\000c\000i\000o\000n\000a\000l\000\040\000d\000e\000l\000\040\000C\000u\000e\000r\000p\000o\000\040\000\050\0005\000\040\000m\000i\000n\000u\000t\000o\000s\000\051}{section.14.4}% 318
\BOOKMARK [2][-]{subsection.14.4.2}{\376\377\000E\000j\000e\000r\000c\000i\000c\000i\000o\000\040\0002\000:\000\040\000R\000e\000s\000p\000i\000r\000a\000c\000i\000\363\000n\000\040\0004\000-\0007\000-\0008\000\040\000p\000a\000r\000a\000\040\000l\000a\000\040\000R\000e\000g\000u\000l\000a\000c\000i\000\363\000n\000\040\000E\000m\000o\000c\000i\000o\000n\000a\000l}{section.14.4}% 319
\BOOKMARK [2][-]{subsection.14.4.3}{\376\377\000E\000j\000e\000r\000c\000i\000c\000i\000o\000\040\0003\000:\000\040\000E\000t\000i\000q\000u\000e\000t\000a\000d\000o\000\040\000E\000m\000o\000c\000i\000o\000n\000a\000l\000\040\000d\000e\000\040\000P\000r\000e\000c\000i\000s\000i\000\363\000n}{section.14.4}% 320
\BOOKMARK [2][-]{subsection.14.4.4}{\376\377\000E\000j\000e\000r\000c\000i\000c\000i\000o\000\040\0004\000:\000\040\000E\000l\000\040\000R\000e\000e\000n\000c\000u\000a\000d\000r\000e\000\040\000e\000n\000\040\0003\000\040\000P\000a\000s\000o\000s}{section.14.4}% 321
\BOOKMARK [2][-]{subsection.14.4.5}{\376\377\000E\000j\000e\000r\000c\000i\000c\000i\000o\000\040\0005\000:\000\040\000M\000o\000v\000i\000m\000i\000e\000n\000t\000o\000\040\000B\000i\000l\000a\000t\000e\000r\000a\000l\000\040\000p\000a\000r\000a\000\040\000I\000n\000t\000e\000g\000r\000a\000c\000i\000\363\000n\000\040\000E\000m\000o\000c\000i\000o\000n\000a\000l}{section.14.4}% 322
\BOOKMARK [1][-]{section.14.5}{\376\377\000P\000A\000R\000T\000E\000\040\000I\000V\000:\000\040\000P\000R\000E\000G\000U\000N\000T\000A\000S\000\040\000P\000A\000R\000A\000\040\000L\000A\000\040\000R\000E\000F\000L\000E\000X\000I\000\323\000N\000\040\000P\000O\000S\000T\000-\000C\000H\000A\000R\000L\000A}{chapter.14}% 323
\BOOKMARK [1][-]{section.14.6}{\376\377\000R\000E\000C\000U\000R\000S\000O\000S\000\040\000R\000E\000C\000O\000M\000E\000N\000D\000A\000D\000O\000S}{chapter.14}% 324
\BOOKMARK [0][-]{chapter.15}{\376\377\000V\000i\000d\000a\000\040\000L\000a\000b\000o\000r\000a\000l\000:\000\040\000E\000n\000c\000a\000j\000e\000,\000\040\000E\000l\000e\000c\000c\000i\000\363\000n\000\040\000d\000e\000\040\000C\000a\000r\000r\000e\000r\000a\000\040\000y\000\040\000E\000m\000p\000r\000e\000n\000d\000i\000m\000i\000e\000n\000t\000o}{}% 325
\BOOKMARK [1][-]{section.15.1}{\376\377\000S\000e\000m\000i\000n\000a\000r\000i\000o\000\040\000P\000r\000\341\000c\000t\000i\000c\000o\000\040\000+\000\040\000H\000e\000r\000r\000a\000m\000i\000e\000n\000t\000a\000s\000\040\000d\000e\000\040\000O\000r\000i\000e\000n\000t\000a\000c\000i\000\363\000n}{chapter.15}% 326
\BOOKMARK [1][-]{section.15.2}{\376\377\000P\000A\000R\000T\000E\000\040\000I\000:\000\040\000C\000H\000A\000R\000L\000A\000\040\000\050\0001\0005\000\040\000M\000I\000N\000U\000T\000O\000S\000\051}{chapter.15}% 327
\BOOKMARK [2][-]{subsection.15.2.1}{\376\377\000I\000n\000t\000r\000o\000d\000u\000c\000c\000i\000\363\000n\000\040\000\050\0001\000.\0005\000\040\000m\000i\000n\000u\000t\000o\000s\000\051}{section.15.2}% 328
\BOOKMARK [2][-]{subsection.15.2.2}{\376\377\000P\000a\000r\000t\000e\000\040\0001\000:\000\040\000E\000l\000\040\000P\000r\000o\000b\000l\000e\000m\000a\000\040\000F\000u\000n\000d\000a\000m\000e\000n\000t\000a\000l\040\024\000E\000s\000t\000r\000u\000c\000t\000u\000r\000a\000\040\000L\000a\000b\000o\000r\000a\000l\000\040\000v\000s\000.\000\040\000M\000e\000n\000t\000e\000\040\000S\000u\000p\000e\000r\000d\000o\000t\000a\000d\000a\000\040\000\050\0002\000.\0005\000\040\000m\000i\000n\000u\000t\000o\000s\000\051}{section.15.2}% 329
\BOOKMARK [2][-]{subsection.15.2.3}{\376\377\000P\000a\000r\000t\000e\000\040\0002\000:\000\040\000L\000a\000\040\000C\000r\000i\000s\000i\000s\000\040\000d\000e\000\040\000E\000l\000e\000c\000c\000i\000\363\000n\000\040\000d\000e\000\040\000C\000a\000r\000r\000e\000r\000a\040\024\000M\000u\000l\000t\000i\000p\000o\000t\000e\000n\000c\000i\000a\000l\000i\000d\000a\000d\000\040\000\050\0002\000.\0005\000\040\000m\000i\000n\000u\000t\000o\000s\000\051}{section.15.2}% 330
\BOOKMARK [2][-]{subsection.15.2.4}{\376\377\000P\000a\000r\000t\000e\000\040\0003\000:\000\040\000C\000a\000r\000a\000c\000t\000e\000r\000\355\000s\000t\000i\000c\000a\000s\000\040\000d\000e\000\040\000S\000u\000p\000e\000r\000d\000o\000t\000a\000d\000o\000s\000\040\000e\000n\000\040\000C\000o\000n\000t\000e\000x\000t\000o\000\040\000L\000a\000b\000o\000r\000a\000l\000\040\000\050\0002\000\040\000m\000i\000n\000u\000t\000o\000s\000\051}{section.15.2}% 331
\BOOKMARK [2][-]{subsection.15.2.5}{\376\377\000P\000a\000r\000t\000e\000\040\0004\000:\000\040\000E\000m\000p\000r\000e\000n\000d\000i\000m\000i\000e\000n\000t\000o\000\040\000p\000a\000r\000a\000\040\000S\000u\000p\000e\000r\000d\000o\000t\000a\000d\000o\000s\000\040\000\050\0002\000\040\000m\000i\000n\000u\000t\000o\000s\000\051}{section.15.2}% 332
\BOOKMARK [2][-]{subsection.15.2.6}{\376\377\000P\000a\000r\000t\000e\000\040\0005\000:\000\040\000D\000i\000s\000e\000\361\000o\000\040\000d\000e\000\040\000C\000a\000r\000r\000e\000r\000a\000\040\000A\000l\000i\000n\000e\000a\000d\000a\000\040\000\050\0002\000.\0005\000\040\000m\000i\000n\000u\000t\000o\000s\000\051}{section.15.2}% 333
\BOOKMARK [1][-]{section.15.3}{\376\377\000P\000A\000R\000T\000E\000\040\000I\000I\000:\000\040\000M\000A\000T\000R\000I\000Z\000\040\000D\000E\000\040\000D\000E\000C\000I\000S\000I\000\323\000N\000\040\000L\000A\000B\000O\000R\000A\000L}{chapter.15}% 334
\BOOKMARK [2][-]{subsection.15.3.1}{\376\377\000\277\000Q\000u\000\351\000\040\000T\000i\000p\000o\000\040\000d\000e\000\040\000C\000a\000r\000r\000e\000r\000a\000\040\000e\000s\000\040\000P\000a\000r\000a\000\040\000T\000i\000?}{section.15.3}% 335
\BOOKMARK [1][-]{section.15.4}{\376\377\000P\000A\000R\000T\000E\000\040\000I\000I\000I\000:\000\040\000G\000U\000\315\000A\000\040\000P\000R\000\301\000C\000T\000I\000C\000A\000\040\000D\000E\000\040\000O\000R\000I\000E\000N\000T\000A\000C\000I\000\323\000N}{chapter.15}% 336
\BOOKMARK [2][-]{subsection.15.4.1}{\376\377\000E\000j\000e\000r\000c\000i\000c\000i\000o\000\040\0001\000:\000\040\000A\000r\000q\000u\000e\000o\000l\000o\000g\000\355\000a\000\040\000L\000a\000b\000o\000r\000a\000l\000\040\000\050\0003\0000\000\040\000m\000i\000n\000u\000t\000o\000s\000\051}{section.15.4}% 337
\BOOKMARK [2][-]{subsection.15.4.2}{\376\377\000E\000j\000e\000r\000c\000i\000c\000i\000o\000\040\0002\000:\000\040\000I\000n\000v\000e\000n\000t\000a\000r\000i\000o\000\040\000d\000e\000\040\000F\000o\000r\000t\000a\000l\000e\000z\000a\000s\000\040\000v\000s\000.\000\040\000P\000a\000s\000i\000o\000n\000e\000s\000\040\000\050\0002\0000\000\040\000m\000i\000n\000u\000t\000o\000s\000\051}{section.15.4}% 338
\BOOKMARK [2][-]{subsection.15.4.3}{\376\377\000E\000j\000e\000r\000c\000i\000c\000i\000o\000\040\0003\000:\000\040\000T\000e\000s\000t\000\040\000d\000e\000\040\000N\000e\000c\000e\000s\000i\000d\000a\000d\000e\000s\000\040\000L\000a\000b\000o\000r\000a\000l\000e\000s\000\040\000\050\0001\0005\000\040\000m\000i\000n\000u\000t\000o\000s\000\051}{section.15.4}% 339
\BOOKMARK [2][-]{subsection.15.4.4}{\376\377\000E\000j\000e\000r\000c\000i\000c\000i\000o\000\040\0004\000:\000\040\000D\000i\000s\000e\000\361\000o\000\040\000d\000e\000\040\000R\000o\000l\000\040\000I\000d\000e\000a\000l\000\040\000\050\0004\0000\000\040\000m\000i\000n\000u\000t\000o\000s\000\051}{section.15.4}% 340
\BOOKMARK [2][-]{subsection.15.4.5}{\376\377\000E\000j\000e\000r\000c\000i\000c\000i\000o\000\040\0005\000:\000\040\000P\000l\000a\000n\000\040\000d\000e\000\040\000T\000r\000a\000n\000s\000i\000c\000i\000\363\000n\000\040\000\050\0003\0000\000\040\000m\000i\000n\000u\000t\000o\000s\000\051}{section.15.4}% 341
\BOOKMARK [1][-]{section.15.5}{\376\377\000P\000A\000R\000T\000E\000\040\000I\000V\000:\000\040\000O\000R\000G\000A\000N\000I\000Z\000A\000C\000I\000O\000N\000E\000S\000\040\000Q\000U\000E\000\040\000E\000N\000T\000I\000E\000N\000D\000E\000N\000\040\000S\000U\000P\000E\000R\000D\000O\000T\000A\000D\000O\000S}{chapter.15}% 342
\BOOKMARK [2][-]{subsection.15.5.1}{\376\377\000I\000n\000d\000i\000c\000a\000d\000o\000r\000e\000s\000\040\000d\000e\000\040\000`\000`\000E\000m\000p\000r\000e\000s\000a\000\040\000S\000u\000p\000e\000r\000d\000o\000t\000a\000d\000a\000-\000F\000r\000i\000e\000n\000d\000l\000y\000`\000`}{section.15.5}% 343
\BOOKMARK [1][-]{section.15.6}{\376\377\000C\000O\000N\000C\000L\000U\000S\000I\000\323\000N}{chapter.15}% 344
\BOOKMARK [1][-]{section.15.7}{\376\377\000R\000E\000C\000U\000R\000S\000O\000S}{chapter.15}% 345
\BOOKMARK [2][-]{subsection.15.7.1}{\376\377\000L\000i\000b\000r\000o\000s}{section.15.7}% 346
\BOOKMARK [2][-]{subsection.15.7.2}{\376\377\000O\000r\000g\000a\000n\000i\000z\000a\000c\000i\000\363\000n}{section.15.7}% 347
\BOOKMARK [2][-]{subsection.15.7.3}{\376\377\000C\000o\000a\000c\000h\000i\000n\000g}{section.15.7}% 348
\BOOKMARK [2][-]{subsection.15.7.4}{\376\377\000C\000o\000m\000u\000n\000i\000d\000a\000d\000e\000s}{section.15.7}% 349
