This is pdfTeX, Version 3.141592653-2.6-1.40.27 (MiKTeX 25.4) (preloaded format=pdflatex 2025.11.3)  4 NOV 2025 15:58
entering extended mode
 restricted \write18 enabled.
 %&-line parsing enabled.
**./charlas_completas_mejorado.tex
(charlas_completas_mejorado.tex
LaTeX2e <2025-06-01> patch level 1
L3 programming layer <2025-10-09>
(C:\Users\devin\AppData\Local\Programs\MiKTeX\tex/latex/base\report.cls
Document Class: report 2025/01/22 v1.4n Standard LaTeX document class
(C:\Users\devin\AppData\Local\Programs\MiKTeX\tex/latex/base\size12.clo
File: size12.clo 2025/01/22 v1.4n Standard LaTeX file (size option)
)
\c@part=\count275
\c@chapter=\count276
\c@section=\count277
\c@subsection=\count278
\c@subsubsection=\count279
\c@paragraph=\count280
\c@subparagraph=\count281
\c@figure=\count282
\c@table=\count283
\abovecaptionskip=\skip49
\belowcaptionskip=\skip50
\bibindent=\dimen148
) (C:\Users\devin\AppData\Local\Programs\MiKTeX\tex/latex/base\inputenc.sty
Package: inputenc 2024/02/08 v1.3d Input encoding file
\inpenc@prehook=\toks17
\inpenc@posthook=\toks18
) (C:\Users\devin\AppData\Local\Programs\MiKTeX\tex/generic/babel\babel.sty
Package: babel 2025/10/22 v25.14 The multilingual framework for LuaLaTeX, pdfLa
TeX and XeLaTeX
\babel@savecnt=\count284
LaTeX Encoding Info:    Redeclaring text command \ij (encoding OT1) on input li
ne 2050.
LaTeX Encoding Info:    Redeclaring text command \IJ (encoding OT1) on input li
ne 2052.
LaTeX Encoding Info:    Redeclaring text command \ij (encoding T1) on input lin
e 2054.
LaTeX Encoding Info:    Redeclaring text command \IJ (encoding T1) on input lin
e 2055.
LaTeX Encoding Info:    Ignoring declaration for text command \ij (encoding ?) 
on input line 2056.
LaTeX Encoding Info:    Ignoring declaration for text command \IJ (encoding ?) 
on input line 2058.
LaTeX Encoding Info:    Ignoring declaration for text command \SS (encoding ?) 
on input line 2083.
\U@D=\dimen149
\l@unhyphenated=\language79
(C:\Users\devin\AppData\Local\Programs\MiKTeX\tex/generic/babel\txtbabel.def)
\bbl@readstream=\read2
\bbl@dirlevel=\count285

Package babel Warning: Configuration files are deprecated, as
(babel)                they can break document portability.
(babel)                Reported on input line 4172.

*************************************
* Local config file bblopts.cfg used
*
(C:\Users\devin\AppData\Local\Programs\MiKTeX\tex/latex/arabi\bblopts.cfg
File: bblopts.cfg 2005/09/08 v0.1 add Arabic and Farsi to "declared" options of
 babel
)
(C:\Users\devin\AppData\Local\Programs\MiKTeX\tex/generic/babel/locale/es\babel
-spanish.tex)
Package babel Info: Importing font and identification data for spanish
(babel)             from babel-es.ini. Reported on input line 4295.

(C:\Users\devin\AppData\Local\Programs\MiKTeX\tex/latex/babel-spanish\spanish.l
df
Language: spanish.ldf 2021/05/27 v5.0q Spanish support from the babel system
\es@quottoks=\toks19
\es@quotdepth=\count286
Package babel Info: Making " an active character on input line 570.
Package babel Info: Making . an active character on input line 675.
Package babel Info: Making < an active character on input line 722.
Package babel Info: Making > an active character on input line 722.
))
LaTeX Encoding Info:    Redeclaring text command \guillemotleft (encoding OT1) 
on input line 4.
LaTeX Encoding Info:    Redeclaring text command \guillemotright (encoding OT1)
 on input line 4.
(C:\Users\devin\AppData\Local\Programs\MiKTeX\tex/latex/base\fontenc.sty
Package: fontenc 2024/12/21 v2.1c Standard LaTeX package
) (C:\Users\devin\AppData\Local\Programs\MiKTeX\tex/latex/geometry\geometry.sty
Package: geometry 2020/01/02 v5.9 Page Geometry
(C:\Users\devin\AppData\Local\Programs\MiKTeX\tex/latex/graphics\keyval.sty
Package: keyval 2022/05/29 v1.15 key=value parser (DPC)
\KV@toks@=\toks20
) (C:\Users\devin\AppData\Local\Programs\MiKTeX\tex/generic/iftex\ifvtex.sty
Package: ifvtex 2019/10/25 v1.7 ifvtex legacy package. Use iftex instead.
(C:\Users\devin\AppData\Local\Programs\MiKTeX\tex/generic/iftex\iftex.sty
Package: iftex 2024/12/12 v1.0g TeX engine tests
))
\Gm@cnth=\count287
\Gm@cntv=\count288
\c@Gm@tempcnt=\count289
\Gm@bindingoffset=\dimen150
\Gm@wd@mp=\dimen151
\Gm@odd@mp=\dimen152
\Gm@even@mp=\dimen153
\Gm@layoutwidth=\dimen154
\Gm@layoutheight=\dimen155
\Gm@layouthoffset=\dimen156
\Gm@layoutvoffset=\dimen157
\Gm@dimlist=\toks21
(C:\Users\devin\AppData\Local\Programs\MiKTeX\tex/latex/geometry\geometry.cfg))
(C:\Users\devin\AppData\Local\Programs\MiKTeX\tex/latex/graphics\graphicx.sty
Package: graphicx 2024/12/31 v1.2e Enhanced LaTeX Graphics (DPC,SPQR)
(C:\Users\devin\AppData\Local\Programs\MiKTeX\tex/latex/graphics\graphics.sty
Package: graphics 2024/08/06 v1.4g Standard LaTeX Graphics (DPC,SPQR)
(C:\Users\devin\AppData\Local\Programs\MiKTeX\tex/latex/graphics\trig.sty
Package: trig 2023/12/02 v1.11 sin cos tan (DPC)
)
(C:\Users\devin\AppData\Local\Programs\MiKTeX\tex/latex/graphics-cfg\graphics.c
fg
File: graphics.cfg 2016/06/04 v1.11 sample graphics configuration
)
Package graphics Info: Driver file: pdftex.def on input line 106.

(C:\Users\devin\AppData\Local\Programs\MiKTeX\tex/latex/graphics-def\pdftex.def
File: pdftex.def 2025/09/29 v1.2d Graphics/color driver for pdftex
))
\Gin@req@height=\dimen158
\Gin@req@width=\dimen159
) (C:\Users\devin\AppData\Local\Programs\MiKTeX\tex/latex/fancyhdr\fancyhdr.sty
Package: fancyhdr 2025/02/07 v5.2 Extensive control of page headers and footers

\f@nch@headwidth=\skip51
\f@nch@offset@elh=\skip52
\f@nch@offset@erh=\skip53
\f@nch@offset@olh=\skip54
\f@nch@offset@orh=\skip55
\f@nch@offset@elf=\skip56
\f@nch@offset@erf=\skip57
\f@nch@offset@olf=\skip58
\f@nch@offset@orf=\skip59
\f@nch@height=\skip60
\f@nch@footalignment=\skip61
\f@nch@widthL=\skip62
\f@nch@widthC=\skip63
\f@nch@widthR=\skip64
\@temptokenb=\toks22
) (C:\Users\devin\AppData\Local\Programs\MiKTeX\tex/latex/hyperref\hyperref.sty
Package: hyperref 2025-07-12 v7.01o Hypertext links for LaTeX

(C:\Users\devin\AppData\Local\Programs\MiKTeX\tex/latex/kvsetkeys\kvsetkeys.sty
Package: kvsetkeys 2022-10-05 v1.19 Key value parser (HO)
)
(C:\Users\devin\AppData\Local\Programs\MiKTeX\tex/generic/kvdefinekeys\kvdefine
keys.sty
Package: kvdefinekeys 2019-12-19 v1.6 Define keys (HO)
)
(C:\Users\devin\AppData\Local\Programs\MiKTeX\tex/generic/pdfescape\pdfescape.s
ty
Package: pdfescape 2019/12/09 v1.15 Implements pdfTeX's escape features (HO)
(C:\Users\devin\AppData\Local\Programs\MiKTeX\tex/generic/ltxcmds\ltxcmds.sty
Package: ltxcmds 2023-12-04 v1.26 LaTeX kernel commands for general use (HO)
)
(C:\Users\devin\AppData\Local\Programs\MiKTeX\tex/generic/pdftexcmds\pdftexcmds
.sty
Package: pdftexcmds 2020-06-27 v0.33 Utility functions of pdfTeX for LuaTeX (HO
)

(C:\Users\devin\AppData\Local\Programs\MiKTeX\tex/generic/infwarerr\infwarerr.s
ty
Package: infwarerr 2019/12/03 v1.5 Providing info/warning/error messages (HO)
)
Package pdftexcmds Info: \pdf@primitive is available.
Package pdftexcmds Info: \pdf@ifprimitive is available.
Package pdftexcmds Info: \pdfdraftmode found.
)) (C:\Users\devin\AppData\Local\Programs\MiKTeX\tex/latex/hycolor\hycolor.sty
Package: hycolor 2020-01-27 v1.10 Color options for hyperref/bookmark (HO)
) (C:\Users\devin\AppData\Local\Programs\MiKTeX\tex/latex/hyperref\nameref.sty
Package: nameref 2025-06-21 v2.57 Cross-referencing by name of section
(C:\Users\devin\AppData\Local\Programs\MiKTeX\tex/latex/refcount\refcount.sty
Package: refcount 2019/12/15 v3.6 Data extraction from label references (HO)
)
(C:\Users\devin\AppData\Local\Programs\MiKTeX\tex/generic/gettitlestring\gettit
lestring.sty
Package: gettitlestring 2019/12/15 v1.6 Cleanup title references (HO)

(C:\Users\devin\AppData\Local\Programs\MiKTeX\tex/latex/kvoptions\kvoptions.sty
Package: kvoptions 2022-06-15 v3.15 Key value format for package options (HO)
))
\c@section@level=\count290
) (C:\Users\devin\AppData\Local\Programs\MiKTeX\tex/latex/etoolbox\etoolbox.sty
Package: etoolbox 2025/10/02 v2.5m e-TeX tools for LaTeX (JAW)
\etb@tempcnta=\count291
)
(C:\Users\devin\AppData\Local\Programs\MiKTeX\tex/generic/stringenc\stringenc.s
ty
Package: stringenc 2019/11/29 v1.12 Convert strings between diff. encodings (HO
)
)
\@linkdim=\dimen160
\Hy@linkcounter=\count292
\Hy@pagecounter=\count293
(C:\Users\devin\AppData\Local\Programs\MiKTeX\tex/latex/hyperref\pd1enc.def
File: pd1enc.def 2025-07-12 v7.01o Hyperref: PDFDocEncoding definition (HO)
Now handling font encoding PD1 ...
... no UTF-8 mapping file for font encoding PD1
) (C:\Users\devin\AppData\Local\Programs\MiKTeX\tex/generic/intcalc\intcalc.sty
Package: intcalc 2019/12/15 v1.3 Expandable calculations with integers (HO)
)
\Hy@SavedSpaceFactor=\count294
(C:\Users\devin\AppData\Local\Programs\MiKTeX\tex/latex/hyperref\puenc.def
File: puenc.def 2025-07-12 v7.01o Hyperref: PDF Unicode definition (HO)
Now handling font encoding PU ...
... no UTF-8 mapping file for font encoding PU
)
Package hyperref Info: Hyper figures OFF on input line 4195.
Package hyperref Info: Link nesting OFF on input line 4200.
Package hyperref Info: Hyper index ON on input line 4203.
Package hyperref Info: Plain pages OFF on input line 4210.
Package hyperref Info: Backreferencing OFF on input line 4215.
Package hyperref Info: Implicit mode ON; LaTeX internals redefined.
Package hyperref Info: Bookmarks ON on input line 4462.
\c@Hy@tempcnt=\count295
(C:\Users\devin\AppData\Local\Programs\MiKTeX\tex/latex/url\url.sty
\Urlmuskip=\muskip17
Package: url 2013/09/16  ver 3.4  Verb mode for urls, etc.
)
LaTeX Info: Redefining \url on input line 4801.
\XeTeXLinkMargin=\dimen161
(C:\Users\devin\AppData\Local\Programs\MiKTeX\tex/generic/bitset\bitset.sty
Package: bitset 2019/12/09 v1.3 Handle bit-vector datatype (HO)

(C:\Users\devin\AppData\Local\Programs\MiKTeX\tex/generic/bigintcalc\bigintcalc
.sty
Package: bigintcalc 2019/12/15 v1.5 Expandable calculations on big integers (HO
)
))
\Fld@menulength=\count296
\Field@Width=\dimen162
\Fld@charsize=\dimen163
Package hyperref Info: Hyper figures OFF on input line 6078.
Package hyperref Info: Link nesting OFF on input line 6083.
Package hyperref Info: Hyper index ON on input line 6086.
Package hyperref Info: backreferencing OFF on input line 6093.
Package hyperref Info: Link coloring OFF on input line 6098.
Package hyperref Info: Link coloring with OCG OFF on input line 6103.
Package hyperref Info: PDF/A mode OFF on input line 6108.
\Hy@abspage=\count297
\c@Item=\count298
\c@Hfootnote=\count299
)
Package hyperref Info: Driver (autodetected): hpdftex.
(C:\Users\devin\AppData\Local\Programs\MiKTeX\tex/latex/hyperref\hpdftex.def
File: hpdftex.def 2025-07-12 v7.01o Hyperref driver for pdfTeX
\Fld@listcount=\count300
\c@bookmark@seq@number=\count301

(C:\Users\devin\AppData\Local\Programs\MiKTeX\tex/latex/rerunfilecheck\rerunfil
echeck.sty
Package: rerunfilecheck 2025-06-21 v1.11 Rerun checks for auxiliary files (HO)

(C:\Users\devin\AppData\Local\Programs\MiKTeX\tex/generic/uniquecounter\uniquec
ounter.sty
Package: uniquecounter 2019/12/15 v1.4 Provide unlimited unique counter (HO)
)
Package uniquecounter Info: New unique counter `rerunfilecheck' on input line 2
84.
)
\Hy@SectionHShift=\skip65
) (C:\Users\devin\AppData\Local\Programs\MiKTeX\tex/latex/booktabs\booktabs.sty
Package: booktabs 2020/01/12 v1.61803398 Publication quality tables
\heavyrulewidth=\dimen164
\lightrulewidth=\dimen165
\cmidrulewidth=\dimen166
\belowrulesep=\dimen167
\belowbottomsep=\dimen168
\aboverulesep=\dimen169
\abovetopsep=\dimen170
\cmidrulesep=\dimen171
\cmidrulekern=\dimen172
\defaultaddspace=\dimen173
\@cmidla=\count302
\@cmidlb=\count303
\@aboverulesep=\dimen174
\@belowrulesep=\dimen175
\@thisruleclass=\count304
\@lastruleclass=\count305
\@thisrulewidth=\dimen176
) (C:\Users\devin\AppData\Local\Programs\MiKTeX\tex/latex/tools\longtable.sty
Package: longtable 2024-12-18 v4.23 Multi-page Table package (DPC)
\LTleft=\skip66
\LTright=\skip67
\LTpre=\skip68
\LTpost=\skip69
\LTchunksize=\count306
\LTcapwidth=\dimen177
\LT@head=\box53
\LT@firsthead=\box54
\LT@foot=\box55
\LT@lastfoot=\box56
\LT@gbox=\box57
\LT@cols=\count307
\LT@rows=\count308
\c@LT@tables=\count309
\c@LT@chunks=\count310
\LT@p@ftn=\toks23
) (C:\Users\devin\AppData\Local\Programs\MiKTeX\tex/latex/enumitem\enumitem.sty
Package: enumitem 2025/02/06 v3.11 Customized lists
\labelindent=\skip70
\enit@outerparindent=\dimen178
\enit@toks=\toks24
\enit@inbox=\box58
\enit@count@id=\count311
\enitdp@description=\count312
) (C:\Users\devin\AppData\Local\Programs\MiKTeX\tex/latex/xcolor\xcolor.sty
Package: xcolor 2024/09/29 v3.02 LaTeX color extensions (UK)
(C:\Users\devin\AppData\Local\Programs\MiKTeX\tex/latex/graphics-cfg\color.cfg
File: color.cfg 2016/01/02 v1.6 sample color configuration
)
Package xcolor Info: Driver file: pdftex.def on input line 274.
(C:\Users\devin\AppData\Local\Programs\MiKTeX\tex/latex/graphics\mathcolor.ltx)
Package xcolor Info: Model `cmy' substituted by `cmy0' on input line 1349.
Package xcolor Info: Model `hsb' substituted by `rgb' on input line 1353.
Package xcolor Info: Model `RGB' extended on input line 1365.
Package xcolor Info: Model `HTML' substituted by `rgb' on input line 1367.
Package xcolor Info: Model `Hsb' substituted by `hsb' on input line 1368.
Package xcolor Info: Model `tHsb' substituted by `hsb' on input line 1369.
Package xcolor Info: Model `HSB' substituted by `hsb' on input line 1370.
Package xcolor Info: Model `Gray' substituted by `gray' on input line 1371.
Package xcolor Info: Model `wave' substituted by `hsb' on input line 1372.
) (C:\Users\devin\AppData\Local\Programs\MiKTeX\tex/latex/titlesec\titlesec.sty
Package: titlesec 2025/01/04 v2.17 Sectioning titles
\ttl@box=\box59
\beforetitleunit=\skip71
\aftertitleunit=\skip72
\ttl@plus=\dimen179
\ttl@minus=\dimen180
\ttl@toksa=\toks25
\titlewidth=\dimen181
\titlewidthlast=\dimen182
\titlewidthfirst=\dimen183
) (C:\Users\devin\AppData\Local\Programs\MiKTeX\tex/latex/parskip\parskip.sty
Package: parskip 2021-03-14 v2.0h non-zero parskip adjustments
)
Package hyperref Info: Option `colorlinks' set `true' on input line 34.

(C:\Users\devin\AppData\Local\Programs\MiKTeX\tex/latex/l3backend\l3backend-pdf
tex.def
File: l3backend-pdftex.def 2025-10-09 L3 backend support: PDF output (pdfTeX)
\l__color_backend_stack_int=\count313
) (charlas_completas_mejorado.aux
LaTeX Info: Redefining \. on input line 11.
LaTeX Info: Redefining \% on input line 11.
Package babel Info: 'spanish' activates 'spanish' shorthands.
(babel)             Reported on input line 11.
)
\openout1 = `charlas_completas_mejorado.aux'.

LaTeX Font Info:    Checking defaults for OML/cmm/m/it on input line 68.
LaTeX Font Info:    ... okay on input line 68.
LaTeX Font Info:    Checking defaults for OMS/cmsy/m/n on input line 68.
LaTeX Font Info:    ... okay on input line 68.
LaTeX Font Info:    Checking defaults for OT1/cmr/m/n on input line 68.
LaTeX Font Info:    ... okay on input line 68.
LaTeX Font Info:    Checking defaults for T1/cmr/m/n on input line 68.
LaTeX Font Info:    ... okay on input line 68.
LaTeX Font Info:    Checking defaults for TS1/cmr/m/n on input line 68.
LaTeX Font Info:    ... okay on input line 68.
LaTeX Font Info:    Checking defaults for OMX/cmex/m/n on input line 68.
LaTeX Font Info:    ... okay on input line 68.
LaTeX Font Info:    Checking defaults for U/cmr/m/n on input line 68.
LaTeX Font Info:    ... okay on input line 68.
LaTeX Font Info:    Checking defaults for PD1/pdf/m/n on input line 68.
LaTeX Font Info:    ... okay on input line 68.
LaTeX Font Info:    Checking defaults for PU/pdf/m/n on input line 68.
LaTeX Font Info:    ... okay on input line 68.
LaTeX Info: Redefining \. on input line 68.
LaTeX Info: Redefining \% on input line 68.
*geometry* driver: auto-detecting
*geometry* detected driver: pdftex
*geometry* verbose mode - [ preamble ] result:
* driver: pdftex
* paper: a4paper
* layout: <same size as paper>
* layoutoffset:(h,v)=(0.0pt,0.0pt)
* modes: 
* h-part:(L,W,R)=(85.35826pt, 441.01773pt, 71.13188pt)
* v-part:(T,H,B)=(71.13188pt, 702.78308pt, 71.13188pt)
* \paperwidth=597.50787pt
* \paperheight=845.04684pt
* \textwidth=441.01773pt
* \textheight=702.78308pt
* \oddsidemargin=13.08827pt
* \evensidemargin=13.08827pt
* \topmargin=-56.1381pt
* \headheight=30.0pt
* \headsep=25.0pt
* \topskip=12.0pt
* \footskip=30.0pt
* \marginparwidth=35.0pt
* \marginparsep=10.0pt
* \columnsep=10.0pt
* \skip\footins=10.8pt plus 4.0pt minus 2.0pt
* \hoffset=0.0pt
* \voffset=0.0pt
* \mag=1000
* \@twocolumnfalse
* \@twosidefalse
* \@mparswitchfalse
* \@reversemarginfalse
* (1in=72.27pt=25.4mm, 1cm=28.453pt)


(C:\Users\devin\AppData\Local\Programs\MiKTeX\tex/context/base/mkii\supp-pdf.mk
ii
[Loading MPS to PDF converter (version 2006.09.02).]
\scratchcounter=\count314
\scratchdimen=\dimen184
\scratchbox=\box60
\nofMPsegments=\count315
\nofMParguments=\count316
\everyMPshowfont=\toks26
\MPscratchCnt=\count317
\MPscratchDim=\dimen185
\MPnumerator=\count318
\makeMPintoPDFobject=\count319
\everyMPtoPDFconversion=\toks27
)
(C:\Users\devin\AppData\Local\Programs\MiKTeX\tex/latex/epstopdf-pkg\epstopdf-b
ase.sty
Package: epstopdf-base 2020-01-24 v2.11 Base part for package epstopdf
Package epstopdf-base Info: Redefining graphics rule for `.eps' on input line 4
85.

(C:\Users\devin\AppData\Local\Programs\MiKTeX\tex/latex/00miktex\epstopdf-sys.c
fg
File: epstopdf-sys.cfg 2021/03/18 v2.0 Configuration of epstopdf for MiKTeX
))
Package hyperref Info: Link coloring ON on input line 68.
(charlas_completas_mejorado.out) (charlas_completas_mejorado.out)
\@outlinefile=\write3
\openout3 = `charlas_completas_mejorado.out'.

Couldn't patch \ttl@straight@ii
Couldn't patch \ttl@straight@ii
LaTeX Font Info:    External font `cmex10' loaded for size
(Font)              <14.4> on input line 71.
LaTeX Font Info:    External font `cmex10' loaded for size
(Font)              <7> on input line 71.


[1

{C:/Users/devin/AppData/Local/MiKTeX/fonts/map/pdftex/pdftex.map}] (charlas_com
pletas_mejorado.toc
LaTeX Info: Redefining \. on input line 1.
LaTeX Info: Redefining \% on input line 1.
LaTeX Font Info:    External font `cmex10' loaded for size
(Font)              <12> on input line 3.
LaTeX Font Info:    External font `cmex10' loaded for size
(Font)              <8> on input line 3.
LaTeX Font Info:    External font `cmex10' loaded for size
(Font)              <6> on input line 3.



pdfTeX warning (ext4): destination with the same identifier (name{page.1}) has 
been already used, duplicate ignored
<to be read again> 
                   \relax 
l.37 ...dad‚ÄîLa Soluci√≥n }{24}{subsection.3.2.4}
                                                  % [1

]

LaTeX Info: Redefining \. on input line 84.
LaTeX Info: Redefining \% on input line 84.
Package babel Info: 'spanish' activates 'spanish' shorthands.
(babel)             Reported on input line 84.
[2]

LaTeX Info: Redefining \. on input line 130.
LaTeX Info: Redefining \% on input line 130.
[3]

LaTeX Info: Redefining \. on input line 175.
LaTeX Info: Redefining \% on input line 175.
[4]

LaTeX Info: Redefining \. on input line 221.
LaTeX Info: Redefining \% on input line 221.
[5]

LaTeX Info: Redefining \. on input line 261.
LaTeX Info: Redefining \% on input line 261.
[6]

LaTeX Info: Redefining \. on input line 308.
LaTeX Info: Redefining \% on input line 308.
[7]
Overfull \hbox (0.85353pt too wide) in paragraph at lines 341--341
 [][] [][][]\T1/cmr/m/n/12 Parte 1: El Pro-ble-ma Fun-da-men-tal^^VEstructura L
a-bo-ral vs. Men- 
 []



LaTeX Info: Redefining \. on input line 357.
LaTeX Info: Redefining \% on input line 357.
[8])
\tf@toc=\write4
\openout4 = `charlas_completas_mejorado.toc'.



LaTeX Info: Redefining \. on input line 75.
LaTeX Info: Redefining \% on input line 75.
[9]
Cap\'{\i }tulo 1.


[10

]

LaTeX Info: Redefining \. on input line 116.
LaTeX Info: Redefining \% on input line 116.
[11]
Overfull \hbox (3.08485pt too wide) in paragraph at lines 121--122
\T1/cmr/m/n/12 ta-da a adul-tos su-per-do-ta-dos es muy re-co-men-da-ble. Mo-de
-los co-mo la te-ra-pia cognitivo-
 []



LaTeX Info: Redefining \. on input line 129.
LaTeX Info: Redefining \% on input line 129.
[12]

LaTeX Info: Redefining \. on input line 137.
LaTeX Info: Redefining \% on input line 137.
[13]
Cap\'{\i }tulo 2.

Overfull \hbox (28.21611pt too wide) in paragraph at lines 140--140
|\T1/cmr/bx/n/24.88 Comorbilidad y Neu-ro-di-ver-si-dad en Adul-
 []



[14

]

LaTeX Info: Redefining \. on input line 221.
LaTeX Info: Redefining \% on input line 221.
[15]

LaTeX Info: Redefining \. on input line 264.
LaTeX Info: Redefining \% on input line 264.
[16]

LaTeX Info: Redefining \. on input line 314.
LaTeX Info: Redefining \% on input line 314.
[17]

LaTeX Info: Redefining \. on input line 371.
LaTeX Info: Redefining \% on input line 371.
[18]
Overfull \hbox (1.72815pt too wide) in paragraph at lines 375--376
[]\T1/cmr/bx/n/12 Posible aco-mo-da-cio-nes la-bo-ra-les/educativas\T1/cmr/m/n/
12 : Pa-ra apo-yar de-fi-cits MIEN-TRAS
 []


Overfull \hbox (2.80916pt too wide) in paragraph at lines 390--390
|[]\T1/cmr/bx/n/17.28 PARTE III: GUÕA PR¡C-TI-CA DE DE-TEC-CI”N| 
 []



LaTeX Info: Redefining \. on input line 413.
LaTeX Info: Redefining \% on input line 413.
[19]

LaTeX Info: Redefining \. on input line 467.
LaTeX Info: Redefining \% on input line 467.
[20]

LaTeX Info: Redefining \. on input line 513.
LaTeX Info: Redefining \% on input line 513.
[21]
Cap\'{\i }tulo 3.

Overfull \hbox (17.7524pt too wide) in paragraph at lines 516--516
|\T1/cmr/bx/n/24.88 Creatividad, B˙s-que-da de Sen-ti-do y Rea-
 []



[22

]

LaTeX Info: Redefining \. on input line 598.
LaTeX Info: Redefining \% on input line 598.
[23]

LaTeX Info: Redefining \. on input line 650.
LaTeX Info: Redefining \% on input line 650.
[24]

LaTeX Info: Redefining \. on input line 696.
LaTeX Info: Redefining \% on input line 696.
[25]

LaTeX Info: Redefining \. on input line 749.
LaTeX Info: Redefining \% on input line 749.
[26]

LaTeX Info: Redefining \. on input line 809.
LaTeX Info: Redefining \% on input line 809.
[27]

LaTeX Info: Redefining \. on input line 879.
LaTeX Info: Redefining \% on input line 879.
[28]

LaTeX Info: Redefining \. on input line 939.
LaTeX Info: Redefining \% on input line 939.
[29]
Overfull \hbox (24.9822pt too wide) in paragraph at lines 939--940
[]\T1/cmr/m/n/12 ``PodrÌa usar mi ta-len-to/inteligencia/creatividad pa-ra con-
tri-buir a [cau-sa/problema/persona]
 []

LaTeX Font Info:    External font `cmex10' loaded for size
(Font)              <10.95> on input line 983.

Underfull \hbox (badness 1337) in paragraph at lines 991--991
[]\T1/cmr/bx/n/10.95 Carrera in-sa-tis-fac-to-ria + sin
 []



LaTeX Info: Redefining \. on input line 996.
LaTeX Info: Redefining \% on input line 996.
[30]

LaTeX Info: Redefining \. on input line 1043.
LaTeX Info: Redefining \% on input line 1043.
[31]

LaTeX Info: Redefining \. on input line 1064.
LaTeX Info: Redefining \% on input line 1064.
[32]
Cap\'{\i }tulo 4.


[33

]

LaTeX Info: Redefining \. on input line 1163.
LaTeX Info: Redefining \% on input line 1163.
[34]

LaTeX Info: Redefining \. on input line 1218.
LaTeX Info: Redefining \% on input line 1218.
[35]

LaTeX Info: Redefining \. on input line 1272.
LaTeX Info: Redefining \% on input line 1272.
[36]

LaTeX Info: Redefining \. on input line 1321.
LaTeX Info: Redefining \% on input line 1321.
[37]

LaTeX Info: Redefining \. on input line 1379.
LaTeX Info: Redefining \% on input line 1379.
[38]
Underfull \hbox (badness 2828) in paragraph at lines 1398--1398
[]|\T1/cmr/m/n/10.95 ResoluciÛn de pro-
 []


Underfull \hbox (badness 10000) in paragraph at lines 1398--1399
[]|\T1/cmr/m/n/10.95 Deadlines ex-ter-nos, sis-te-ma de
 []


Underfull \hbox (badness 10000) in paragraph at lines 1402--1402
[]|\T1/cmr/m/n/10.95 Dificultad cam-biar
 []


Underfull \hbox (badness 10000) in paragraph at lines 1404--1404
[]|\T1/cmr/m/n/10.95 Impulsividad, de-ci-
 []


Underfull \hbox (badness 10000) in paragraph at lines 1417--1417
[]|\T1/cmr/m/n/10.95 Pensamiento sis-te-
 []


Underfull \hbox (badness 10000) in paragraph at lines 1417--1417
[]|\T1/cmr/m/n/10.95 Rigidez; di-fi-cul-tad
 []


Underfull \hbox (badness 1365) in paragraph at lines 1425--1426
[]|\T1/cmr/m/n/10.95 Claridad de ex-pec-ta-ti-vas; ru-ti-nas
 []


Underfull \hbox (badness 5316) in paragraph at lines 1436--1436
[]|\T1/cmr/m/n/10.95 Pensamiento ver-bal
 []


Underfull \hbox (badness 2717) in paragraph at lines 1440--1440
[]|\T1/cmr/m/n/10.95 Creatividad lin-g¸Ìs-
 []


Underfull \hbox (badness 1348) in paragraph at lines 1442--1442
[]|\T1/cmr/m/n/10.95 Lectura de ins-truc-
 []

LaTeX Info: Redefining \. on input line 1444.
LaTeX Info: Redefining \% on input line 1444.
[39]
Underfull \hbox (badness 10000) in paragraph at lines 1457--1458
[]|\T1/cmr/m/n/10.95 Canalizar crea-ti-vi-dad; realidad-
 []



LaTeX Info: Redefining \. on input line 1503.
LaTeX Info: Redefining \% on input line 1503.
[40]

LaTeX Info: Redefining \. on input line 1565.
LaTeX Info: Redefining \% on input line 1565.
[41]

LaTeX Info: Redefining \. on input line 1619.
LaTeX Info: Redefining \% on input line 1619.
[42]
Overfull \hbox (25.2405pt too wide) in paragraph at lines 1644--1645
[]\T1/cmr/bx/n/10.95 Especifica\T1/cmr/m/n/10.95 : Quie-res eva-lua-ciÛn de su-
per-do-ta-ciÛn + eva-lua-ciÛn pa-ra TDAH/autismo/dificultades
 []



LaTeX Info: Redefining \. on input line 1667.
LaTeX Info: Redefining \% on input line 1667.
[43]

LaTeX Info: Redefining \. on input line 1683.
LaTeX Info: Redefining \% on input line 1683.
[44]
Cap\'{\i }tulo 5.


[45

]

LaTeX Info: Redefining \. on input line 1777.
LaTeX Info: Redefining \% on input line 1777.
[46]

LaTeX Info: Redefining \. on input line 1836.
LaTeX Info: Redefining \% on input line 1836.
[47]

LaTeX Info: Redefining \. on input line 1893.
LaTeX Info: Redefining \% on input line 1893.
[48]

LaTeX Info: Redefining \. on input line 1949.
LaTeX Info: Redefining \% on input line 1949.
[49]

LaTeX Info: Redefining \. on input line 2014.
LaTeX Info: Redefining \% on input line 2014.
[50]
Overfull \hbox (27.69444pt too wide) in paragraph at lines 2022--2023
[]\T1/cmr/m/n/10.95 Si tu to-tal es <5 ho-ras/semana en es-ti-mu-la-ciÛn: \T1/c
mr/bx/n/10.95 es-t·s sub-es-ti-mu-la-do. De-pre-siÛn/aburrimiento
 []



LaTeX Info: Redefining \. on input line 2084.
LaTeX Info: Redefining \% on input line 2084.
[51]
Underfull \hbox (badness 10000) in paragraph at lines 2103--2104
[]\T1/cmr/bx/n/10.95 Costo
 []


Underfull \hbox (badness 10000) in paragraph at lines 2105--2105
[]\T1/cmr/m/n/10.95 Automate the
 []


Underfull \hbox (badness 1082) in paragraph at lines 2105--2105
\T1/cmr/m/n/10.95 Bo-ring Stuff with
 []


Underfull \hbox (badness 3724) in paragraph at lines 2107--2107
[]\T1/cmr/m/n/10.95 FilosofÌa es-
 []


Underfull \hbox (badness 10000) in paragraph at lines 2107--2107
[]\T1/cmr/m/n/10.95 Letters from a
 []


Underfull \hbox (badness 10000) in paragraph at lines 2107--2107
[]\T1/cmr/m/n/10.95 Coursera
 []



LaTeX Info: Redefining \. on input line 2151.
LaTeX Info: Redefining \% on input line 2151.
[52]

LaTeX Info: Redefining \. on input line 2211.
LaTeX Info: Redefining \% on input line 2211.
[53]

LaTeX Info: Redefining \. on input line 2234.
LaTeX Info: Redefining \% on input line 2234.
[54]
Cap\'{\i }tulo 6.


[55

]

LaTeX Info: Redefining \. on input line 2319.
LaTeX Info: Redefining \% on input line 2319.
[56]

LaTeX Info: Redefining \. on input line 2364.
LaTeX Info: Redefining \% on input line 2364.
[57]

LaTeX Info: Redefining \. on input line 2412.
LaTeX Info: Redefining \% on input line 2412.
[58]

! LaTeX Error: \begin{document} ended by \end{quoting}.

See the LaTeX manual or LaTeX Companion for explanation.
Type  H <return>  for immediate help.
 ...                                              
                                                  
l.2453 >
         \textit{¬øQu√© es realmente la superdotaci√≥n? Desmontando 8 mitos ...

Your command was ignored.
Type  I <command> <return>  to replace it with another command,
or  <return>  to continue without it.

! Extra \endgroup.
\end  ...end#1\endcsname \@checkend {#1}\endgroup 
                                                  \UseHook {env/#1/after}\if...
l.2453 >
         \textit{¬øQu√© es realmente la superdotaci√≥n? Desmontando 8 mitos ...
Things are pretty mixed up, but I think the worst is over.



LaTeX Info: Redefining \. on input line 2472.
LaTeX Info: Redefining \% on input line 2472.
[59]

! LaTeX Error: Unicode character ‚úì (U+2713)
               not set up for use with LaTeX.

See the LaTeX manual or LaTeX Companion for explanation.
Type  H <return>  for immediate help.
 ...                                              
                                                  
l.2477 ‚úì
           Identificaci√≥n temprana (desde edades 3-4 a√±os en adelante)
You may provide a definition with
\DeclareUnicodeCharacter 


! LaTeX Error: Unicode character ‚úì (U+2713)
               not set up for use with LaTeX.

See the LaTeX manual or LaTeX Companion for explanation.
Type  H <return>  for immediate help.
 ...                                              
                                                  
l.2479 ‚úì
           Educaci√≥n diferenciada (enriquecimiento, no simplemente ``m√°s d...

You may provide a definition with
\DeclareUnicodeCharacter 


! LaTeX Error: Unicode character ‚úì (U+2713)
               not set up for use with LaTeX.

See the LaTeX manual or LaTeX Companion for explanation.
Type  H <return>  for immediate help.
 ...                                              
                                                  
l.2481 ‚úì
           Apoyo emocional y social (manejar intensidad, sensibilidad, alien...

You may provide a definition with
\DeclareUnicodeCharacter 


! LaTeX Error: Unicode character ‚úì (U+2713)
               not set up for use with LaTeX.

See the LaTeX manual or LaTeX Companion for explanation.
Type  H <return>  for immediate help.
 ...                                              
                                                  
l.2483 ‚úì
           Comprensi√≥n de su diferencia (no patologizaci√≥n)
You may provide a definition with
\DeclareUnicodeCharacter 


! LaTeX Error: Unicode character ‚úì (U+2713)
               not set up for use with LaTeX.

See the LaTeX manual or LaTeX Companion for explanation.
Type  H <return>  for immediate help.
 ...                                              
                                                  
l.2485 ‚úì
           Acceso equitativo sin barreras de clase, g√©nero, etnia
You may provide a definition with
\DeclareUnicodeCharacter 


! LaTeX Error: Unicode character ‚úó (U+2717)
               not set up for use with LaTeX.

See the LaTeX manual or LaTeX Companion for explanation.
Type  H <return>  for immediate help.
 ...                                              
                                                  
l.2489 ‚úó
           Depresi√≥n y ansiedad
You may provide a definition with
\DeclareUnicodeCharacter 


! LaTeX Error: Unicode character ‚úó (U+2717)
               not set up for use with LaTeX.

See the LaTeX manual or LaTeX Companion for explanation.
Type  H <return>  for immediate help.
 ...                                              
                                                  
l.2491 ‚úó
           Fracaso acad√©mico deliberado (underachievement)
You may provide a definition with
\DeclareUnicodeCharacter 


! LaTeX Error: Unicode character ‚úó (U+2717)
               not set up for use with LaTeX.

See the LaTeX manual or LaTeX Companion for explanation.
Type  H <return>  for immediate help.
 ...                                              
                                                  
l.2493 ‚úó
           Alienaci√≥n social y aislamiento
You may provide a definition with
\DeclareUnicodeCharacter 


! LaTeX Error: Unicode character ‚úó (U+2717)
               not set up for use with LaTeX.

See the LaTeX manual or LaTeX Companion for explanation.
Type  H <return>  for immediate help.
 ...                                              
                                                  
l.2495 ‚úó
           S√≠ndrome del impostor
You may provide a definition with
\DeclareUnicodeCharacter 


! LaTeX Error: Unicode character ‚úó (U+2717)
               not set up for use with LaTeX.

See the LaTeX manual or LaTeX Companion for explanation.
Type  H <return>  for immediate help.
 ...                                              
                                                  
l.2497 ‚úó
           P√©rdida de talento para la sociedad
You may provide a definition with
\DeclareUnicodeCharacter 



LaTeX Info: Redefining \. on input line 2531.
LaTeX Info: Redefining \% on input line 2531.
[60]

LaTeX Info: Redefining \. on input line 2595.
LaTeX Info: Redefining \% on input line 2595.
[61]

LaTeX Info: Redefining \. on input line 2644.
LaTeX Info: Redefining \% on input line 2644.
[62]

LaTeX Info: Redefining \. on input line 2702.
LaTeX Info: Redefining \% on input line 2702.
[63]

! LaTeX Error: \begin{document} ended by \end{quoting}.

See the LaTeX manual or LaTeX Companion for explanation.
Type  H <return>  for immediate help.
 ...                                              
                                                  
l.2738 >
         Es m√°s f√°cil creer que son raros que reconocer que simplemente op...

Your command was ignored.
Type  I <command> <return>  to replace it with another command,
or  <return>  to continue without it.

! Extra \endgroup.
\end  ...end#1\endcsname \@checkend {#1}\endgroup 
                                                  \UseHook {env/#1/after}\if...
l.2738 >
         Es m√°s f√°cil creer que son raros que reconocer que simplemente op...
Things are pretty mixed up, but I think the worst is over.


! LaTeX Error: \begin{document} ended by \end{quoting}.

See the LaTeX manual or LaTeX Companion for explanation.
Type  H <return>  for immediate help.
 ...                                              
                                                  
l.2740 >
         Es m√°s f√°cil ignorarlos que cambiar un sistema educativo que no f...

Your command was ignored.
Type  I <command> <return>  to replace it with another command,
or  <return>  to continue without it.

! Extra \endgroup.
\end  ...end#1\endcsname \@checkend {#1}\endgroup 
                                                  \UseHook {env/#1/after}\if...
l.2740 >
         Es m√°s f√°cil ignorarlos que cambiar un sistema educativo que no f...
Things are pretty mixed up, but I think the worst is over.


! LaTeX Error: \begin{document} ended by \end{quoting}.

See the LaTeX manual or LaTeX Companion for explanation.
Type  H <return>  for immediate help.
 ...                                              
                                                  
l.2742 >
         Pero cada mito que perpet√∫as, es un superdotado que se oculta.
Your command was ignored.
Type  I <command> <return>  to replace it with another command,
or  <return>  to continue without it.

! Extra \endgroup.
\end  ...end#1\endcsname \@checkend {#1}\endgroup 
                                                  \UseHook {env/#1/after}\if...
l.2742 >
         Pero cada mito que perpet√∫as, es un superdotado que se oculta.
Things are pretty mixed up, but I think the worst is over.


! LaTeX Error: \begin{document} ended by \end{quoting}.

See the LaTeX manual or LaTeX Companion for explanation.
Type  H <return>  for immediate help.
 ...                                              
                                                  
l.2744 >
         Cada mito que desmontas, es una comprensi√≥n que crece.
Your command was ignored.
Type  I <command> <return>  to replace it with another command,
or  <return>  to continue without it.

! Extra \endgroup.
\end  ...end#1\endcsname \@checkend {#1}\endgroup 
                                                  \UseHook {env/#1/after}\if...
l.2744 >
         Cada mito que desmontas, es una comprensi√≥n que crece.
Things are pretty mixed up, but I think the worst is over.


! LaTeX Error: \begin{document} ended by \end{quoting}.

See the LaTeX manual or LaTeX Companion for explanation.
Type  H <return>  for immediate help.
 ...                                              
                                                  
l.2746 >
         Elige desmontar.``
Your command was ignored.
Type  I <command> <return>  to replace it with another command,
or  <return>  to continue without it.

! Extra \endgroup.
\end  ...end#1\endcsname \@checkend {#1}\endgroup 
                                                  \UseHook {env/#1/after}\if...
l.2746 >
         Elige desmontar.``
Things are pretty mixed up, but I think the worst is over.



LaTeX Info: Redefining \. on input line 2762.
LaTeX Info: Redefining \% on input line 2762.
[64]

LaTeX Info: Redefining \. on input line 2795.
LaTeX Info: Redefining \% on input line 2795.
[65]
Cap\'{\i }tulo 7.


[66

]

LaTeX Info: Redefining \. on input line 2890.
LaTeX Info: Redefining \% on input line 2890.
[67]

LaTeX Info: Redefining \. on input line 2939.
LaTeX Info: Redefining \% on input line 2939.
[68]

LaTeX Info: Redefining \. on input line 2990.
LaTeX Info: Redefining \% on input line 2990.
[69]

LaTeX Info: Redefining \. on input line 3043.
LaTeX Info: Redefining \% on input line 3043.
[70]
Overfull \hbox (21.3981pt too wide) in paragraph at lines 3086--3086
|[]\T1/cmr/bx/n/17.28 PARTE II: GUÕA DE AU-TO-EVA-LUA-CI”N PR¡C-
 []



LaTeX Info: Redefining \. on input line 3089.
LaTeX Info: Redefining \% on input line 3089.
[71]

LaTeX Info: Redefining \. on input line 3139.
LaTeX Info: Redefining \% on input line 3139.
[72]

LaTeX Info: Redefining \. on input line 3195.
LaTeX Info: Redefining \% on input line 3195.
[73]

LaTeX Info: Redefining \. on input line 3253.
LaTeX Info: Redefining \% on input line 3253.
[74]

LaTeX Info: Redefining \. on input line 3299.
LaTeX Info: Redefining \% on input line 3299.
[75]

LaTeX Info: Redefining \. on input line 3319.
LaTeX Info: Redefining \% on input line 3319.
[76]
Cap\'{\i }tulo 8.


[77

]

LaTeX Info: Redefining \. on input line 3413.
LaTeX Info: Redefining \% on input line 3413.
[78]

LaTeX Info: Redefining \. on input line 3468.
LaTeX Info: Redefining \% on input line 3468.
[79]

LaTeX Info: Redefining \. on input line 3519.
LaTeX Info: Redefining \% on input line 3519.
[80]

LaTeX Info: Redefining \. on input line 3583.
LaTeX Info: Redefining \% on input line 3583.
[81]

LaTeX Info: Redefining \. on input line 3639.
LaTeX Info: Redefining \% on input line 3639.
[82]

LaTeX Info: Redefining \. on input line 3693.
LaTeX Info: Redefining \% on input line 3693.
[83]

LaTeX Info: Redefining \. on input line 3754.
LaTeX Info: Redefining \% on input line 3754.
[84]

LaTeX Info: Redefining \. on input line 3819.
LaTeX Info: Redefining \% on input line 3819.
[85]

LaTeX Info: Redefining \. on input line 3884.
LaTeX Info: Redefining \% on input line 3884.
[86]

LaTeX Info: Redefining \. on input line 3932.
LaTeX Info: Redefining \% on input line 3932.
[87]

LaTeX Info: Redefining \. on input line 3948.
LaTeX Info: Redefining \% on input line 3948.
[88]
Cap\'{\i }tulo 9.


[89

]

LaTeX Info: Redefining \. on input line 4022.
LaTeX Info: Redefining \% on input line 4022.
[90]

LaTeX Info: Redefining \. on input line 4073.
LaTeX Info: Redefining \% on input line 4073.
[91]

LaTeX Info: Redefining \. on input line 4119.
LaTeX Info: Redefining \% on input line 4119.
[92]

LaTeX Info: Redefining \. on input line 4164.
LaTeX Info: Redefining \% on input line 4164.
[93]
Overfull \hbox (14.83842pt too wide) in paragraph at lines 4184--4185
[]\T1/cmr/m/n/10.95 Tasas m·s al-tas de \T1/cmr/bx/n/10.95 an-sie-dad, de-pre-s
iÛn, sui-ci-dio \T1/cmr/m/n/10.95 que su-per-do-ta-dos he-te-ro-se-xua-les/cisg
Ènero 
 []



LaTeX Info: Redefining \. on input line 4201.
LaTeX Info: Redefining \% on input line 4201.
[94]
Overfull \hbox (8.2243pt too wide) in paragraph at lines 4221--4221
|[]\T1/cmr/bx/n/17.28 PARTE II: MAR-CO CON-CEP-TUAL IN-TER-SEC-
 []



LaTeX Info: Redefining \. on input line 4247.
LaTeX Info: Redefining \% on input line 4247.
[95]
Overfull \hbox (7.45183pt too wide) in paragraph at lines 4264--4264
|[]\T1/cmr/bx/n/17.28 PARTE III: PRO-PUES-TAS DE IN-TER-VEN-CI”N
 []



LaTeX Info: Redefining \. on input line 4289.
LaTeX Info: Redefining \% on input line 4289.
[96]

LaTeX Info: Redefining \. on input line 4352.
LaTeX Info: Redefining \% on input line 4352.
[97]

LaTeX Info: Redefining \. on input line 4397.
LaTeX Info: Redefining \% on input line 4397.
[98]

LaTeX Info: Redefining \. on input line 4444.
LaTeX Info: Redefining \% on input line 4444.
[99]

LaTeX Info: Redefining \. on input line 4501.
LaTeX Info: Redefining \% on input line 4501.
[100]
! Undefined control sequence.
<recently read> \square 
                        
l.4529 $\square
               $ Usa identificaci√≥n universal (no solo nominaci√≥n)?
The control sequence at the end of the top line
of your error message was never \def'ed. If you have
misspelled it (e.g., `\hobx'), type `I' and the correct
spelling (e.g., `I\hbox'). Otherwise just continue,
and I'll forget about whatever was undefined.

! Undefined control sequence.
<recently read> \square 
                        
l.4531 $\square
               $ Incluye m√∫ltiples criterios de identificaci√≥n (no solo CI)?
The control sequence at the end of the top line
of your error message was never \def'ed. If you have
misspelled it (e.g., `\hobx'), type `I' and the correct
spelling (e.g., `I\hbox'). Otherwise just continue,
and I'll forget about whatever was undefined.

! Undefined control sequence.
<recently read> \square 
                        
l.4533 $\square
               $ Tiene representaci√≥n proporcional de todos los grupos demo...
The control sequence at the end of the top line
of your error message was never \def'ed. If you have
misspelled it (e.g., `\hobx'), type `I' and the correct
spelling (e.g., `I\hbox'). Otherwise just continue,
and I'll forget about whatever was undefined.

! Undefined control sequence.
<recently read> \square 
                        
l.4535 $\square
               $ Ofrece evaluaci√≥n gratuita para familias de bajos ingresos?
The control sequence at the end of the top line
of your error message was never \def'ed. If you have
misspelled it (e.g., `\hobx'), type `I' and the correct
spelling (e.g., `I\hbox'). Otherwise just continue,
and I'll forget about whatever was undefined.

! Undefined control sequence.
<recently read> \square 
                        
l.4537 $\square
               $ Tiene docentes formados en competencia cultural?
The control sequence at the end of the top line
of your error message was never \def'ed. If you have
misspelled it (e.g., `\hobx'), type `I' and the correct
spelling (e.g., `I\hbox'). Otherwise just continue,
and I'll forget about whatever was undefined.

! Undefined control sequence.
<recently read> \square 
                        
l.4539 $\square
               $ Incluye curriculum culturalmente relevante?
The control sequence at the end of the top line
of your error message was never \def'ed. If you have
misspelled it (e.g., `\hobx'), type `I' and the correct
spelling (e.g., `I\hbox'). Otherwise just continue,
and I'll forget about whatever was undefined.

! Undefined control sequence.
<recently read> \square 
                        
l.4541 $\square
               $ Tiene mentores de m√∫ltiples identidades?
The control sequence at the end of the top line
of your error message was never \def'ed. If you have
misspelled it (e.g., `\hobx'), type `I' and the correct
spelling (e.g., `I\hbox'). Otherwise just continue,
and I'll forget about whatever was undefined.

! Undefined control sequence.
<recently read> \square 
                        
l.4543 $\square
               $ Audita anualmente sus datos de equidad?
The control sequence at the end of the top line
of your error message was never \def'ed. If you have
misspelled it (e.g., `\hobx'), type `I' and the correct
spelling (e.g., `I\hbox'). Otherwise just continue,
and I'll forget about whatever was undefined.

! Undefined control sequence.
<recently read> \square 
                        
l.4545 $\square
               $ Tiene pol√≠ticas expl√≠citas contra discriminaci√≥n?
The control sequence at the end of the top line
of your error message was never \def'ed. If you have
misspelled it (e.g., `\hobx'), type `I' and the correct
spelling (e.g., `I\hbox'). Otherwise just continue,
and I'll forget about whatever was undefined.

! Undefined control sequence.
<recently read> \square 
                        
l.4547 $\square
               $ Involucra a familias de contextos diversos en dise√±o de pr...
The control sequence at the end of the top line
of your error message was never \def'ed. If you have
misspelled it (e.g., `\hobx'), type `I' and the correct
spelling (e.g., `I\hbox'). Otherwise just continue,
and I'll forget about whatever was undefined.


! LaTeX Error: \begin{document} ended by \end{quoting}.

See the LaTeX manual or LaTeX Companion for explanation.
Type  H <return>  for immediate help.
 ...                                              
                                                  
l.4558 >
         Si el contexto est√° dise√±ado para ver solo ciertos tipos de talen...

Your command was ignored.
Type  I <command> <return>  to replace it with another command,
or  <return>  to continue without it.

! Extra \endgroup.
\end  ...end#1\endcsname \@checkend {#1}\endgroup 
                                                  \UseHook {env/#1/after}\if...
l.4558 >
         Si el contexto est√° dise√±ado para ver solo ciertos tipos de talen...
Things are pretty mixed up, but I think the worst is over.


! LaTeX Error: \begin{document} ended by \end{quoting}.

See the LaTeX manual or LaTeX Companion for explanation.
Type  H <return>  for immediate help.
 ...                                              
                                                  
l.4560 >
         Es la justicia.``
Your command was ignored.
Type  I <command> <return>  to replace it with another command,
or  <return>  to continue without it.

! Extra \endgroup.
\end  ...end#1\endcsname \@checkend {#1}\endgroup 
                                                  \UseHook {env/#1/after}\if...
l.4560 >
         Es la justicia.``
Things are pretty mixed up, but I think the worst is over.



LaTeX Info: Redefining \. on input line 4563.
LaTeX Info: Redefining \% on input line 4563.
[101]
Cap\'{\i }tulo 10.


[102

]

LaTeX Info: Redefining \. on input line 4640.
LaTeX Info: Redefining \% on input line 4640.
[103]

LaTeX Info: Redefining \. on input line 4681.
LaTeX Info: Redefining \% on input line 4681.
[104]

LaTeX Info: Redefining \. on input line 4731.
LaTeX Info: Redefining \% on input line 4731.
[105]

LaTeX Info: Redefining \. on input line 4774.
LaTeX Info: Redefining \% on input line 4774.
[106]
Overfull \hbox (19.80492pt too wide) in paragraph at lines 4815--4816
[]\T1/cmr/bx/n/10.95 Por quÈ es im-por-tan-te\T1/cmr/m/n/10.95 : Pa-ra en-ten-d
er CAM-BIO, DE-SA-RRO-LLO, TRA-YEC-TO-RIA^^Vnecesitas
 []



LaTeX Info: Redefining \. on input line 4820.
LaTeX Info: Redefining \% on input line 4820.
[107]
Overfull \hbox (29.03009pt too wide) in paragraph at lines 4826--4827
[]\T1/cmr/m/n/10.95 Reclutamiento: adul-tos 25-65, diag-nos-ti-ca-dos y no diag
-nos-ti-ca-dos, di-ver-si-dad de cla-se/raza/gÈnero 
 []



LaTeX Info: Redefining \. on input line 4867.
LaTeX Info: Redefining \% on input line 4867.
[108]
Overfull \hbox (16.2759pt too wide) in paragraph at lines 4921--4921
|[]\T1/cmr/bx/n/17.28 PARTE II: PRO-PUES-TAS DE IN-VES-TI-GA-CI”N
 []



LaTeX Info: Redefining \. on input line 4924.
LaTeX Info: Redefining \% on input line 4924.
[109]

LaTeX Info: Redefining \. on input line 4974.
LaTeX Info: Redefining \% on input line 4974.
[110]

LaTeX Info: Redefining \. on input line 5022.
LaTeX Info: Redefining \% on input line 5022.
[111]

LaTeX Info: Redefining \. on input line 5072.
LaTeX Info: Redefining \% on input line 5072.
[112]

LaTeX Info: Redefining \. on input line 5113.
LaTeX Info: Redefining \% on input line 5113.
[113]

LaTeX Info: Redefining \. on input line 5160.
LaTeX Info: Redefining \% on input line 5160.
[114]

LaTeX Info: Redefining \. on input line 5205.
LaTeX Info: Redefining \% on input line 5205.
[115]

LaTeX Info: Redefining \. on input line 5246.
LaTeX Info: Redefining \% on input line 5246.
[116]
Cap\'{\i }tulo 11.


[117

]

LaTeX Info: Redefining \. on input line 5335.
LaTeX Info: Redefining \% on input line 5335.
[118]

LaTeX Info: Redefining \. on input line 5391.
LaTeX Info: Redefining \% on input line 5391.
[119]

LaTeX Info: Redefining \. on input line 5455.
LaTeX Info: Redefining \% on input line 5455.
[120]

LaTeX Info: Redefining \. on input line 5539.
LaTeX Info: Redefining \% on input line 5539.
[121]

LaTeX Info: Redefining \. on input line 5598.
LaTeX Info: Redefining \% on input line 5598.
[122]

LaTeX Info: Redefining \. on input line 5651.
LaTeX Info: Redefining \% on input line 5651.
[123]

LaTeX Info: Redefining \. on input line 5694.
LaTeX Info: Redefining \% on input line 5694.
[124]
Cap\'{\i }tulo 12.


[125

]

LaTeX Info: Redefining \. on input line 5801.
LaTeX Info: Redefining \% on input line 5801.
[126]

LaTeX Info: Redefining \. on input line 5848.
LaTeX Info: Redefining \% on input line 5848.
[127]

LaTeX Info: Redefining \. on input line 5898.
LaTeX Info: Redefining \% on input line 5898.
[128]

LaTeX Info: Redefining \. on input line 5955.
LaTeX Info: Redefining \% on input line 5955.
[129]

LaTeX Info: Redefining \. on input line 6007.
LaTeX Info: Redefining \% on input line 6007.
[130]

LaTeX Info: Redefining \. on input line 6057.
LaTeX Info: Redefining \% on input line 6057.
[131]

LaTeX Info: Redefining \. on input line 6110.
LaTeX Info: Redefining \% on input line 6110.
[132]
Overfull \hbox (8.86542pt too wide) in paragraph at lines 6169--6169
|[]\T1/cmr/bx/n/17.28 PARTE V: MAR-CO NOR-MA-TI-VO - RE-FE-REN-
 []



LaTeX Info: Redefining \. on input line 6171.
LaTeX Info: Redefining \% on input line 6171.
[133]
Overfull \hbox (15.65663pt too wide) in paragraph at lines 6180--6181
[]\T1/cmr/bx/n/10.95 FundaciÛn El Mun-do del Su-per-do-ta-do\T1/cmr/m/n/10.95 :
 https://www.fundacionelmundodelsuperdotado.es 
 []



LaTeX Info: Redefining \. on input line 6222.
LaTeX Info: Redefining \% on input line 6222.
[134]

LaTeX Info: Redefining \. on input line 6247.
LaTeX Info: Redefining \% on input line 6247.
[135]
Cap\'{\i }tulo 13.

Overfull \hbox (12.32184pt too wide) in paragraph at lines 6250--6250
|\T1/cmr/bx/n/24.88 Relaciones Õn-ti-mas y So-cia-les en la Adul-
 []



[136

]

LaTeX Info: Redefining \. on input line 6334.
LaTeX Info: Redefining \% on input line 6334.
[137]
Overfull \hbox (8.38345pt too wide) in paragraph at lines 6357--6358
\T1/cmr/m/n/10.95 nes. Pe-ro en co-sas cla-ve^^Vvalores, sen-ti-do del hu-mor, 
cier-ta sen-si-bi-li-dad emo-cio-nal^^Vnecesit·is
 []



LaTeX Info: Redefining \. on input line 6382.
LaTeX Info: Redefining \% on input line 6382.
[138]

LaTeX Info: Redefining \. on input line 6436.
LaTeX Info: Redefining \% on input line 6436.
[139]

LaTeX Info: Redefining \. on input line 6486.
LaTeX Info: Redefining \% on input line 6486.
[140]

LaTeX Info: Redefining \. on input line 6543.
LaTeX Info: Redefining \% on input line 6543.
[141]

LaTeX Info: Redefining \. on input line 6603.
LaTeX Info: Redefining \% on input line 6603.
[142]

LaTeX Info: Redefining \. on input line 6658.
LaTeX Info: Redefining \% on input line 6658.
[143]
Overfull \hbox (1.09413pt too wide) in paragraph at lines 6687--6687
|[]\T1/cmr/bx/n/17.28 PARTE IV: RE-CUR-SOS Y ES-TRA-TE-GIAS PA-
 []



LaTeX Info: Redefining \. on input line 6713.
LaTeX Info: Redefining \% on input line 6713.
[144]
Overfull \hbox (10.333pt too wide) in paragraph at lines 6736--6736
|[]\T1/cmr/bx/n/17.28 PARTE V: RE-FLE-XIO-NES Y PRE-GUN-TAS PA-
 []



LaTeX Info: Redefining \. on input line 6770.
LaTeX Info: Redefining \% on input line 6770.
[145]

LaTeX Info: Redefining \. on input line 6815.
LaTeX Info: Redefining \% on input line 6815.
[146]

LaTeX Info: Redefining \. on input line 6837.
LaTeX Info: Redefining \% on input line 6837.
[147]
Cap\'{\i }tulo 14.

Overfull \hbox (26.94815pt too wide) in paragraph at lines 6840--6840
|\T1/cmr/bx/n/24.88 Sobreexcitabilidad Emo-cio-nal y Da-brows-
 []



[148

]

LaTeX Info: Redefining \. on input line 6914.
LaTeX Info: Redefining \% on input line 6914.
[149]

LaTeX Info: Redefining \. on input line 6956.
LaTeX Info: Redefining \% on input line 6956.
[150]

LaTeX Info: Redefining \. on input line 7003.
LaTeX Info: Redefining \% on input line 7003.
[151]

LaTeX Info: Redefining \. on input line 7050.
LaTeX Info: Redefining \% on input line 7050.
[152]
Overfull \hbox (4.91493pt too wide) in paragraph at lines 7059--7059
|[]\T1/cmr/bx/n/17.28 PARTE III: EJER-CI-CIOS PR¡C-TI-COS DE AU-
 []



LaTeX Info: Redefining \. on input line 7097.
LaTeX Info: Redefining \% on input line 7097.
[153]

LaTeX Info: Redefining \. on input line 7140.
LaTeX Info: Redefining \% on input line 7140.
[154]

LaTeX Info: Redefining \. on input line 7203.
LaTeX Info: Redefining \% on input line 7203.
[155]

LaTeX Info: Redefining \. on input line 7216.
LaTeX Info: Redefining \% on input line 7216.
[156]
Cap\'{\i }tulo 15.


[157

]
Overfull \hbox (37.43086pt too wide) in paragraph at lines 7300--7300
|[]\T1/cmr/bx/n/14.4 Parte 2: La Cri-sis de Elec-ciÛn de Ca-rre-ra^^VMultipoten
cialidad
 []



LaTeX Info: Redefining \. on input line 7306.
LaTeX Info: Redefining \% on input line 7306.
[158]

LaTeX Info: Redefining \. on input line 7366.
LaTeX Info: Redefining \% on input line 7366.
[159]

LaTeX Info: Redefining \. on input line 7414.
LaTeX Info: Redefining \% on input line 7414.
[160]

LaTeX Info: Redefining \. on input line 7465.
LaTeX Info: Redefining \% on input line 7465.
[161]
Overfull \hbox (24.94315pt too wide) in paragraph at lines 7476--7477
[]\T1/cmr/bx/n/10.95 Full-time en una em-pre-sa que va-lo-ra su-per-do-ta-dos \
T1/cmr/m/n/10.95 (BB-VA, Goo-gle, star-tups tech^^Vlugares
 []



LaTeX Info: Redefining \. on input line 7516.
LaTeX Info: Redefining \% on input line 7516.
[162]

LaTeX Info: Redefining \. on input line 7575.
LaTeX Info: Redefining \% on input line 7575.
[163]

LaTeX Info: Redefining \. on input line 7629.
LaTeX Info: Redefining \% on input line 7629.
[164]
Overfull \hbox (10.04634pt too wide) in paragraph at lines 7649--7649
|[]\T1/cmr/bx/n/17.28 PARTE IV: OR-GA-NI-ZA-CIO-NES QUE EN-TIEN-
 []



LaTeX Info: Redefining \. on input line 7675.
LaTeX Info: Redefining \% on input line 7675.
[165]

LaTeX Info: Redefining \. on input line 7725.
LaTeX Info: Redefining \% on input line 7725.
[166] (charlas_completas_mejorado.aux
LaTeX Info: Redefining \. on input line 11.
LaTeX Info: Redefining \% on input line 11.
)
 ***********
LaTeX2e <2025-06-01> patch level 1
L3 programming layer <2025-10-09>
 ***********
Package rerunfilecheck Info: File `charlas_completas_mejorado.out' has not chan
ged.
(rerunfilecheck)             Checksum: 0755DB54014EEFC6069B291329D912CB;89954.
 ) 
Here is how much of TeX's memory you used:
 13431 strings out of 468080
 209092 string characters out of 5425772
 654619 words of memory out of 5000000
 41215 multiletter control sequences out of 15000+600000
 643264 words of font info for 70 fonts, out of 8000000 for 9000
 1141 hyphenation exceptions out of 8191
 75i,13n,92p,1157b,862s stack positions out of 10000i,1000n,20000p,200000b,200000s
 <C:\Users\devin\AppData\Local\MiKTeX\fonts/pk/ljfour/jknappen/ec/dpi600\ecti
1095.pk> <C:\Users\devin\AppData\Local\MiKTeX\fonts/pk/ljfour/jknappen/ec/dpi60
0\tcrm1095.pk> <C:\Users\devin\AppData\Local\MiKTeX\fonts/pk/ljfour/jknappen/ec
/dpi600\ecrm0600.pk> <C:\Users\devin\AppData\Local\MiKTeX\fonts/pk/ljfour/jknap
pen/ec/dpi600\ecbx1095.pk> <C:\Users\devin\AppData\Local\MiKTeX\fonts/pk/ljfour
/jknappen/ec/dpi600\ecti1200.pk> <C:\Users\devin\AppData\Local\MiKTeX\fonts/pk/
ljfour/jknappen/ec/dpi600\ecbx1440.pk> <C:\Users\devin\AppData\Local\MiKTeX\fon
ts/pk/ljfour/jknappen/ec/dpi600\ecbx1728.pk> <C:\Users\devin\AppData\Local\MiKT
eX\fonts/pk/ljfour/jknappen/ec/dpi600\ecrm1095.pk> <C:\Users\devin\AppData\Loca
l\MiKTeX\fonts/pk/ljfour/jknappen/ec/dpi600\ecrm1200.pk> <C:\Users\devin\AppDat
a\Local\MiKTeX\fonts/pk/ljfour/jknappen/ec/dpi600\ecbx1200.pk> <C:\Users\devin\
AppData\Local\MiKTeX\fonts/pk/ljfour/jknappen/ec/dpi600\ecrm1440.pk> <C:\Users\
devin\AppData\Local\MiKTeX\fonts/pk/ljfour/jknappen/ec/dpi600\ecbx2488.pk><C:/U
sers/devin/AppData/Local/Programs/MiKTeX/fonts/type1/public/amsfonts/cm/cmr10.p
fb><C:/Users/devin/AppData/Local/Programs/MiKTeX/fonts/type1/public/amsfonts/cm
/cmr12.pfb><C:/Users/devin/AppData/Local/Programs/MiKTeX/fonts/type1/public/ams
fonts/cm/cmsy10.pfb>
Output written on charlas_completas_mejorado.pdf (167 pages, 989174 bytes).
PDF statistics:
 3627 PDF objects out of 4296 (max. 8388607)
 745 named destinations out of 1000 (max. 500000)
 2849 words of extra memory for PDF output out of 10000 (max. 10000000)

